Linked: (/home/dan/dan_ws/devel/.private/cob_3d_mapping_msgs/lib/python2.7/dist-packages/cob_3d_mapping_msgs/__init__.py, /home/dan/dan_ws/devel/lib/python2.7/dist-packages/cob_3d_mapping_msgs/__init__.py)
Linked: (/home/dan/dan_ws/devel/.private/cob_3d_mapping_msgs/lib/python2.7/dist-packages/cob_3d_mapping_msgs/srv/_MoveToTable.py, /home/dan/dan_ws/devel/lib/python2.7/dist-packages/cob_3d_mapping_msgs/srv/_MoveToTable.py)
Linked: (/home/dan/dan_ws/devel/.private/cob_3d_mapping_msgs/lib/python2.7/dist-packages/cob_3d_mapping_msgs/srv/_GetGeometryMap.py, /home/dan/dan_ws/devel/lib/python2.7/dist-packages/cob_3d_mapping_msgs/srv/_GetGeometryMap.py)
Linked: (/home/dan/dan_ws/devel/.private/cob_3d_mapping_msgs/lib/python2.7/dist-packages/cob_3d_mapping_msgs/srv/_UpdateMap.py, /home/dan/dan_ws/devel/lib/python2.7/dist-packages/cob_3d_mapping_msgs/srv/_UpdateMap.py)
Linked: (/home/dan/dan_ws/devel/.private/cob_3d_mapping_msgs/lib/python2.7/dist-packages/cob_3d_mapping_msgs/srv/_GetPointMap.py, /home/dan/dan_ws/devel/lib/python2.7/dist-packages/cob_3d_mapping_msgs/srv/_GetPointMap.py)
Linked: (/home/dan/dan_ws/devel/.private/cob_3d_mapping_msgs/lib/python2.7/dist-packages/cob_3d_mapping_msgs/srv/_SetBoundingBoxes.py, /home/dan/dan_ws/devel/lib/python2.7/dist-packages/cob_3d_mapping_msgs/srv/_SetBoundingBoxes.py)
Linked: (/home/dan/dan_ws/devel/.private/cob_3d_mapping_msgs/lib/python2.7/dist-packages/cob_3d_mapping_msgs/srv/_GetBoundingBoxes.py, /home/dan/dan_ws/devel/lib/python2.7/dist-packages/cob_3d_mapping_msgs/srv/_GetBoundingBoxes.py)
Linked: (/home/dan/dan_ws/devel/.private/cob_3d_mapping_msgs/lib/python2.7/dist-packages/cob_3d_mapping_msgs/srv/_SetGeometryMap.py, /home/dan/dan_ws/devel/lib/python2.7/dist-packages/cob_3d_mapping_msgs/srv/_SetGeometryMap.py)
Linked: (/home/dan/dan_ws/devel/.private/cob_3d_mapping_msgs/lib/python2.7/dist-packages/cob_3d_mapping_msgs/srv/_GetPlane.py, /home/dan/dan_ws/devel/lib/python2.7/dist-packages/cob_3d_mapping_msgs/srv/_GetPlane.py)
Linked: (/home/dan/dan_ws/devel/.private/cob_3d_mapping_msgs/lib/python2.7/dist-packages/cob_3d_mapping_msgs/srv/__init__.py, /home/dan/dan_ws/devel/lib/python2.7/dist-packages/cob_3d_mapping_msgs/srv/__init__.py)
Linked: (/home/dan/dan_ws/devel/.private/cob_3d_mapping_msgs/lib/python2.7/dist-packages/cob_3d_mapping_msgs/srv/_GetApproachPoseForPolygon.py, /home/dan/dan_ws/devel/lib/python2.7/dist-packages/cob_3d_mapping_msgs/srv/_GetApproachPoseForPolygon.py)
Linked: (/home/dan/dan_ws/devel/.private/cob_3d_mapping_msgs/lib/python2.7/dist-packages/cob_3d_mapping_msgs/srv/_GetTables.py, /home/dan/dan_ws/devel/lib/python2.7/dist-packages/cob_3d_mapping_msgs/srv/_GetTables.py)
Linked: (/home/dan/dan_ws/devel/.private/cob_3d_mapping_msgs/lib/python2.7/dist-packages/cob_3d_mapping_msgs/srv/_ModifyMap.py, /home/dan/dan_ws/devel/lib/python2.7/dist-packages/cob_3d_mapping_msgs/srv/_ModifyMap.py)
Linked: (/home/dan/dan_ws/devel/.private/cob_3d_mapping_msgs/lib/python2.7/dist-packages/cob_3d_mapping_msgs/srv/_SetPointMap.py, /home/dan/dan_ws/devel/lib/python2.7/dist-packages/cob_3d_mapping_msgs/srv/_SetPointMap.py)
Linked: (/home/dan/dan_ws/devel/.private/cob_3d_mapping_msgs/lib/python2.7/dist-packages/cob_3d_mapping_msgs/srv/_GetObjectsOfClass.py, /home/dan/dan_ws/devel/lib/python2.7/dist-packages/cob_3d_mapping_msgs/srv/_GetObjectsOfClass.py)
Linked: (/home/dan/dan_ws/devel/.private/cob_3d_mapping_msgs/lib/python2.7/dist-packages/cob_3d_mapping_msgs/msg/_PlaneExtractionFeedback.py, /home/dan/dan_ws/devel/lib/python2.7/dist-packages/cob_3d_mapping_msgs/msg/_PlaneExtractionFeedback.py)
Linked: (/home/dan/dan_ws/devel/.private/cob_3d_mapping_msgs/lib/python2.7/dist-packages/cob_3d_mapping_msgs/msg/_TableObjectClusterActionGoal.py, /home/dan/dan_ws/devel/lib/python2.7/dist-packages/cob_3d_mapping_msgs/msg/_TableObjectClusterActionGoal.py)
Linked: (/home/dan/dan_ws/devel/.private/cob_3d_mapping_msgs/lib/python2.7/dist-packages/cob_3d_mapping_msgs/msg/_Plane.py, /home/dan/dan_ws/devel/lib/python2.7/dist-packages/cob_3d_mapping_msgs/msg/_Plane.py)
Linked: (/home/dan/dan_ws/devel/.private/cob_3d_mapping_msgs/lib/python2.7/dist-packages/cob_3d_mapping_msgs/msg/_ShapeArray.py, /home/dan/dan_ws/devel/lib/python2.7/dist-packages/cob_3d_mapping_msgs/msg/_ShapeArray.py)
Linked: (/home/dan/dan_ws/devel/.private/cob_3d_mapping_msgs/lib/python2.7/dist-packages/cob_3d_mapping_msgs/msg/_PlaneExtractionActionResult.py, /home/dan/dan_ws/devel/lib/python2.7/dist-packages/cob_3d_mapping_msgs/msg/_PlaneExtractionActionResult.py)
Linked: (/home/dan/dan_ws/devel/.private/cob_3d_mapping_msgs/lib/python2.7/dist-packages/cob_3d_mapping_msgs/msg/_TriggerAction.py, /home/dan/dan_ws/devel/lib/python2.7/dist-packages/cob_3d_mapping_msgs/msg/_TriggerAction.py)
Linked: (/home/dan/dan_ws/devel/.private/cob_3d_mapping_msgs/lib/python2.7/dist-packages/cob_3d_mapping_msgs/msg/_Point2D.py, /home/dan/dan_ws/devel/lib/python2.7/dist-packages/cob_3d_mapping_msgs/msg/_Point2D.py)
Linked: (/home/dan/dan_ws/devel/.private/cob_3d_mapping_msgs/lib/python2.7/dist-packages/cob_3d_mapping_msgs/msg/_Shape.py, /home/dan/dan_ws/devel/lib/python2.7/dist-packages/cob_3d_mapping_msgs/msg/_Shape.py)
Linked: (/home/dan/dan_ws/devel/.private/cob_3d_mapping_msgs/lib/python2.7/dist-packages/cob_3d_mapping_msgs/msg/_CurvedPolygonArray.py, /home/dan/dan_ws/devel/lib/python2.7/dist-packages/cob_3d_mapping_msgs/msg/_CurvedPolygonArray.py)
Linked: (/home/dan/dan_ws/devel/.private/cob_3d_mapping_msgs/lib/python2.7/dist-packages/cob_3d_mapping_msgs/msg/_TableObjectClusterGoal.py, /home/dan/dan_ws/devel/lib/python2.7/dist-packages/cob_3d_mapping_msgs/msg/_TableObjectClusterGoal.py)
Linked: (/home/dan/dan_ws/devel/.private/cob_3d_mapping_msgs/lib/python2.7/dist-packages/cob_3d_mapping_msgs/msg/_TableObjectClusterActionFeedback.py, /home/dan/dan_ws/devel/lib/python2.7/dist-packages/cob_3d_mapping_msgs/msg/_TableObjectClusterActionFeedback.py)
Linked: (/home/dan/dan_ws/devel/.private/cob_3d_mapping_msgs/lib/python2.7/dist-packages/cob_3d_mapping_msgs/msg/_TriggerActionFeedback.py, /home/dan/dan_ws/devel/lib/python2.7/dist-packages/cob_3d_mapping_msgs/msg/_TriggerActionFeedback.py)
Linked: (/home/dan/dan_ws/devel/.private/cob_3d_mapping_msgs/lib/python2.7/dist-packages/cob_3d_mapping_msgs/msg/_TriggerFeedback.py, /home/dan/dan_ws/devel/lib/python2.7/dist-packages/cob_3d_mapping_msgs/msg/_TriggerFeedback.py)
Linked: (/home/dan/dan_ws/devel/.private/cob_3d_mapping_msgs/lib/python2.7/dist-packages/cob_3d_mapping_msgs/msg/_PolylinePoint.py, /home/dan/dan_ws/devel/lib/python2.7/dist-packages/cob_3d_mapping_msgs/msg/_PolylinePoint.py)
Linked: (/home/dan/dan_ws/devel/.private/cob_3d_mapping_msgs/lib/python2.7/dist-packages/cob_3d_mapping_msgs/msg/_TableObjectClusterActionResult.py, /home/dan/dan_ws/devel/lib/python2.7/dist-packages/cob_3d_mapping_msgs/msg/_TableObjectClusterActionResult.py)
Linked: (/home/dan/dan_ws/devel/.private/cob_3d_mapping_msgs/lib/python2.7/dist-packages/cob_3d_mapping_msgs/msg/_PlaneExtractionActionGoal.py, /home/dan/dan_ws/devel/lib/python2.7/dist-packages/cob_3d_mapping_msgs/msg/_PlaneExtractionActionGoal.py)
Linked: (/home/dan/dan_ws/devel/.private/cob_3d_mapping_msgs/lib/python2.7/dist-packages/cob_3d_mapping_msgs/msg/_PlaneExtractionGoal.py, /home/dan/dan_ws/devel/lib/python2.7/dist-packages/cob_3d_mapping_msgs/msg/_PlaneExtractionGoal.py)
Linked: (/home/dan/dan_ws/devel/.private/cob_3d_mapping_msgs/lib/python2.7/dist-packages/cob_3d_mapping_msgs/msg/__init__.py, /home/dan/dan_ws/devel/lib/python2.7/dist-packages/cob_3d_mapping_msgs/msg/__init__.py)
Linked: (/home/dan/dan_ws/devel/.private/cob_3d_mapping_msgs/lib/python2.7/dist-packages/cob_3d_mapping_msgs/msg/_FilterObject.py, /home/dan/dan_ws/devel/lib/python2.7/dist-packages/cob_3d_mapping_msgs/msg/_FilterObject.py)
Linked: (/home/dan/dan_ws/devel/.private/cob_3d_mapping_msgs/lib/python2.7/dist-packages/cob_3d_mapping_msgs/msg/_SimilarityScore.py, /home/dan/dan_ws/devel/lib/python2.7/dist-packages/cob_3d_mapping_msgs/msg/_SimilarityScore.py)
Linked: (/home/dan/dan_ws/devel/.private/cob_3d_mapping_msgs/lib/python2.7/dist-packages/cob_3d_mapping_msgs/msg/_TableObjectClusterResult.py, /home/dan/dan_ws/devel/lib/python2.7/dist-packages/cob_3d_mapping_msgs/msg/_TableObjectClusterResult.py)
Linked: (/home/dan/dan_ws/devel/.private/cob_3d_mapping_msgs/lib/python2.7/dist-packages/cob_3d_mapping_msgs/msg/_TriggerActionGoal.py, /home/dan/dan_ws/devel/lib/python2.7/dist-packages/cob_3d_mapping_msgs/msg/_TriggerActionGoal.py)
Linked: (/home/dan/dan_ws/devel/.private/cob_3d_mapping_msgs/lib/python2.7/dist-packages/cob_3d_mapping_msgs/msg/_TableObjectClusterFeedback.py, /home/dan/dan_ws/devel/lib/python2.7/dist-packages/cob_3d_mapping_msgs/msg/_TableObjectClusterFeedback.py)
Linked: (/home/dan/dan_ws/devel/.private/cob_3d_mapping_msgs/lib/python2.7/dist-packages/cob_3d_mapping_msgs/msg/_PlaneExtractionResult.py, /home/dan/dan_ws/devel/lib/python2.7/dist-packages/cob_3d_mapping_msgs/msg/_PlaneExtractionResult.py)
Linked: (/home/dan/dan_ws/devel/.private/cob_3d_mapping_msgs/lib/python2.7/dist-packages/cob_3d_mapping_msgs/msg/_PlaneScene.py, /home/dan/dan_ws/devel/lib/python2.7/dist-packages/cob_3d_mapping_msgs/msg/_PlaneScene.py)
Linked: (/home/dan/dan_ws/devel/.private/cob_3d_mapping_msgs/lib/python2.7/dist-packages/cob_3d_mapping_msgs/msg/_TriggerGoal.py, /home/dan/dan_ws/devel/lib/python2.7/dist-packages/cob_3d_mapping_msgs/msg/_TriggerGoal.py)
Linked: (/home/dan/dan_ws/devel/.private/cob_3d_mapping_msgs/lib/python2.7/dist-packages/cob_3d_mapping_msgs/msg/_TriggerResult.py, /home/dan/dan_ws/devel/lib/python2.7/dist-packages/cob_3d_mapping_msgs/msg/_TriggerResult.py)
Linked: (/home/dan/dan_ws/devel/.private/cob_3d_mapping_msgs/lib/python2.7/dist-packages/cob_3d_mapping_msgs/msg/_Polygon.py, /home/dan/dan_ws/devel/lib/python2.7/dist-packages/cob_3d_mapping_msgs/msg/_Polygon.py)
Linked: (/home/dan/dan_ws/devel/.private/cob_3d_mapping_msgs/lib/python2.7/dist-packages/cob_3d_mapping_msgs/msg/_Feature.py, /home/dan/dan_ws/devel/lib/python2.7/dist-packages/cob_3d_mapping_msgs/msg/_Feature.py)
Linked: (/home/dan/dan_ws/devel/.private/cob_3d_mapping_msgs/lib/python2.7/dist-packages/cob_3d_mapping_msgs/msg/_TableObjectClusterAction.py, /home/dan/dan_ws/devel/lib/python2.7/dist-packages/cob_3d_mapping_msgs/msg/_TableObjectClusterAction.py)
Linked: (/home/dan/dan_ws/devel/.private/cob_3d_mapping_msgs/lib/python2.7/dist-packages/cob_3d_mapping_msgs/msg/_PlaneExtractionActionFeedback.py, /home/dan/dan_ws/devel/lib/python2.7/dist-packages/cob_3d_mapping_msgs/msg/_PlaneExtractionActionFeedback.py)
Linked: (/home/dan/dan_ws/devel/.private/cob_3d_mapping_msgs/lib/python2.7/dist-packages/cob_3d_mapping_msgs/msg/_PlaneExtractionAction.py, /home/dan/dan_ws/devel/lib/python2.7/dist-packages/cob_3d_mapping_msgs/msg/_PlaneExtractionAction.py)
Linked: (/home/dan/dan_ws/devel/.private/cob_3d_mapping_msgs/lib/python2.7/dist-packages/cob_3d_mapping_msgs/msg/_TriggerActionResult.py, /home/dan/dan_ws/devel/lib/python2.7/dist-packages/cob_3d_mapping_msgs/msg/_TriggerActionResult.py)
Linked: (/home/dan/dan_ws/devel/.private/cob_3d_mapping_msgs/lib/python2.7/dist-packages/cob_3d_mapping_msgs/msg/_CurvedPolygon.py, /home/dan/dan_ws/devel/lib/python2.7/dist-packages/cob_3d_mapping_msgs/msg/_CurvedPolygon.py)
Linked: (/home/dan/dan_ws/devel/.private/cob_3d_mapping_msgs/lib/pkgconfig/cob_3d_mapping_msgs.pc, /home/dan/dan_ws/devel/lib/pkgconfig/cob_3d_mapping_msgs.pc)
Linked: (/home/dan/dan_ws/devel/.private/cob_3d_mapping_msgs/share/cob_3d_mapping_msgs/cmake/cob_3d_mapping_msgs-msg-extras.cmake, /home/dan/dan_ws/devel/share/cob_3d_mapping_msgs/cmake/cob_3d_mapping_msgs-msg-extras.cmake)
Linked: (/home/dan/dan_ws/devel/.private/cob_3d_mapping_msgs/share/cob_3d_mapping_msgs/cmake/cob_3d_mapping_msgsConfig.cmake, /home/dan/dan_ws/devel/share/cob_3d_mapping_msgs/cmake/cob_3d_mapping_msgsConfig.cmake)
Linked: (/home/dan/dan_ws/devel/.private/cob_3d_mapping_msgs/share/cob_3d_mapping_msgs/cmake/cob_3d_mapping_msgsConfig-version.cmake, /home/dan/dan_ws/devel/share/cob_3d_mapping_msgs/cmake/cob_3d_mapping_msgsConfig-version.cmake)
Linked: (/home/dan/dan_ws/devel/.private/cob_3d_mapping_msgs/share/cob_3d_mapping_msgs/cmake/cob_3d_mapping_msgs-msg-paths.cmake, /home/dan/dan_ws/devel/share/cob_3d_mapping_msgs/cmake/cob_3d_mapping_msgs-msg-paths.cmake)
Linked: (/home/dan/dan_ws/devel/.private/cob_3d_mapping_msgs/share/cob_3d_mapping_msgs/msg/TableObjectClusterAction.msg, /home/dan/dan_ws/devel/share/cob_3d_mapping_msgs/msg/TableObjectClusterAction.msg)
Linked: (/home/dan/dan_ws/devel/.private/cob_3d_mapping_msgs/share/cob_3d_mapping_msgs/msg/TableObjectClusterResult.msg, /home/dan/dan_ws/devel/share/cob_3d_mapping_msgs/msg/TableObjectClusterResult.msg)
Linked: (/home/dan/dan_ws/devel/.private/cob_3d_mapping_msgs/share/cob_3d_mapping_msgs/msg/TableObjectClusterActionFeedback.msg, /home/dan/dan_ws/devel/share/cob_3d_mapping_msgs/msg/TableObjectClusterActionFeedback.msg)
Linked: (/home/dan/dan_ws/devel/.private/cob_3d_mapping_msgs/share/cob_3d_mapping_msgs/msg/TableObjectClusterFeedback.msg, /home/dan/dan_ws/devel/share/cob_3d_mapping_msgs/msg/TableObjectClusterFeedback.msg)
Linked: (/home/dan/dan_ws/devel/.private/cob_3d_mapping_msgs/share/cob_3d_mapping_msgs/msg/TriggerAction.msg, /home/dan/dan_ws/devel/share/cob_3d_mapping_msgs/msg/TriggerAction.msg)
Linked: (/home/dan/dan_ws/devel/.private/cob_3d_mapping_msgs/share/cob_3d_mapping_msgs/msg/TriggerFeedback.msg, /home/dan/dan_ws/devel/share/cob_3d_mapping_msgs/msg/TriggerFeedback.msg)
Linked: (/home/dan/dan_ws/devel/.private/cob_3d_mapping_msgs/share/cob_3d_mapping_msgs/msg/PlaneExtractionActionGoal.msg, /home/dan/dan_ws/devel/share/cob_3d_mapping_msgs/msg/PlaneExtractionActionGoal.msg)
Linked: (/home/dan/dan_ws/devel/.private/cob_3d_mapping_msgs/share/cob_3d_mapping_msgs/msg/TriggerActionFeedback.msg, /home/dan/dan_ws/devel/share/cob_3d_mapping_msgs/msg/TriggerActionFeedback.msg)
Linked: (/home/dan/dan_ws/devel/.private/cob_3d_mapping_msgs/share/cob_3d_mapping_msgs/msg/PlaneExtractionActionFeedback.msg, /home/dan/dan_ws/devel/share/cob_3d_mapping_msgs/msg/PlaneExtractionActionFeedback.msg)
Linked: (/home/dan/dan_ws/devel/.private/cob_3d_mapping_msgs/share/cob_3d_mapping_msgs/msg/TableObjectClusterActionGoal.msg, /home/dan/dan_ws/devel/share/cob_3d_mapping_msgs/msg/TableObjectClusterActionGoal.msg)
Linked: (/home/dan/dan_ws/devel/.private/cob_3d_mapping_msgs/share/cob_3d_mapping_msgs/msg/PlaneExtractionFeedback.msg, /home/dan/dan_ws/devel/share/cob_3d_mapping_msgs/msg/PlaneExtractionFeedback.msg)
Linked: (/home/dan/dan_ws/devel/.private/cob_3d_mapping_msgs/share/cob_3d_mapping_msgs/msg/PlaneExtractionAction.msg, /home/dan/dan_ws/devel/share/cob_3d_mapping_msgs/msg/PlaneExtractionAction.msg)
Linked: (/home/dan/dan_ws/devel/.private/cob_3d_mapping_msgs/share/cob_3d_mapping_msgs/msg/TableObjectClusterGoal.msg, /home/dan/dan_ws/devel/share/cob_3d_mapping_msgs/msg/TableObjectClusterGoal.msg)
Linked: (/home/dan/dan_ws/devel/.private/cob_3d_mapping_msgs/share/cob_3d_mapping_msgs/msg/PlaneExtractionGoal.msg, /home/dan/dan_ws/devel/share/cob_3d_mapping_msgs/msg/PlaneExtractionGoal.msg)
Linked: (/home/dan/dan_ws/devel/.private/cob_3d_mapping_msgs/share/cob_3d_mapping_msgs/msg/TriggerActionGoal.msg, /home/dan/dan_ws/devel/share/cob_3d_mapping_msgs/msg/TriggerActionGoal.msg)
Linked: (/home/dan/dan_ws/devel/.private/cob_3d_mapping_msgs/share/cob_3d_mapping_msgs/msg/PlaneExtractionResult.msg, /home/dan/dan_ws/devel/share/cob_3d_mapping_msgs/msg/PlaneExtractionResult.msg)
Linked: (/home/dan/dan_ws/devel/.private/cob_3d_mapping_msgs/share/cob_3d_mapping_msgs/msg/TriggerGoal.msg, /home/dan/dan_ws/devel/share/cob_3d_mapping_msgs/msg/TriggerGoal.msg)
Linked: (/home/dan/dan_ws/devel/.private/cob_3d_mapping_msgs/share/cob_3d_mapping_msgs/msg/PlaneExtractionActionResult.msg, /home/dan/dan_ws/devel/share/cob_3d_mapping_msgs/msg/PlaneExtractionActionResult.msg)
Linked: (/home/dan/dan_ws/devel/.private/cob_3d_mapping_msgs/share/cob_3d_mapping_msgs/msg/TableObjectClusterActionResult.msg, /home/dan/dan_ws/devel/share/cob_3d_mapping_msgs/msg/TableObjectClusterActionResult.msg)
Linked: (/home/dan/dan_ws/devel/.private/cob_3d_mapping_msgs/share/cob_3d_mapping_msgs/msg/TriggerResult.msg, /home/dan/dan_ws/devel/share/cob_3d_mapping_msgs/msg/TriggerResult.msg)
Linked: (/home/dan/dan_ws/devel/.private/cob_3d_mapping_msgs/share/cob_3d_mapping_msgs/msg/TriggerActionResult.msg, /home/dan/dan_ws/devel/share/cob_3d_mapping_msgs/msg/TriggerActionResult.msg)
Linked: (/home/dan/dan_ws/devel/.private/cob_3d_mapping_msgs/share/common-lisp/ros/cob_3d_mapping_msgs/srv/_package_GetPlane.lisp, /home/dan/dan_ws/devel/share/common-lisp/ros/cob_3d_mapping_msgs/srv/_package_GetPlane.lisp)
Linked: (/home/dan/dan_ws/devel/.private/cob_3d_mapping_msgs/share/common-lisp/ros/cob_3d_mapping_msgs/srv/_package_GetObjectsOfClass.lisp, /home/dan/dan_ws/devel/share/common-lisp/ros/cob_3d_mapping_msgs/srv/_package_GetObjectsOfClass.lisp)
Linked: (/home/dan/dan_ws/devel/.private/cob_3d_mapping_msgs/share/common-lisp/ros/cob_3d_mapping_msgs/srv/GetBoundingBoxes.lisp, /home/dan/dan_ws/devel/share/common-lisp/ros/cob_3d_mapping_msgs/srv/GetBoundingBoxes.lisp)
Linked: (/home/dan/dan_ws/devel/.private/cob_3d_mapping_msgs/share/common-lisp/ros/cob_3d_mapping_msgs/srv/_package.lisp, /home/dan/dan_ws/devel/share/common-lisp/ros/cob_3d_mapping_msgs/srv/_package.lisp)
Linked: (/home/dan/dan_ws/devel/.private/cob_3d_mapping_msgs/share/common-lisp/ros/cob_3d_mapping_msgs/srv/_package_GetPointMap.lisp, /home/dan/dan_ws/devel/share/common-lisp/ros/cob_3d_mapping_msgs/srv/_package_GetPointMap.lisp)
Linked: (/home/dan/dan_ws/devel/.private/cob_3d_mapping_msgs/share/common-lisp/ros/cob_3d_mapping_msgs/srv/GetPointMap.lisp, /home/dan/dan_ws/devel/share/common-lisp/ros/cob_3d_mapping_msgs/srv/GetPointMap.lisp)
Linked: (/home/dan/dan_ws/devel/.private/cob_3d_mapping_msgs/share/common-lisp/ros/cob_3d_mapping_msgs/srv/_package_SetBoundingBoxes.lisp, /home/dan/dan_ws/devel/share/common-lisp/ros/cob_3d_mapping_msgs/srv/_package_SetBoundingBoxes.lisp)
Linked: (/home/dan/dan_ws/devel/.private/cob_3d_mapping_msgs/share/common-lisp/ros/cob_3d_mapping_msgs/srv/SetGeometryMap.lisp, /home/dan/dan_ws/devel/share/common-lisp/ros/cob_3d_mapping_msgs/srv/SetGeometryMap.lisp)
Linked: (/home/dan/dan_ws/devel/.private/cob_3d_mapping_msgs/share/common-lisp/ros/cob_3d_mapping_msgs/srv/ModifyMap.lisp, /home/dan/dan_ws/devel/share/common-lisp/ros/cob_3d_mapping_msgs/srv/ModifyMap.lisp)
Linked: (/home/dan/dan_ws/devel/.private/cob_3d_mapping_msgs/share/common-lisp/ros/cob_3d_mapping_msgs/srv/_package_SetPointMap.lisp, /home/dan/dan_ws/devel/share/common-lisp/ros/cob_3d_mapping_msgs/srv/_package_SetPointMap.lisp)
Linked: (/home/dan/dan_ws/devel/.private/cob_3d_mapping_msgs/share/common-lisp/ros/cob_3d_mapping_msgs/srv/GetApproachPoseForPolygon.lisp, /home/dan/dan_ws/devel/share/common-lisp/ros/cob_3d_mapping_msgs/srv/GetApproachPoseForPolygon.lisp)
Linked: (/home/dan/dan_ws/devel/.private/cob_3d_mapping_msgs/share/common-lisp/ros/cob_3d_mapping_msgs/srv/_package_UpdateMap.lisp, /home/dan/dan_ws/devel/share/common-lisp/ros/cob_3d_mapping_msgs/srv/_package_UpdateMap.lisp)
Linked: (/home/dan/dan_ws/devel/.private/cob_3d_mapping_msgs/share/common-lisp/ros/cob_3d_mapping_msgs/srv/GetTables.lisp, /home/dan/dan_ws/devel/share/common-lisp/ros/cob_3d_mapping_msgs/srv/GetTables.lisp)
Linked: (/home/dan/dan_ws/devel/.private/cob_3d_mapping_msgs/share/common-lisp/ros/cob_3d_mapping_msgs/srv/GetPlane.lisp, /home/dan/dan_ws/devel/share/common-lisp/ros/cob_3d_mapping_msgs/srv/GetPlane.lisp)
Linked: (/home/dan/dan_ws/devel/.private/cob_3d_mapping_msgs/share/common-lisp/ros/cob_3d_mapping_msgs/srv/SetPointMap.lisp, /home/dan/dan_ws/devel/share/common-lisp/ros/cob_3d_mapping_msgs/srv/SetPointMap.lisp)
Linked: (/home/dan/dan_ws/devel/.private/cob_3d_mapping_msgs/share/common-lisp/ros/cob_3d_mapping_msgs/srv/GetObjectsOfClass.lisp, /home/dan/dan_ws/devel/share/common-lisp/ros/cob_3d_mapping_msgs/srv/GetObjectsOfClass.lisp)
Linked: (/home/dan/dan_ws/devel/.private/cob_3d_mapping_msgs/share/common-lisp/ros/cob_3d_mapping_msgs/srv/MoveToTable.lisp, /home/dan/dan_ws/devel/share/common-lisp/ros/cob_3d_mapping_msgs/srv/MoveToTable.lisp)
Linked: (/home/dan/dan_ws/devel/.private/cob_3d_mapping_msgs/share/common-lisp/ros/cob_3d_mapping_msgs/srv/GetGeometryMap.lisp, /home/dan/dan_ws/devel/share/common-lisp/ros/cob_3d_mapping_msgs/srv/GetGeometryMap.lisp)
Linked: (/home/dan/dan_ws/devel/.private/cob_3d_mapping_msgs/share/common-lisp/ros/cob_3d_mapping_msgs/srv/_package_ModifyMap.lisp, /home/dan/dan_ws/devel/share/common-lisp/ros/cob_3d_mapping_msgs/srv/_package_ModifyMap.lisp)
Linked: (/home/dan/dan_ws/devel/.private/cob_3d_mapping_msgs/share/common-lisp/ros/cob_3d_mapping_msgs/srv/UpdateMap.lisp, /home/dan/dan_ws/devel/share/common-lisp/ros/cob_3d_mapping_msgs/srv/UpdateMap.lisp)
Linked: (/home/dan/dan_ws/devel/.private/cob_3d_mapping_msgs/share/common-lisp/ros/cob_3d_mapping_msgs/srv/SetBoundingBoxes.lisp, /home/dan/dan_ws/devel/share/common-lisp/ros/cob_3d_mapping_msgs/srv/SetBoundingBoxes.lisp)
Linked: (/home/dan/dan_ws/devel/.private/cob_3d_mapping_msgs/share/common-lisp/ros/cob_3d_mapping_msgs/srv/_package_GetGeometryMap.lisp, /home/dan/dan_ws/devel/share/common-lisp/ros/cob_3d_mapping_msgs/srv/_package_GetGeometryMap.lisp)
Linked: (/home/dan/dan_ws/devel/.private/cob_3d_mapping_msgs/share/common-lisp/ros/cob_3d_mapping_msgs/srv/cob_3d_mapping_msgs-srv.asd, /home/dan/dan_ws/devel/share/common-lisp/ros/cob_3d_mapping_msgs/srv/cob_3d_mapping_msgs-srv.asd)
Linked: (/home/dan/dan_ws/devel/.private/cob_3d_mapping_msgs/share/common-lisp/ros/cob_3d_mapping_msgs/srv/_package_GetTables.lisp, /home/dan/dan_ws/devel/share/common-lisp/ros/cob_3d_mapping_msgs/srv/_package_GetTables.lisp)
Linked: (/home/dan/dan_ws/devel/.private/cob_3d_mapping_msgs/share/common-lisp/ros/cob_3d_mapping_msgs/srv/_package_GetApproachPoseForPolygon.lisp, /home/dan/dan_ws/devel/share/common-lisp/ros/cob_3d_mapping_msgs/srv/_package_GetApproachPoseForPolygon.lisp)
Linked: (/home/dan/dan_ws/devel/.private/cob_3d_mapping_msgs/share/common-lisp/ros/cob_3d_mapping_msgs/srv/_package_GetBoundingBoxes.lisp, /home/dan/dan_ws/devel/share/common-lisp/ros/cob_3d_mapping_msgs/srv/_package_GetBoundingBoxes.lisp)
Linked: (/home/dan/dan_ws/devel/.private/cob_3d_mapping_msgs/share/common-lisp/ros/cob_3d_mapping_msgs/srv/_package_SetGeometryMap.lisp, /home/dan/dan_ws/devel/share/common-lisp/ros/cob_3d_mapping_msgs/srv/_package_SetGeometryMap.lisp)
Linked: (/home/dan/dan_ws/devel/.private/cob_3d_mapping_msgs/share/common-lisp/ros/cob_3d_mapping_msgs/srv/_package_MoveToTable.lisp, /home/dan/dan_ws/devel/share/common-lisp/ros/cob_3d_mapping_msgs/srv/_package_MoveToTable.lisp)
Linked: (/home/dan/dan_ws/devel/.private/cob_3d_mapping_msgs/share/common-lisp/ros/cob_3d_mapping_msgs/msg/FilterObject.lisp, /home/dan/dan_ws/devel/share/common-lisp/ros/cob_3d_mapping_msgs/msg/FilterObject.lisp)
Linked: (/home/dan/dan_ws/devel/.private/cob_3d_mapping_msgs/share/common-lisp/ros/cob_3d_mapping_msgs/msg/_package.lisp, /home/dan/dan_ws/devel/share/common-lisp/ros/cob_3d_mapping_msgs/msg/_package.lisp)
Linked: (/home/dan/dan_ws/devel/.private/cob_3d_mapping_msgs/share/common-lisp/ros/cob_3d_mapping_msgs/msg/_package_PlaneExtractionAction.lisp, /home/dan/dan_ws/devel/share/common-lisp/ros/cob_3d_mapping_msgs/msg/_package_PlaneExtractionAction.lisp)
Linked: (/home/dan/dan_ws/devel/.private/cob_3d_mapping_msgs/share/common-lisp/ros/cob_3d_mapping_msgs/msg/_package_PlaneExtractionActionFeedback.lisp, /home/dan/dan_ws/devel/share/common-lisp/ros/cob_3d_mapping_msgs/msg/_package_PlaneExtractionActionFeedback.lisp)
Linked: (/home/dan/dan_ws/devel/.private/cob_3d_mapping_msgs/share/common-lisp/ros/cob_3d_mapping_msgs/msg/_package_TableObjectClusterAction.lisp, /home/dan/dan_ws/devel/share/common-lisp/ros/cob_3d_mapping_msgs/msg/_package_TableObjectClusterAction.lisp)
Linked: (/home/dan/dan_ws/devel/.private/cob_3d_mapping_msgs/share/common-lisp/ros/cob_3d_mapping_msgs/msg/_package_Shape.lisp, /home/dan/dan_ws/devel/share/common-lisp/ros/cob_3d_mapping_msgs/msg/_package_Shape.lisp)
Linked: (/home/dan/dan_ws/devel/.private/cob_3d_mapping_msgs/share/common-lisp/ros/cob_3d_mapping_msgs/msg/PlaneExtractionFeedback.lisp, /home/dan/dan_ws/devel/share/common-lisp/ros/cob_3d_mapping_msgs/msg/PlaneExtractionFeedback.lisp)
Linked: (/home/dan/dan_ws/devel/.private/cob_3d_mapping_msgs/share/common-lisp/ros/cob_3d_mapping_msgs/msg/_package_Feature.lisp, /home/dan/dan_ws/devel/share/common-lisp/ros/cob_3d_mapping_msgs/msg/_package_Feature.lisp)
Linked: (/home/dan/dan_ws/devel/.private/cob_3d_mapping_msgs/share/common-lisp/ros/cob_3d_mapping_msgs/msg/cob_3d_mapping_msgs-msg.asd, /home/dan/dan_ws/devel/share/common-lisp/ros/cob_3d_mapping_msgs/msg/cob_3d_mapping_msgs-msg.asd)
Linked: (/home/dan/dan_ws/devel/.private/cob_3d_mapping_msgs/share/common-lisp/ros/cob_3d_mapping_msgs/msg/_package_TriggerFeedback.lisp, /home/dan/dan_ws/devel/share/common-lisp/ros/cob_3d_mapping_msgs/msg/_package_TriggerFeedback.lisp)
Linked: (/home/dan/dan_ws/devel/.private/cob_3d_mapping_msgs/share/common-lisp/ros/cob_3d_mapping_msgs/msg/_package_PlaneExtractionActionGoal.lisp, /home/dan/dan_ws/devel/share/common-lisp/ros/cob_3d_mapping_msgs/msg/_package_PlaneExtractionActionGoal.lisp)
Linked: (/home/dan/dan_ws/devel/.private/cob_3d_mapping_msgs/share/common-lisp/ros/cob_3d_mapping_msgs/msg/TableObjectClusterGoal.lisp, /home/dan/dan_ws/devel/share/common-lisp/ros/cob_3d_mapping_msgs/msg/TableObjectClusterGoal.lisp)
Linked: (/home/dan/dan_ws/devel/.private/cob_3d_mapping_msgs/share/common-lisp/ros/cob_3d_mapping_msgs/msg/PlaneExtractionAction.lisp, /home/dan/dan_ws/devel/share/common-lisp/ros/cob_3d_mapping_msgs/msg/PlaneExtractionAction.lisp)
Linked: (/home/dan/dan_ws/devel/.private/cob_3d_mapping_msgs/share/common-lisp/ros/cob_3d_mapping_msgs/msg/_package_TriggerResult.lisp, /home/dan/dan_ws/devel/share/common-lisp/ros/cob_3d_mapping_msgs/msg/_package_TriggerResult.lisp)
Linked: (/home/dan/dan_ws/devel/.private/cob_3d_mapping_msgs/share/common-lisp/ros/cob_3d_mapping_msgs/msg/_package_TriggerAction.lisp, /home/dan/dan_ws/devel/share/common-lisp/ros/cob_3d_mapping_msgs/msg/_package_TriggerAction.lisp)
Linked: (/home/dan/dan_ws/devel/.private/cob_3d_mapping_msgs/share/common-lisp/ros/cob_3d_mapping_msgs/msg/TableObjectClusterAction.lisp, /home/dan/dan_ws/devel/share/common-lisp/ros/cob_3d_mapping_msgs/msg/TableObjectClusterAction.lisp)
Linked: (/home/dan/dan_ws/devel/.private/cob_3d_mapping_msgs/share/common-lisp/ros/cob_3d_mapping_msgs/msg/TableObjectClusterFeedback.lisp, /home/dan/dan_ws/devel/share/common-lisp/ros/cob_3d_mapping_msgs/msg/TableObjectClusterFeedback.lisp)
Linked: (/home/dan/dan_ws/devel/.private/cob_3d_mapping_msgs/share/common-lisp/ros/cob_3d_mapping_msgs/msg/_package_PlaneExtractionActionResult.lisp, /home/dan/dan_ws/devel/share/common-lisp/ros/cob_3d_mapping_msgs/msg/_package_PlaneExtractionActionResult.lisp)
Linked: (/home/dan/dan_ws/devel/.private/cob_3d_mapping_msgs/share/common-lisp/ros/cob_3d_mapping_msgs/msg/_package_TableObjectClusterActionResult.lisp, /home/dan/dan_ws/devel/share/common-lisp/ros/cob_3d_mapping_msgs/msg/_package_TableObjectClusterActionResult.lisp)
Linked: (/home/dan/dan_ws/devel/.private/cob_3d_mapping_msgs/share/common-lisp/ros/cob_3d_mapping_msgs/msg/Polygon.lisp, /home/dan/dan_ws/devel/share/common-lisp/ros/cob_3d_mapping_msgs/msg/Polygon.lisp)
Linked: (/home/dan/dan_ws/devel/.private/cob_3d_mapping_msgs/share/common-lisp/ros/cob_3d_mapping_msgs/msg/TableObjectClusterActionGoal.lisp, /home/dan/dan_ws/devel/share/common-lisp/ros/cob_3d_mapping_msgs/msg/TableObjectClusterActionGoal.lisp)
Linked: (/home/dan/dan_ws/devel/.private/cob_3d_mapping_msgs/share/common-lisp/ros/cob_3d_mapping_msgs/msg/Shape.lisp, /home/dan/dan_ws/devel/share/common-lisp/ros/cob_3d_mapping_msgs/msg/Shape.lisp)
Linked: (/home/dan/dan_ws/devel/.private/cob_3d_mapping_msgs/share/common-lisp/ros/cob_3d_mapping_msgs/msg/TriggerGoal.lisp, /home/dan/dan_ws/devel/share/common-lisp/ros/cob_3d_mapping_msgs/msg/TriggerGoal.lisp)
Linked: (/home/dan/dan_ws/devel/.private/cob_3d_mapping_msgs/share/common-lisp/ros/cob_3d_mapping_msgs/msg/PolylinePoint.lisp, /home/dan/dan_ws/devel/share/common-lisp/ros/cob_3d_mapping_msgs/msg/PolylinePoint.lisp)
Linked: (/home/dan/dan_ws/devel/.private/cob_3d_mapping_msgs/share/common-lisp/ros/cob_3d_mapping_msgs/msg/PlaneExtractionResult.lisp, /home/dan/dan_ws/devel/share/common-lisp/ros/cob_3d_mapping_msgs/msg/PlaneExtractionResult.lisp)
Linked: (/home/dan/dan_ws/devel/.private/cob_3d_mapping_msgs/share/common-lisp/ros/cob_3d_mapping_msgs/msg/_package_Polygon.lisp, /home/dan/dan_ws/devel/share/common-lisp/ros/cob_3d_mapping_msgs/msg/_package_Polygon.lisp)
Linked: (/home/dan/dan_ws/devel/.private/cob_3d_mapping_msgs/share/common-lisp/ros/cob_3d_mapping_msgs/msg/TableObjectClusterResult.lisp, /home/dan/dan_ws/devel/share/common-lisp/ros/cob_3d_mapping_msgs/msg/TableObjectClusterResult.lisp)
Linked: (/home/dan/dan_ws/devel/.private/cob_3d_mapping_msgs/share/common-lisp/ros/cob_3d_mapping_msgs/msg/TriggerActionResult.lisp, /home/dan/dan_ws/devel/share/common-lisp/ros/cob_3d_mapping_msgs/msg/TriggerActionResult.lisp)
Linked: (/home/dan/dan_ws/devel/.private/cob_3d_mapping_msgs/share/common-lisp/ros/cob_3d_mapping_msgs/msg/_package_PlaneExtractionResult.lisp, /home/dan/dan_ws/devel/share/common-lisp/ros/cob_3d_mapping_msgs/msg/_package_PlaneExtractionResult.lisp)
Linked: (/home/dan/dan_ws/devel/.private/cob_3d_mapping_msgs/share/common-lisp/ros/cob_3d_mapping_msgs/msg/_package_TriggerGoal.lisp, /home/dan/dan_ws/devel/share/common-lisp/ros/cob_3d_mapping_msgs/msg/_package_TriggerGoal.lisp)
Linked: (/home/dan/dan_ws/devel/.private/cob_3d_mapping_msgs/share/common-lisp/ros/cob_3d_mapping_msgs/msg/_package_PlaneExtractionFeedback.lisp, /home/dan/dan_ws/devel/share/common-lisp/ros/cob_3d_mapping_msgs/msg/_package_PlaneExtractionFeedback.lisp)
Linked: (/home/dan/dan_ws/devel/.private/cob_3d_mapping_msgs/share/common-lisp/ros/cob_3d_mapping_msgs/msg/_package_TriggerActionFeedback.lisp, /home/dan/dan_ws/devel/share/common-lisp/ros/cob_3d_mapping_msgs/msg/_package_TriggerActionFeedback.lisp)
Linked: (/home/dan/dan_ws/devel/.private/cob_3d_mapping_msgs/share/common-lisp/ros/cob_3d_mapping_msgs/msg/_package_TableObjectClusterActionGoal.lisp, /home/dan/dan_ws/devel/share/common-lisp/ros/cob_3d_mapping_msgs/msg/_package_TableObjectClusterActionGoal.lisp)
Linked: (/home/dan/dan_ws/devel/.private/cob_3d_mapping_msgs/share/common-lisp/ros/cob_3d_mapping_msgs/msg/PlaneScene.lisp, /home/dan/dan_ws/devel/share/common-lisp/ros/cob_3d_mapping_msgs/msg/PlaneScene.lisp)
Linked: (/home/dan/dan_ws/devel/.private/cob_3d_mapping_msgs/share/common-lisp/ros/cob_3d_mapping_msgs/msg/_package_TriggerActionGoal.lisp, /home/dan/dan_ws/devel/share/common-lisp/ros/cob_3d_mapping_msgs/msg/_package_TriggerActionGoal.lisp)
Linked: (/home/dan/dan_ws/devel/.private/cob_3d_mapping_msgs/share/common-lisp/ros/cob_3d_mapping_msgs/msg/Feature.lisp, /home/dan/dan_ws/devel/share/common-lisp/ros/cob_3d_mapping_msgs/msg/Feature.lisp)
Linked: (/home/dan/dan_ws/devel/.private/cob_3d_mapping_msgs/share/common-lisp/ros/cob_3d_mapping_msgs/msg/_package_Plane.lisp, /home/dan/dan_ws/devel/share/common-lisp/ros/cob_3d_mapping_msgs/msg/_package_Plane.lisp)
Linked: (/home/dan/dan_ws/devel/.private/cob_3d_mapping_msgs/share/common-lisp/ros/cob_3d_mapping_msgs/msg/_package_TableObjectClusterFeedback.lisp, /home/dan/dan_ws/devel/share/common-lisp/ros/cob_3d_mapping_msgs/msg/_package_TableObjectClusterFeedback.lisp)
Linked: (/home/dan/dan_ws/devel/.private/cob_3d_mapping_msgs/share/common-lisp/ros/cob_3d_mapping_msgs/msg/TriggerAction.lisp, /home/dan/dan_ws/devel/share/common-lisp/ros/cob_3d_mapping_msgs/msg/TriggerAction.lisp)
Linked: (/home/dan/dan_ws/devel/.private/cob_3d_mapping_msgs/share/common-lisp/ros/cob_3d_mapping_msgs/msg/_package_ShapeArray.lisp, /home/dan/dan_ws/devel/share/common-lisp/ros/cob_3d_mapping_msgs/msg/_package_ShapeArray.lisp)
Linked: (/home/dan/dan_ws/devel/.private/cob_3d_mapping_msgs/share/common-lisp/ros/cob_3d_mapping_msgs/msg/_package_SimilarityScore.lisp, /home/dan/dan_ws/devel/share/common-lisp/ros/cob_3d_mapping_msgs/msg/_package_SimilarityScore.lisp)
Linked: (/home/dan/dan_ws/devel/.private/cob_3d_mapping_msgs/share/common-lisp/ros/cob_3d_mapping_msgs/msg/_package_TableObjectClusterGoal.lisp, /home/dan/dan_ws/devel/share/common-lisp/ros/cob_3d_mapping_msgs/msg/_package_TableObjectClusterGoal.lisp)
Linked: (/home/dan/dan_ws/devel/.private/cob_3d_mapping_msgs/share/common-lisp/ros/cob_3d_mapping_msgs/msg/PlaneExtractionGoal.lisp, /home/dan/dan_ws/devel/share/common-lisp/ros/cob_3d_mapping_msgs/msg/PlaneExtractionGoal.lisp)
Linked: (/home/dan/dan_ws/devel/.private/cob_3d_mapping_msgs/share/common-lisp/ros/cob_3d_mapping_msgs/msg/_package_FilterObject.lisp, /home/dan/dan_ws/devel/share/common-lisp/ros/cob_3d_mapping_msgs/msg/_package_FilterObject.lisp)
Linked: (/home/dan/dan_ws/devel/.private/cob_3d_mapping_msgs/share/common-lisp/ros/cob_3d_mapping_msgs/msg/_package_TableObjectClusterResult.lisp, /home/dan/dan_ws/devel/share/common-lisp/ros/cob_3d_mapping_msgs/msg/_package_TableObjectClusterResult.lisp)
Linked: (/home/dan/dan_ws/devel/.private/cob_3d_mapping_msgs/share/common-lisp/ros/cob_3d_mapping_msgs/msg/TriggerResult.lisp, /home/dan/dan_ws/devel/share/common-lisp/ros/cob_3d_mapping_msgs/msg/TriggerResult.lisp)
Linked: (/home/dan/dan_ws/devel/.private/cob_3d_mapping_msgs/share/common-lisp/ros/cob_3d_mapping_msgs/msg/_package_Point2D.lisp, /home/dan/dan_ws/devel/share/common-lisp/ros/cob_3d_mapping_msgs/msg/_package_Point2D.lisp)
Linked: (/home/dan/dan_ws/devel/.private/cob_3d_mapping_msgs/share/common-lisp/ros/cob_3d_mapping_msgs/msg/_package_TableObjectClusterActionFeedback.lisp, /home/dan/dan_ws/devel/share/common-lisp/ros/cob_3d_mapping_msgs/msg/_package_TableObjectClusterActionFeedback.lisp)
Linked: (/home/dan/dan_ws/devel/.private/cob_3d_mapping_msgs/share/common-lisp/ros/cob_3d_mapping_msgs/msg/SimilarityScore.lisp, /home/dan/dan_ws/devel/share/common-lisp/ros/cob_3d_mapping_msgs/msg/SimilarityScore.lisp)
Linked: (/home/dan/dan_ws/devel/.private/cob_3d_mapping_msgs/share/common-lisp/ros/cob_3d_mapping_msgs/msg/_package_CurvedPolygon.lisp, /home/dan/dan_ws/devel/share/common-lisp/ros/cob_3d_mapping_msgs/msg/_package_CurvedPolygon.lisp)
Linked: (/home/dan/dan_ws/devel/.private/cob_3d_mapping_msgs/share/common-lisp/ros/cob_3d_mapping_msgs/msg/TriggerActionGoal.lisp, /home/dan/dan_ws/devel/share/common-lisp/ros/cob_3d_mapping_msgs/msg/TriggerActionGoal.lisp)
Linked: (/home/dan/dan_ws/devel/.private/cob_3d_mapping_msgs/share/common-lisp/ros/cob_3d_mapping_msgs/msg/PlaneExtractionActionGoal.lisp, /home/dan/dan_ws/devel/share/common-lisp/ros/cob_3d_mapping_msgs/msg/PlaneExtractionActionGoal.lisp)
Linked: (/home/dan/dan_ws/devel/.private/cob_3d_mapping_msgs/share/common-lisp/ros/cob_3d_mapping_msgs/msg/TriggerFeedback.lisp, /home/dan/dan_ws/devel/share/common-lisp/ros/cob_3d_mapping_msgs/msg/TriggerFeedback.lisp)
Linked: (/home/dan/dan_ws/devel/.private/cob_3d_mapping_msgs/share/common-lisp/ros/cob_3d_mapping_msgs/msg/ShapeArray.lisp, /home/dan/dan_ws/devel/share/common-lisp/ros/cob_3d_mapping_msgs/msg/ShapeArray.lisp)
Linked: (/home/dan/dan_ws/devel/.private/cob_3d_mapping_msgs/share/common-lisp/ros/cob_3d_mapping_msgs/msg/CurvedPolygonArray.lisp, /home/dan/dan_ws/devel/share/common-lisp/ros/cob_3d_mapping_msgs/msg/CurvedPolygonArray.lisp)
Linked: (/home/dan/dan_ws/devel/.private/cob_3d_mapping_msgs/share/common-lisp/ros/cob_3d_mapping_msgs/msg/Point2D.lisp, /home/dan/dan_ws/devel/share/common-lisp/ros/cob_3d_mapping_msgs/msg/Point2D.lisp)
Linked: (/home/dan/dan_ws/devel/.private/cob_3d_mapping_msgs/share/common-lisp/ros/cob_3d_mapping_msgs/msg/_package_CurvedPolygonArray.lisp, /home/dan/dan_ws/devel/share/common-lisp/ros/cob_3d_mapping_msgs/msg/_package_CurvedPolygonArray.lisp)
Linked: (/home/dan/dan_ws/devel/.private/cob_3d_mapping_msgs/share/common-lisp/ros/cob_3d_mapping_msgs/msg/TriggerActionFeedback.lisp, /home/dan/dan_ws/devel/share/common-lisp/ros/cob_3d_mapping_msgs/msg/TriggerActionFeedback.lisp)
Linked: (/home/dan/dan_ws/devel/.private/cob_3d_mapping_msgs/share/common-lisp/ros/cob_3d_mapping_msgs/msg/_package_PlaneScene.lisp, /home/dan/dan_ws/devel/share/common-lisp/ros/cob_3d_mapping_msgs/msg/_package_PlaneScene.lisp)
Linked: (/home/dan/dan_ws/devel/.private/cob_3d_mapping_msgs/share/common-lisp/ros/cob_3d_mapping_msgs/msg/_package_TriggerActionResult.lisp, /home/dan/dan_ws/devel/share/common-lisp/ros/cob_3d_mapping_msgs/msg/_package_TriggerActionResult.lisp)
Linked: (/home/dan/dan_ws/devel/.private/cob_3d_mapping_msgs/share/common-lisp/ros/cob_3d_mapping_msgs/msg/PlaneExtractionActionResult.lisp, /home/dan/dan_ws/devel/share/common-lisp/ros/cob_3d_mapping_msgs/msg/PlaneExtractionActionResult.lisp)
Linked: (/home/dan/dan_ws/devel/.private/cob_3d_mapping_msgs/share/common-lisp/ros/cob_3d_mapping_msgs/msg/CurvedPolygon.lisp, /home/dan/dan_ws/devel/share/common-lisp/ros/cob_3d_mapping_msgs/msg/CurvedPolygon.lisp)
Linked: (/home/dan/dan_ws/devel/.private/cob_3d_mapping_msgs/share/common-lisp/ros/cob_3d_mapping_msgs/msg/_package_PlaneExtractionGoal.lisp, /home/dan/dan_ws/devel/share/common-lisp/ros/cob_3d_mapping_msgs/msg/_package_PlaneExtractionGoal.lisp)
Linked: (/home/dan/dan_ws/devel/.private/cob_3d_mapping_msgs/share/common-lisp/ros/cob_3d_mapping_msgs/msg/_package_PolylinePoint.lisp, /home/dan/dan_ws/devel/share/common-lisp/ros/cob_3d_mapping_msgs/msg/_package_PolylinePoint.lisp)
Linked: (/home/dan/dan_ws/devel/.private/cob_3d_mapping_msgs/share/common-lisp/ros/cob_3d_mapping_msgs/msg/TableObjectClusterActionFeedback.lisp, /home/dan/dan_ws/devel/share/common-lisp/ros/cob_3d_mapping_msgs/msg/TableObjectClusterActionFeedback.lisp)
Linked: (/home/dan/dan_ws/devel/.private/cob_3d_mapping_msgs/share/common-lisp/ros/cob_3d_mapping_msgs/msg/Plane.lisp, /home/dan/dan_ws/devel/share/common-lisp/ros/cob_3d_mapping_msgs/msg/Plane.lisp)
Linked: (/home/dan/dan_ws/devel/.private/cob_3d_mapping_msgs/share/common-lisp/ros/cob_3d_mapping_msgs/msg/PlaneExtractionActionFeedback.lisp, /home/dan/dan_ws/devel/share/common-lisp/ros/cob_3d_mapping_msgs/msg/PlaneExtractionActionFeedback.lisp)
Linked: (/home/dan/dan_ws/devel/.private/cob_3d_mapping_msgs/share/common-lisp/ros/cob_3d_mapping_msgs/msg/TableObjectClusterActionResult.lisp, /home/dan/dan_ws/devel/share/common-lisp/ros/cob_3d_mapping_msgs/msg/TableObjectClusterActionResult.lisp)
Linked: (/home/dan/dan_ws/devel/.private/cob_3d_mapping_msgs/include/cob_3d_mapping_msgs/SetBoundingBoxesRequest.h, /home/dan/dan_ws/devel/include/cob_3d_mapping_msgs/SetBoundingBoxesRequest.h)
Linked: (/home/dan/dan_ws/devel/.private/cob_3d_mapping_msgs/include/cob_3d_mapping_msgs/SimilarityScore.h, /home/dan/dan_ws/devel/include/cob_3d_mapping_msgs/SimilarityScore.h)
Linked: (/home/dan/dan_ws/devel/.private/cob_3d_mapping_msgs/include/cob_3d_mapping_msgs/SetPointMapRequest.h, /home/dan/dan_ws/devel/include/cob_3d_mapping_msgs/SetPointMapRequest.h)
Linked: (/home/dan/dan_ws/devel/.private/cob_3d_mapping_msgs/include/cob_3d_mapping_msgs/Plane.h, /home/dan/dan_ws/devel/include/cob_3d_mapping_msgs/Plane.h)
Linked: (/home/dan/dan_ws/devel/.private/cob_3d_mapping_msgs/include/cob_3d_mapping_msgs/SetPointMap.h, /home/dan/dan_ws/devel/include/cob_3d_mapping_msgs/SetPointMap.h)
Linked: (/home/dan/dan_ws/devel/.private/cob_3d_mapping_msgs/include/cob_3d_mapping_msgs/ModifyMapRequest.h, /home/dan/dan_ws/devel/include/cob_3d_mapping_msgs/ModifyMapRequest.h)
Linked: (/home/dan/dan_ws/devel/.private/cob_3d_mapping_msgs/include/cob_3d_mapping_msgs/PolylinePoint.h, /home/dan/dan_ws/devel/include/cob_3d_mapping_msgs/PolylinePoint.h)
Linked: (/home/dan/dan_ws/devel/.private/cob_3d_mapping_msgs/include/cob_3d_mapping_msgs/GetApproachPoseForPolygonResponse.h, /home/dan/dan_ws/devel/include/cob_3d_mapping_msgs/GetApproachPoseForPolygonResponse.h)
Linked: (/home/dan/dan_ws/devel/.private/cob_3d_mapping_msgs/include/cob_3d_mapping_msgs/GetObjectsOfClass.h, /home/dan/dan_ws/devel/include/cob_3d_mapping_msgs/GetObjectsOfClass.h)
Linked: (/home/dan/dan_ws/devel/.private/cob_3d_mapping_msgs/include/cob_3d_mapping_msgs/Point2D.h, /home/dan/dan_ws/devel/include/cob_3d_mapping_msgs/Point2D.h)
Linked: (/home/dan/dan_ws/devel/.private/cob_3d_mapping_msgs/include/cob_3d_mapping_msgs/TriggerResult.h, /home/dan/dan_ws/devel/include/cob_3d_mapping_msgs/TriggerResult.h)
Linked: (/home/dan/dan_ws/devel/.private/cob_3d_mapping_msgs/include/cob_3d_mapping_msgs/PlaneExtractionAction.h, /home/dan/dan_ws/devel/include/cob_3d_mapping_msgs/PlaneExtractionAction.h)
Linked: (/home/dan/dan_ws/devel/.private/cob_3d_mapping_msgs/include/cob_3d_mapping_msgs/PlaneExtractionResult.h, /home/dan/dan_ws/devel/include/cob_3d_mapping_msgs/PlaneExtractionResult.h)
Linked: (/home/dan/dan_ws/devel/.private/cob_3d_mapping_msgs/include/cob_3d_mapping_msgs/PlaneExtractionActionGoal.h, /home/dan/dan_ws/devel/include/cob_3d_mapping_msgs/PlaneExtractionActionGoal.h)
Linked: (/home/dan/dan_ws/devel/.private/cob_3d_mapping_msgs/include/cob_3d_mapping_msgs/TriggerActionResult.h, /home/dan/dan_ws/devel/include/cob_3d_mapping_msgs/TriggerActionResult.h)
Linked: (/home/dan/dan_ws/devel/.private/cob_3d_mapping_msgs/include/cob_3d_mapping_msgs/GetBoundingBoxesRequest.h, /home/dan/dan_ws/devel/include/cob_3d_mapping_msgs/GetBoundingBoxesRequest.h)
Linked: (/home/dan/dan_ws/devel/.private/cob_3d_mapping_msgs/include/cob_3d_mapping_msgs/MoveToTableRequest.h, /home/dan/dan_ws/devel/include/cob_3d_mapping_msgs/MoveToTableRequest.h)
Linked: (/home/dan/dan_ws/devel/.private/cob_3d_mapping_msgs/include/cob_3d_mapping_msgs/SetBoundingBoxesResponse.h, /home/dan/dan_ws/devel/include/cob_3d_mapping_msgs/SetBoundingBoxesResponse.h)
Linked: (/home/dan/dan_ws/devel/.private/cob_3d_mapping_msgs/include/cob_3d_mapping_msgs/SetGeometryMapResponse.h, /home/dan/dan_ws/devel/include/cob_3d_mapping_msgs/SetGeometryMapResponse.h)
Linked: (/home/dan/dan_ws/devel/.private/cob_3d_mapping_msgs/include/cob_3d_mapping_msgs/TriggerGoal.h, /home/dan/dan_ws/devel/include/cob_3d_mapping_msgs/TriggerGoal.h)
Linked: (/home/dan/dan_ws/devel/.private/cob_3d_mapping_msgs/include/cob_3d_mapping_msgs/PlaneExtractionFeedback.h, /home/dan/dan_ws/devel/include/cob_3d_mapping_msgs/PlaneExtractionFeedback.h)
Linked: (/home/dan/dan_ws/devel/.private/cob_3d_mapping_msgs/include/cob_3d_mapping_msgs/SetGeometryMapRequest.h, /home/dan/dan_ws/devel/include/cob_3d_mapping_msgs/SetGeometryMapRequest.h)
Linked: (/home/dan/dan_ws/devel/.private/cob_3d_mapping_msgs/include/cob_3d_mapping_msgs/GetPlane.h, /home/dan/dan_ws/devel/include/cob_3d_mapping_msgs/GetPlane.h)
Linked: (/home/dan/dan_ws/devel/.private/cob_3d_mapping_msgs/include/cob_3d_mapping_msgs/TriggerActionGoal.h, /home/dan/dan_ws/devel/include/cob_3d_mapping_msgs/TriggerActionGoal.h)
Linked: (/home/dan/dan_ws/devel/.private/cob_3d_mapping_msgs/include/cob_3d_mapping_msgs/PlaneExtractionActionResult.h, /home/dan/dan_ws/devel/include/cob_3d_mapping_msgs/PlaneExtractionActionResult.h)
Linked: (/home/dan/dan_ws/devel/.private/cob_3d_mapping_msgs/include/cob_3d_mapping_msgs/TableObjectClusterActionResult.h, /home/dan/dan_ws/devel/include/cob_3d_mapping_msgs/TableObjectClusterActionResult.h)
Linked: (/home/dan/dan_ws/devel/.private/cob_3d_mapping_msgs/include/cob_3d_mapping_msgs/GetGeometryMapResponse.h, /home/dan/dan_ws/devel/include/cob_3d_mapping_msgs/GetGeometryMapResponse.h)
Linked: (/home/dan/dan_ws/devel/.private/cob_3d_mapping_msgs/include/cob_3d_mapping_msgs/FilterObject.h, /home/dan/dan_ws/devel/include/cob_3d_mapping_msgs/FilterObject.h)
Linked: (/home/dan/dan_ws/devel/.private/cob_3d_mapping_msgs/include/cob_3d_mapping_msgs/SetBoundingBoxes.h, /home/dan/dan_ws/devel/include/cob_3d_mapping_msgs/SetBoundingBoxes.h)
Linked: (/home/dan/dan_ws/devel/.private/cob_3d_mapping_msgs/include/cob_3d_mapping_msgs/TableObjectClusterResult.h, /home/dan/dan_ws/devel/include/cob_3d_mapping_msgs/TableObjectClusterResult.h)
Linked: (/home/dan/dan_ws/devel/.private/cob_3d_mapping_msgs/include/cob_3d_mapping_msgs/TriggerAction.h, /home/dan/dan_ws/devel/include/cob_3d_mapping_msgs/TriggerAction.h)
Linked: (/home/dan/dan_ws/devel/.private/cob_3d_mapping_msgs/include/cob_3d_mapping_msgs/GetApproachPoseForPolygon.h, /home/dan/dan_ws/devel/include/cob_3d_mapping_msgs/GetApproachPoseForPolygon.h)
Linked: (/home/dan/dan_ws/devel/.private/cob_3d_mapping_msgs/include/cob_3d_mapping_msgs/PlaneExtractionGoal.h, /home/dan/dan_ws/devel/include/cob_3d_mapping_msgs/PlaneExtractionGoal.h)
Linked: (/home/dan/dan_ws/devel/.private/cob_3d_mapping_msgs/include/cob_3d_mapping_msgs/MoveToTableResponse.h, /home/dan/dan_ws/devel/include/cob_3d_mapping_msgs/MoveToTableResponse.h)
Linked: (/home/dan/dan_ws/devel/.private/cob_3d_mapping_msgs/include/cob_3d_mapping_msgs/GetPointMap.h, /home/dan/dan_ws/devel/include/cob_3d_mapping_msgs/GetPointMap.h)
Linked: (/home/dan/dan_ws/devel/.private/cob_3d_mapping_msgs/include/cob_3d_mapping_msgs/TriggerFeedback.h, /home/dan/dan_ws/devel/include/cob_3d_mapping_msgs/TriggerFeedback.h)
Linked: (/home/dan/dan_ws/devel/.private/cob_3d_mapping_msgs/include/cob_3d_mapping_msgs/PlaneScene.h, /home/dan/dan_ws/devel/include/cob_3d_mapping_msgs/PlaneScene.h)
Linked: (/home/dan/dan_ws/devel/.private/cob_3d_mapping_msgs/include/cob_3d_mapping_msgs/GetPointMapResponse.h, /home/dan/dan_ws/devel/include/cob_3d_mapping_msgs/GetPointMapResponse.h)
Linked: (/home/dan/dan_ws/devel/.private/cob_3d_mapping_msgs/include/cob_3d_mapping_msgs/GetGeometryMapRequest.h, /home/dan/dan_ws/devel/include/cob_3d_mapping_msgs/GetGeometryMapRequest.h)
Linked: (/home/dan/dan_ws/devel/.private/cob_3d_mapping_msgs/include/cob_3d_mapping_msgs/TableObjectClusterAction.h, /home/dan/dan_ws/devel/include/cob_3d_mapping_msgs/TableObjectClusterAction.h)
Linked: (/home/dan/dan_ws/devel/.private/cob_3d_mapping_msgs/include/cob_3d_mapping_msgs/GetBoundingBoxesResponse.h, /home/dan/dan_ws/devel/include/cob_3d_mapping_msgs/GetBoundingBoxesResponse.h)
Linked: (/home/dan/dan_ws/devel/.private/cob_3d_mapping_msgs/include/cob_3d_mapping_msgs/UpdateMapResponse.h, /home/dan/dan_ws/devel/include/cob_3d_mapping_msgs/UpdateMapResponse.h)
Linked: (/home/dan/dan_ws/devel/.private/cob_3d_mapping_msgs/include/cob_3d_mapping_msgs/CurvedPolygonArray.h, /home/dan/dan_ws/devel/include/cob_3d_mapping_msgs/CurvedPolygonArray.h)
Linked: (/home/dan/dan_ws/devel/.private/cob_3d_mapping_msgs/include/cob_3d_mapping_msgs/SetPointMapResponse.h, /home/dan/dan_ws/devel/include/cob_3d_mapping_msgs/SetPointMapResponse.h)
Linked: (/home/dan/dan_ws/devel/.private/cob_3d_mapping_msgs/include/cob_3d_mapping_msgs/Shape.h, /home/dan/dan_ws/devel/include/cob_3d_mapping_msgs/Shape.h)
Linked: (/home/dan/dan_ws/devel/.private/cob_3d_mapping_msgs/include/cob_3d_mapping_msgs/Polygon.h, /home/dan/dan_ws/devel/include/cob_3d_mapping_msgs/Polygon.h)
Linked: (/home/dan/dan_ws/devel/.private/cob_3d_mapping_msgs/include/cob_3d_mapping_msgs/GetPlaneRequest.h, /home/dan/dan_ws/devel/include/cob_3d_mapping_msgs/GetPlaneRequest.h)
Linked: (/home/dan/dan_ws/devel/.private/cob_3d_mapping_msgs/include/cob_3d_mapping_msgs/GetObjectsOfClassResponse.h, /home/dan/dan_ws/devel/include/cob_3d_mapping_msgs/GetObjectsOfClassResponse.h)
Linked: (/home/dan/dan_ws/devel/.private/cob_3d_mapping_msgs/include/cob_3d_mapping_msgs/UpdateMap.h, /home/dan/dan_ws/devel/include/cob_3d_mapping_msgs/UpdateMap.h)
Linked: (/home/dan/dan_ws/devel/.private/cob_3d_mapping_msgs/include/cob_3d_mapping_msgs/PlaneExtractionActionFeedback.h, /home/dan/dan_ws/devel/include/cob_3d_mapping_msgs/PlaneExtractionActionFeedback.h)
Linked: (/home/dan/dan_ws/devel/.private/cob_3d_mapping_msgs/include/cob_3d_mapping_msgs/TableObjectClusterActionFeedback.h, /home/dan/dan_ws/devel/include/cob_3d_mapping_msgs/TableObjectClusterActionFeedback.h)
Linked: (/home/dan/dan_ws/devel/.private/cob_3d_mapping_msgs/include/cob_3d_mapping_msgs/GetPlaneResponse.h, /home/dan/dan_ws/devel/include/cob_3d_mapping_msgs/GetPlaneResponse.h)
Linked: (/home/dan/dan_ws/devel/.private/cob_3d_mapping_msgs/include/cob_3d_mapping_msgs/GetTablesResponse.h, /home/dan/dan_ws/devel/include/cob_3d_mapping_msgs/GetTablesResponse.h)
Linked: (/home/dan/dan_ws/devel/.private/cob_3d_mapping_msgs/include/cob_3d_mapping_msgs/Feature.h, /home/dan/dan_ws/devel/include/cob_3d_mapping_msgs/Feature.h)
Linked: (/home/dan/dan_ws/devel/.private/cob_3d_mapping_msgs/include/cob_3d_mapping_msgs/ShapeArray.h, /home/dan/dan_ws/devel/include/cob_3d_mapping_msgs/ShapeArray.h)
Linked: (/home/dan/dan_ws/devel/.private/cob_3d_mapping_msgs/include/cob_3d_mapping_msgs/TableObjectClusterFeedback.h, /home/dan/dan_ws/devel/include/cob_3d_mapping_msgs/TableObjectClusterFeedback.h)
Linked: (/home/dan/dan_ws/devel/.private/cob_3d_mapping_msgs/include/cob_3d_mapping_msgs/SetGeometryMap.h, /home/dan/dan_ws/devel/include/cob_3d_mapping_msgs/SetGeometryMap.h)
Linked: (/home/dan/dan_ws/devel/.private/cob_3d_mapping_msgs/include/cob_3d_mapping_msgs/GetGeometryMap.h, /home/dan/dan_ws/devel/include/cob_3d_mapping_msgs/GetGeometryMap.h)
Linked: (/home/dan/dan_ws/devel/.private/cob_3d_mapping_msgs/include/cob_3d_mapping_msgs/ModifyMap.h, /home/dan/dan_ws/devel/include/cob_3d_mapping_msgs/ModifyMap.h)
Linked: (/home/dan/dan_ws/devel/.private/cob_3d_mapping_msgs/include/cob_3d_mapping_msgs/GetApproachPoseForPolygonRequest.h, /home/dan/dan_ws/devel/include/cob_3d_mapping_msgs/GetApproachPoseForPolygonRequest.h)
Linked: (/home/dan/dan_ws/devel/.private/cob_3d_mapping_msgs/include/cob_3d_mapping_msgs/TableObjectClusterGoal.h, /home/dan/dan_ws/devel/include/cob_3d_mapping_msgs/TableObjectClusterGoal.h)
Linked: (/home/dan/dan_ws/devel/.private/cob_3d_mapping_msgs/include/cob_3d_mapping_msgs/GetTables.h, /home/dan/dan_ws/devel/include/cob_3d_mapping_msgs/GetTables.h)
Linked: (/home/dan/dan_ws/devel/.private/cob_3d_mapping_msgs/include/cob_3d_mapping_msgs/GetTablesRequest.h, /home/dan/dan_ws/devel/include/cob_3d_mapping_msgs/GetTablesRequest.h)
Linked: (/home/dan/dan_ws/devel/.private/cob_3d_mapping_msgs/include/cob_3d_mapping_msgs/TableObjectClusterActionGoal.h, /home/dan/dan_ws/devel/include/cob_3d_mapping_msgs/TableObjectClusterActionGoal.h)
Linked: (/home/dan/dan_ws/devel/.private/cob_3d_mapping_msgs/include/cob_3d_mapping_msgs/TriggerActionFeedback.h, /home/dan/dan_ws/devel/include/cob_3d_mapping_msgs/TriggerActionFeedback.h)
Linked: (/home/dan/dan_ws/devel/.private/cob_3d_mapping_msgs/include/cob_3d_mapping_msgs/ModifyMapResponse.h, /home/dan/dan_ws/devel/include/cob_3d_mapping_msgs/ModifyMapResponse.h)
Linked: (/home/dan/dan_ws/devel/.private/cob_3d_mapping_msgs/include/cob_3d_mapping_msgs/GetObjectsOfClassRequest.h, /home/dan/dan_ws/devel/include/cob_3d_mapping_msgs/GetObjectsOfClassRequest.h)
Linked: (/home/dan/dan_ws/devel/.private/cob_3d_mapping_msgs/include/cob_3d_mapping_msgs/UpdateMapRequest.h, /home/dan/dan_ws/devel/include/cob_3d_mapping_msgs/UpdateMapRequest.h)
Linked: (/home/dan/dan_ws/devel/.private/cob_3d_mapping_msgs/include/cob_3d_mapping_msgs/GetBoundingBoxes.h, /home/dan/dan_ws/devel/include/cob_3d_mapping_msgs/GetBoundingBoxes.h)
Linked: (/home/dan/dan_ws/devel/.private/cob_3d_mapping_msgs/include/cob_3d_mapping_msgs/GetPointMapRequest.h, /home/dan/dan_ws/devel/include/cob_3d_mapping_msgs/GetPointMapRequest.h)
Linked: (/home/dan/dan_ws/devel/.private/cob_3d_mapping_msgs/include/cob_3d_mapping_msgs/MoveToTable.h, /home/dan/dan_ws/devel/include/cob_3d_mapping_msgs/MoveToTable.h)
Linked: (/home/dan/dan_ws/devel/.private/cob_3d_mapping_msgs/include/cob_3d_mapping_msgs/CurvedPolygon.h, /home/dan/dan_ws/devel/include/cob_3d_mapping_msgs/CurvedPolygon.h)
