[  0%] Built target sensor_msgs_generate_messages_py
[  0%] [  0%] Built target std_msgs_generate_messages_py
[  0%] [  0%] Built target cob_object_detection_msgs_generate_messages_py
Built target actionlib_msgs_generate_messages_py
Built target geometry_msgs_generate_messages_py
[  0%] [  0%] Built target _cob_3d_mapping_msgs_generate_messages_check_deps_TriggerAction
[  0%] Built target _cob_3d_mapping_msgs_generate_messages_check_deps_MoveToTable
Built target _cob_3d_mapping_msgs_generate_messages_check_deps_TriggerActionGoal
[  0%] Built target _cob_3d_mapping_msgs_generate_messages_check_deps_PlaneExtractionActionResult
[  0%] Built target _cob_3d_mapping_msgs_generate_messages_check_deps_TableObjectClusterActionFeedback
[  0%] [  0%] Built target _cob_3d_mapping_msgs_generate_messages_check_deps_TableObjectClusterAction
[  0%] [  0%] Built target _cob_3d_mapping_msgs_generate_messages_check_deps_ModifyMap
Built target _cob_3d_mapping_msgs_generate_messages_check_deps_GetBoundingBoxes
Built target _cob_3d_mapping_msgs_generate_messages_check_deps_Point2D
[  0%] Built target _cob_3d_mapping_msgs_generate_messages_check_deps_GetGeometryMap
[  0%] Built target _cob_3d_mapping_msgs_generate_messages_check_deps_FilterObject
[  0%] [  0%] Built target _cob_3d_mapping_msgs_generate_messages_check_deps_GetTables
Built target _cob_3d_mapping_msgs_generate_messages_check_deps_PlaneScene
[  0%] [  0%] [  0%] Built target _cob_3d_mapping_msgs_generate_messages_check_deps_PlaneExtractionActionFeedback
[  0%] [  0%] Built target _cob_3d_mapping_msgs_generate_messages_check_deps_TableObjectClusterActionResult
Built target _cob_3d_mapping_msgs_generate_messages_check_deps_GetObjectsOfClass
Built target _cob_3d_mapping_msgs_generate_messages_check_deps_TableObjectClusterFeedback
[  0%] Built target _cob_3d_mapping_msgs_generate_messages_check_deps_ShapeArray
Built target _cob_3d_mapping_msgs_generate_messages_check_deps_Polygon
[  0%] [  0%] Built target _cob_3d_mapping_msgs_generate_messages_check_deps_PolylinePoint
Built target _cob_3d_mapping_msgs_generate_messages_check_deps_SimilarityScore
[  0%] [  0%] [  0%] Built target _cob_3d_mapping_msgs_generate_messages_check_deps_TriggerActionFeedback
[  0%] [  0%] [  0%] Built target _cob_3d_mapping_msgs_generate_messages_check_deps_SetPointMap
Built target _cob_3d_mapping_msgs_generate_messages_check_deps_TableObjectClusterGoal
Built target _cob_3d_mapping_msgs_generate_messages_check_deps_TriggerFeedback
[  0%] Built target _cob_3d_mapping_msgs_generate_messages_check_deps_PlaneExtractionAction
[  0%] Built target _cob_3d_mapping_msgs_generate_messages_check_deps_SetGeometryMap
Built target _cob_3d_mapping_msgs_generate_messages_check_deps_TableObjectClusterResult
Built target _cob_3d_mapping_msgs_generate_messages_check_deps_PlaneExtractionGoal
[  0%] [  0%] Built target _cob_3d_mapping_msgs_generate_messages_check_deps_SetBoundingBoxes
Built target _cob_3d_mapping_msgs_generate_messages_check_deps_CurvedPolygonArray
[  0%] [  0%] [  0%] [  0%] [  0%] [  0%] Built target _cob_3d_mapping_msgs_generate_messages_check_deps_Feature
Built target _cob_3d_mapping_msgs_generate_messages_check_deps_PlaneExtractionActionGoal
Built target _cob_3d_mapping_msgs_generate_messages_check_deps_Plane
Built target _cob_3d_mapping_msgs_generate_messages_check_deps_PlaneExtractionResult
Built target _cob_3d_mapping_msgs_generate_messages_check_deps_TableObjectClusterActionGoal
Built target _cob_3d_mapping_msgs_generate_messages_check_deps_TriggerGoal
[  0%] Built target _cob_3d_mapping_msgs_generate_messages_check_deps_Shape
[  0%] [  0%] [  0%] Built target _cob_3d_mapping_msgs_generate_messages_check_deps_GetPointMap
Built target _cob_3d_mapping_msgs_generate_messages_check_deps_GetPlane
Built target _cob_3d_mapping_msgs_generate_messages_check_deps_TriggerResult
[  0%] [  0%] Built target _cob_3d_mapping_msgs_generate_messages_check_deps_CurvedPolygon
Built target _cob_3d_mapping_msgs_generate_messages_check_deps_UpdateMap
[  0%] Built target _cob_3d_mapping_msgs_generate_messages_check_deps_TriggerActionResult
[  0%] [  0%] Built target std_msgs_generate_messages_cpp
[  0%] [  0%] Built target _cob_3d_mapping_msgs_generate_messages_check_deps_PlaneExtractionFeedback
Built target actionlib_msgs_generate_messages_cpp
Built target _cob_3d_mapping_msgs_generate_messages_check_deps_GetApproachPoseForPolygon
[  0%] [  0%] [  0%] [  0%] Built target cob_object_detection_msgs_generate_messages_cpp
Built target geometry_msgs_generate_messages_cpp
Built target std_msgs_generate_messages_lisp
Built target sensor_msgs_generate_messages_cpp
[  0%] [  0%] [  0%] Built target actionlib_msgs_generate_messages_lisp
Built target cob_object_detection_msgs_generate_messages_lisp
[  0%] Built target geometry_msgs_generate_messages_lisp
Built target sensor_msgs_generate_messages_lisp
[ 34%] [ 67%] Built target cob_3d_mapping_msgs_generate_messages_py
Built target cob_3d_mapping_msgs_generate_messages_cpp
[100%] Built target cob_3d_mapping_msgs_generate_messages_lisp
[100%] Built target cob_3d_mapping_msgs_generate_messages
