[  0%] Built target _cob_3d_mapping_msgs_generate_messages_check_deps_MoveToTable
[  0%] Built target std_msgs_generate_messages_py
[  0%] [  0%] Built target actionlib_msgs_generate_messages_py
Built target cob_object_detection_msgs_generate_messages_py
[  0%] [  0%] [  0%] Built target _cob_3d_mapping_msgs_generate_messages_check_deps_TriggerAction
Built target geometry_msgs_generate_messages_py
Built target sensor_msgs_generate_messages_py
[  0%] [  0%] [  0%] Built target _cob_3d_mapping_msgs_generate_messages_check_deps_TableObjectClusterActionFeedback
[  0%] Built target _cob_3d_mapping_msgs_generate_messages_check_deps_TriggerActionGoal
Built target _cob_3d_mapping_msgs_generate_messages_check_deps_GetBoundingBoxes
Built target _cob_3d_mapping_msgs_generate_messages_check_deps_TableObjectClusterAction
[  0%] Built target _cob_3d_mapping_msgs_generate_messages_check_deps_Point2D
[  0%] Built target _cob_3d_mapping_msgs_generate_messages_check_deps_PlaneExtractionActionResult
[  0%] Built target _cob_3d_mapping_msgs_generate_messages_check_deps_ModifyMap
[  0%] [  0%] Built target _cob_3d_mapping_msgs_generate_messages_check_deps_FilterObject
Built target _cob_3d_mapping_msgs_generate_messages_check_deps_GetTables
[  0%] Built target _cob_3d_mapping_msgs_generate_messages_check_deps_TableObjectClusterActionResult
[  0%] Built target _cob_3d_mapping_msgs_generate_messages_check_deps_PlaneExtractionActionFeedback
[  0%] Built target _cob_3d_mapping_msgs_generate_messages_check_deps_GetObjectsOfClass
[  0%] Built target _cob_3d_mapping_msgs_generate_messages_check_deps_PlaneScene
[  0%] Built target _cob_3d_mapping_msgs_generate_messages_check_deps_GetGeometryMap
[  0%] [  0%] Built target _cob_3d_mapping_msgs_generate_messages_check_deps_Polygon
Built target _cob_3d_mapping_msgs_generate_messages_check_deps_TableObjectClusterFeedback
[  0%] Built target _cob_3d_mapping_msgs_generate_messages_check_deps_PolylinePoint
[  0%] [  0%] Built target _cob_3d_mapping_msgs_generate_messages_check_deps_ShapeArray
Built target _cob_3d_mapping_msgs_generate_messages_check_deps_SimilarityScore
[  0%] Built target _cob_3d_mapping_msgs_generate_messages_check_deps_TriggerFeedback
[  0%] Built target _cob_3d_mapping_msgs_generate_messages_check_deps_TriggerActionFeedback
[  0%] Built target _cob_3d_mapping_msgs_generate_messages_check_deps_SetPointMap
[  0%] [  0%] Built target _cob_3d_mapping_msgs_generate_messages_check_deps_SetGeometryMap
Built target _cob_3d_mapping_msgs_generate_messages_check_deps_PlaneExtractionAction
[  0%] [  0%] Built target _cob_3d_mapping_msgs_generate_messages_check_deps_TableObjectClusterResult
Built target _cob_3d_mapping_msgs_generate_messages_check_deps_TableObjectClusterGoal
[  0%] Built target _cob_3d_mapping_msgs_generate_messages_check_deps_PlaneExtractionGoal
[  0%] Built target _cob_3d_mapping_msgs_generate_messages_check_deps_CurvedPolygonArray
[  0%] Built target _cob_3d_mapping_msgs_generate_messages_check_deps_Plane
[  0%] Built target _cob_3d_mapping_msgs_generate_messages_check_deps_PlaneExtractionActionGoal
[  0%] Built target _cob_3d_mapping_msgs_generate_messages_check_deps_TriggerGoal
[  0%] Built target _cob_3d_mapping_msgs_generate_messages_check_deps_PlaneExtractionResult
[  0%] [  0%] Built target _cob_3d_mapping_msgs_generate_messages_check_deps_Shape
Built target _cob_3d_mapping_msgs_generate_messages_check_deps_SetBoundingBoxes
[  0%] [  0%] Built target _cob_3d_mapping_msgs_generate_messages_check_deps_UpdateMap
Built target _cob_3d_mapping_msgs_generate_messages_check_deps_TableObjectClusterActionGoal
[  0%] Built target _cob_3d_mapping_msgs_generate_messages_check_deps_Feature
[  0%] Built target _cob_3d_mapping_msgs_generate_messages_check_deps_GetPlane
[  0%] [  0%] Built target _cob_3d_mapping_msgs_generate_messages_check_deps_TriggerActionResult
Built target _cob_3d_mapping_msgs_generate_messages_check_deps_GetPointMap
[  0%] Built target _cob_3d_mapping_msgs_generate_messages_check_deps_TriggerResult
[  0%] Built target _cob_3d_mapping_msgs_generate_messages_check_deps_CurvedPolygon
[  0%] Built target cob_object_detection_msgs_generate_messages_cpp
[  0%] Built target _cob_3d_mapping_msgs_generate_messages_check_deps_PlaneExtractionFeedback
[  0%] Built target _cob_3d_mapping_msgs_generate_messages_check_deps_GetApproachPoseForPolygon
[  0%] [  0%] Built target std_msgs_generate_messages_cpp
Built target geometry_msgs_generate_messages_cpp
[  0%] Built target sensor_msgs_generate_messages_cpp
[  0%] Built target cob_object_detection_msgs_generate_messages_lisp
[  0%] [  0%] [  0%] Built target actionlib_msgs_generate_messages_cpp
Built target actionlib_msgs_generate_messages_lisp
Built target std_msgs_generate_messages_lisp
[  0%] Built target sensor_msgs_generate_messages_lisp
[  0%] Built target geometry_msgs_generate_messages_lisp
[ 34%] Built target cob_3d_mapping_msgs_generate_messages_py
[ 67%] Built target cob_3d_mapping_msgs_generate_messages_cpp
[100%] Built target cob_3d_mapping_msgs_generate_messages_lisp
[100%] Built target cob_3d_mapping_msgs_generate_messages
