Determining if the pthread_create exist failed with the following output:
Change Dir: /home/dan/dan_ws/build/cob_3d_mapping_msgs/CMakeFiles/CMakeTmp

Run Build Command:/usr/bin/make "cmTryCompileExec3299624838/fast"
/usr/bin/make -f CMakeFiles/cmTryCompileExec3299624838.dir/build.make CMakeFiles/cmTryCompileExec3299624838.dir/build
make[1]: Entering directory `/home/dan/dan_ws/build/cob_3d_mapping_msgs/CMakeFiles/CMakeTmp'
/usr/bin/cmake -E cmake_progress_report /home/dan/dan_ws/build/cob_3d_mapping_msgs/CMakeFiles/CMakeTmp/CMakeFiles 1
Building C object CMakeFiles/cmTryCompileExec3299624838.dir/CheckSymbolExists.c.o
/usr/bin/cc    -o CMakeFiles/cmTryCompileExec3299624838.dir/CheckSymbolExists.c.o   -c /home/dan/dan_ws/build/cob_3d_mapping_msgs/CMakeFiles/CMakeTmp/CheckSymbolExists.c
Linking C executable cmTryCompileExec3299624838
/usr/bin/cmake -E cmake_link_script CMakeFiles/cmTryCompileExec3299624838.dir/link.txt --verbose=1
/usr/bin/cc       CMakeFiles/cmTryCompileExec3299624838.dir/CheckSymbolExists.c.o  -o cmTryCompileExec3299624838 -rdynamic 
CMakeFiles/cmTryCompileExec3299624838.dir/CheckSymbolExists.c.o: In function `main':
CheckSymbolExists.c:(.text+0x16): undefined reference to `pthread_create'
collect2: error: ld returned 1 exit status
make[1]: Leaving directory `/home/dan/dan_ws/build/cob_3d_mapping_msgs/CMakeFiles/CMakeTmp'
make[1]: *** [cmTryCompileExec3299624838] Error 1
make: *** [cmTryCompileExec3299624838/fast] Error 2

File /home/dan/dan_ws/build/cob_3d_mapping_msgs/CMakeFiles/CMakeTmp/CheckSymbolExists.c:
/* */
#include <pthread.h>

int main(int argc, char** argv)
{
  (void)argv;
#ifndef pthread_create
  return ((int*)(&pthread_create))[argc];
#else
  (void)argc;
  return 0;
#endif
}

Determining if the function pthread_create exists in the pthreads failed with the following output:
Change Dir: /home/dan/dan_ws/build/cob_3d_mapping_msgs/CMakeFiles/CMakeTmp

Run Build Command:/usr/bin/make "cmTryCompileExec4246449629/fast"
/usr/bin/make -f CMakeFiles/cmTryCompileExec4246449629.dir/build.make CMakeFiles/cmTryCompileExec4246449629.dir/build
make[1]: Entering directory `/home/dan/dan_ws/build/cob_3d_mapping_msgs/CMakeFiles/CMakeTmp'
/usr/bin/cmake -E cmake_progress_report /home/dan/dan_ws/build/cob_3d_mapping_msgs/CMakeFiles/CMakeTmp/CMakeFiles 1
Building C object CMakeFiles/cmTryCompileExec4246449629.dir/CheckFunctionExists.c.o
/usr/bin/cc   -DCHECK_FUNCTION_EXISTS=pthread_create   -o CMakeFiles/cmTryCompileExec4246449629.dir/CheckFunctionExists.c.o   -c /usr/share/cmake-2.8/Modules/CheckFunctionExists.c
Linking C executable cmTryCompileExec4246449629
/usr/bin/cmake -E cmake_link_script CMakeFiles/cmTryCompileExec4246449629.dir/link.txt --verbose=1
/usr/bin/cc   -DCHECK_FUNCTION_EXISTS=pthread_create    CMakeFiles/cmTryCompileExec4246449629.dir/CheckFunctionExists.c.o  -o cmTryCompileExec4246449629 -rdynamic -lpthreads 
/usr/bin/ld: cannot find -lpthreads
collect2: error: ld returned 1 exit status
make[1]: Leaving directory `/home/dan/dan_ws/build/cob_3d_mapping_msgs/CMakeFiles/CMakeTmp'
make[1]: *** [cmTryCompileExec4246449629] Error 1
make: *** [cmTryCompileExec4246449629/fast] Error 2


