[  0%] Built target actionlib_msgs_generate_messages_py
[  0%] Built target std_msgs_generate_messages_py
[  0%] Built target std_srvs_generate_messages_py
[  0%] Built target geometry_msgs_generate_messages_py
[  0%] Built target sensor_msgs_generate_messages_py
[  0%] Built target _cob_object_detection_msgs_generate_messages_check_deps_AcquireObjectImageActionResult
[  0%] [  0%] [  0%] Built target _cob_object_detection_msgs_generate_messages_check_deps_StopObjectRecording
Built target _cob_object_detection_msgs_generate_messages_check_deps_PoseRT
Built target _cob_object_detection_msgs_generate_messages_check_deps_AcquireObjectImageAction
[  0%] [  0%] Built target _cob_object_detection_msgs_generate_messages_check_deps_TrainObjectGoal
Built target _cob_object_detection_msgs_generate_messages_check_deps_BaTestEnvironment
[  0%] [  0%] Built target _cob_object_detection_msgs_generate_messages_check_deps_TrainObjectFeedback
Built target _cob_object_detection_msgs_generate_messages_check_deps_AcquireObjectImageFeedback
[  0%] Built target _cob_object_detection_msgs_generate_messages_check_deps_RectArray
[  0%] Built target _cob_object_detection_msgs_generate_messages_check_deps_DetectionArray
[  0%] [  0%] [  0%] Built target _cob_object_detection_msgs_generate_messages_check_deps_TrainObjectResult
Built target _cob_object_detection_msgs_generate_messages_check_deps_DetectObjectsResult
Built target _cob_object_detection_msgs_generate_messages_check_deps_AcquireObjectImageActionFeedback
[  0%] Built target _cob_object_detection_msgs_generate_messages_check_deps_AcquireObjectImageResult
[  0%] [  0%] [  0%] Built target _cob_object_detection_msgs_generate_messages_check_deps_AcquireObjectImageGoal
Built target _cob_object_detection_msgs_generate_messages_check_deps_Detection
Built target _cob_object_detection_msgs_generate_messages_check_deps_TrainObject
[  0%] Built target _cob_object_detection_msgs_generate_messages_check_deps_DetectObjectsAction
[  0%] [  0%] Built target _cob_object_detection_msgs_generate_messages_check_deps_TrainObjectActionFeedback
[  0%] [  0%] Built target _cob_object_detection_msgs_generate_messages_check_deps_StartObjectRecording
Built target _cob_object_detection_msgs_generate_messages_check_deps_DetectObjectsGoal
Built target _cob_object_detection_msgs_generate_messages_check_deps_DetectObjectsFeedback
[  0%] Built target _cob_object_detection_msgs_generate_messages_check_deps_AcquireObjectImageActionGoal
[  0%] Built target _cob_object_detection_msgs_generate_messages_check_deps_TrainObjectActionResult
[  0%] Built target _cob_object_detection_msgs_generate_messages_check_deps_DetectObjects
[  0%] Built target _cob_object_detection_msgs_generate_messages_check_deps_Rect
[  0%] [  0%] Built target _cob_object_detection_msgs_generate_messages_check_deps_TrainObjectActionGoal
Built target _cob_object_detection_msgs_generate_messages_check_deps_DetectObjectsActionResult
[  0%] [  0%] Built target _cob_object_detection_msgs_generate_messages_check_deps_AcquireObjectImage
Built target _cob_object_detection_msgs_generate_messages_check_deps_TrainObjectAction
[  0%] Built target _cob_object_detection_msgs_generate_messages_check_deps_BagTrainObject
[  0%] Built target _cob_object_detection_msgs_generate_messages_check_deps_Mask
[  0%] [  0%] [  0%] Built target _cob_object_detection_msgs_generate_messages_check_deps_DetectObjectsActionFeedback
[  0%] Built target _cob_object_detection_msgs_generate_messages_check_deps_DetectObjectsActionGoal
Built target _cob_object_detection_msgs_generate_messages_check_deps_MaskArray
[  0%] Built target geometry_msgs_generate_messages_cpp
Built target _cob_object_detection_msgs_generate_messages_check_deps_SaveRecordedObject
[  0%] Built target std_srvs_generate_messages_cpp
[  0%] Built target actionlib_msgs_generate_messages_cpp
[  0%] [  0%] [  0%] Built target sensor_msgs_generate_messages_cpp
Built target std_msgs_generate_messages_lisp
Built target actionlib_msgs_generate_messages_lisp
[  0%] Built target std_msgs_generate_messages_cpp
[  0%] Built target geometry_msgs_generate_messages_lisp
[  0%] [  0%] Built target sensor_msgs_generate_messages_lisp
Built target std_srvs_generate_messages_lisp
[ 32%] Built target cob_object_detection_msgs_generate_messages_lisp
[ 65%] Built target cob_object_detection_msgs_generate_messages_cpp
[100%] Built target cob_object_detection_msgs_generate_messages_py
[100%] Built target cob_object_detection_msgs_generate_messages
