Linked: (/home/dan/dan_ws/devel/.private/cob_object_detection_msgs/lib/python2.7/dist-packages/cob_object_detection_msgs/__init__.py, /home/dan/dan_ws/devel/lib/python2.7/dist-packages/cob_object_detection_msgs/__init__.py)
Linked: (/home/dan/dan_ws/devel/.private/cob_object_detection_msgs/lib/python2.7/dist-packages/cob_object_detection_msgs/srv/_TrainObject.py, /home/dan/dan_ws/devel/lib/python2.7/dist-packages/cob_object_detection_msgs/srv/_TrainObject.py)
Linked: (/home/dan/dan_ws/devel/.private/cob_object_detection_msgs/lib/python2.7/dist-packages/cob_object_detection_msgs/srv/_StopObjectRecording.py, /home/dan/dan_ws/devel/lib/python2.7/dist-packages/cob_object_detection_msgs/srv/_StopObjectRecording.py)
Linked: (/home/dan/dan_ws/devel/.private/cob_object_detection_msgs/lib/python2.7/dist-packages/cob_object_detection_msgs/srv/_BaTestEnvironment.py, /home/dan/dan_ws/devel/lib/python2.7/dist-packages/cob_object_detection_msgs/srv/_BaTestEnvironment.py)
Linked: (/home/dan/dan_ws/devel/.private/cob_object_detection_msgs/lib/python2.7/dist-packages/cob_object_detection_msgs/srv/_BagTrainObject.py, /home/dan/dan_ws/devel/lib/python2.7/dist-packages/cob_object_detection_msgs/srv/_BagTrainObject.py)
Linked: (/home/dan/dan_ws/devel/.private/cob_object_detection_msgs/lib/python2.7/dist-packages/cob_object_detection_msgs/srv/__init__.py, /home/dan/dan_ws/devel/lib/python2.7/dist-packages/cob_object_detection_msgs/srv/__init__.py)
Linked: (/home/dan/dan_ws/devel/.private/cob_object_detection_msgs/lib/python2.7/dist-packages/cob_object_detection_msgs/srv/_StartObjectRecording.py, /home/dan/dan_ws/devel/lib/python2.7/dist-packages/cob_object_detection_msgs/srv/_StartObjectRecording.py)
Linked: (/home/dan/dan_ws/devel/.private/cob_object_detection_msgs/lib/python2.7/dist-packages/cob_object_detection_msgs/srv/_SaveRecordedObject.py, /home/dan/dan_ws/devel/lib/python2.7/dist-packages/cob_object_detection_msgs/srv/_SaveRecordedObject.py)
Linked: (/home/dan/dan_ws/devel/.private/cob_object_detection_msgs/lib/python2.7/dist-packages/cob_object_detection_msgs/srv/_DetectObjects.py, /home/dan/dan_ws/devel/lib/python2.7/dist-packages/cob_object_detection_msgs/srv/_DetectObjects.py)
Linked: (/home/dan/dan_ws/devel/.private/cob_object_detection_msgs/lib/python2.7/dist-packages/cob_object_detection_msgs/srv/_AcquireObjectImage.py, /home/dan/dan_ws/devel/lib/python2.7/dist-packages/cob_object_detection_msgs/srv/_AcquireObjectImage.py)
Linked: (/home/dan/dan_ws/devel/.private/cob_object_detection_msgs/lib/python2.7/dist-packages/cob_object_detection_msgs/msg/_DetectObjectsGoal.py, /home/dan/dan_ws/devel/lib/python2.7/dist-packages/cob_object_detection_msgs/msg/_DetectObjectsGoal.py)
Linked: (/home/dan/dan_ws/devel/.private/cob_object_detection_msgs/lib/python2.7/dist-packages/cob_object_detection_msgs/msg/_AcquireObjectImageActionGoal.py, /home/dan/dan_ws/devel/lib/python2.7/dist-packages/cob_object_detection_msgs/msg/_AcquireObjectImageActionGoal.py)
Linked: (/home/dan/dan_ws/devel/.private/cob_object_detection_msgs/lib/python2.7/dist-packages/cob_object_detection_msgs/msg/_TrainObjectGoal.py, /home/dan/dan_ws/devel/lib/python2.7/dist-packages/cob_object_detection_msgs/msg/_TrainObjectGoal.py)
Linked: (/home/dan/dan_ws/devel/.private/cob_object_detection_msgs/lib/python2.7/dist-packages/cob_object_detection_msgs/msg/_AcquireObjectImageFeedback.py, /home/dan/dan_ws/devel/lib/python2.7/dist-packages/cob_object_detection_msgs/msg/_AcquireObjectImageFeedback.py)
Linked: (/home/dan/dan_ws/devel/.private/cob_object_detection_msgs/lib/python2.7/dist-packages/cob_object_detection_msgs/msg/_TrainObjectAction.py, /home/dan/dan_ws/devel/lib/python2.7/dist-packages/cob_object_detection_msgs/msg/_TrainObjectAction.py)
Linked: (/home/dan/dan_ws/devel/.private/cob_object_detection_msgs/lib/python2.7/dist-packages/cob_object_detection_msgs/msg/_TrainObjectActionFeedback.py, /home/dan/dan_ws/devel/lib/python2.7/dist-packages/cob_object_detection_msgs/msg/_TrainObjectActionFeedback.py)
Linked: (/home/dan/dan_ws/devel/.private/cob_object_detection_msgs/lib/python2.7/dist-packages/cob_object_detection_msgs/msg/_RectArray.py, /home/dan/dan_ws/devel/lib/python2.7/dist-packages/cob_object_detection_msgs/msg/_RectArray.py)
Linked: (/home/dan/dan_ws/devel/.private/cob_object_detection_msgs/lib/python2.7/dist-packages/cob_object_detection_msgs/msg/_DetectObjectsResult.py, /home/dan/dan_ws/devel/lib/python2.7/dist-packages/cob_object_detection_msgs/msg/_DetectObjectsResult.py)
Linked: (/home/dan/dan_ws/devel/.private/cob_object_detection_msgs/lib/python2.7/dist-packages/cob_object_detection_msgs/msg/_TrainObjectFeedback.py, /home/dan/dan_ws/devel/lib/python2.7/dist-packages/cob_object_detection_msgs/msg/_TrainObjectFeedback.py)
Linked: (/home/dan/dan_ws/devel/.private/cob_object_detection_msgs/lib/python2.7/dist-packages/cob_object_detection_msgs/msg/_AcquireObjectImageResult.py, /home/dan/dan_ws/devel/lib/python2.7/dist-packages/cob_object_detection_msgs/msg/_AcquireObjectImageResult.py)
Linked: (/home/dan/dan_ws/devel/.private/cob_object_detection_msgs/lib/python2.7/dist-packages/cob_object_detection_msgs/msg/_MaskArray.py, /home/dan/dan_ws/devel/lib/python2.7/dist-packages/cob_object_detection_msgs/msg/_MaskArray.py)
Linked: (/home/dan/dan_ws/devel/.private/cob_object_detection_msgs/lib/python2.7/dist-packages/cob_object_detection_msgs/msg/_AcquireObjectImageActionResult.py, /home/dan/dan_ws/devel/lib/python2.7/dist-packages/cob_object_detection_msgs/msg/_AcquireObjectImageActionResult.py)
Linked: (/home/dan/dan_ws/devel/.private/cob_object_detection_msgs/lib/python2.7/dist-packages/cob_object_detection_msgs/msg/_AcquireObjectImageAction.py, /home/dan/dan_ws/devel/lib/python2.7/dist-packages/cob_object_detection_msgs/msg/_AcquireObjectImageAction.py)
Linked: (/home/dan/dan_ws/devel/.private/cob_object_detection_msgs/lib/python2.7/dist-packages/cob_object_detection_msgs/msg/_DetectObjectsFeedback.py, /home/dan/dan_ws/devel/lib/python2.7/dist-packages/cob_object_detection_msgs/msg/_DetectObjectsFeedback.py)
Linked: (/home/dan/dan_ws/devel/.private/cob_object_detection_msgs/lib/python2.7/dist-packages/cob_object_detection_msgs/msg/_Detection.py, /home/dan/dan_ws/devel/lib/python2.7/dist-packages/cob_object_detection_msgs/msg/_Detection.py)
Linked: (/home/dan/dan_ws/devel/.private/cob_object_detection_msgs/lib/python2.7/dist-packages/cob_object_detection_msgs/msg/_TrainObjectActionResult.py, /home/dan/dan_ws/devel/lib/python2.7/dist-packages/cob_object_detection_msgs/msg/_TrainObjectActionResult.py)
Linked: (/home/dan/dan_ws/devel/.private/cob_object_detection_msgs/lib/python2.7/dist-packages/cob_object_detection_msgs/msg/_DetectObjectsActionFeedback.py, /home/dan/dan_ws/devel/lib/python2.7/dist-packages/cob_object_detection_msgs/msg/_DetectObjectsActionFeedback.py)
Linked: (/home/dan/dan_ws/devel/.private/cob_object_detection_msgs/lib/python2.7/dist-packages/cob_object_detection_msgs/msg/_TrainObjectResult.py, /home/dan/dan_ws/devel/lib/python2.7/dist-packages/cob_object_detection_msgs/msg/_TrainObjectResult.py)
Linked: (/home/dan/dan_ws/devel/.private/cob_object_detection_msgs/lib/python2.7/dist-packages/cob_object_detection_msgs/msg/__init__.py, /home/dan/dan_ws/devel/lib/python2.7/dist-packages/cob_object_detection_msgs/msg/__init__.py)
Linked: (/home/dan/dan_ws/devel/.private/cob_object_detection_msgs/lib/python2.7/dist-packages/cob_object_detection_msgs/msg/_Rect.py, /home/dan/dan_ws/devel/lib/python2.7/dist-packages/cob_object_detection_msgs/msg/_Rect.py)
Linked: (/home/dan/dan_ws/devel/.private/cob_object_detection_msgs/lib/python2.7/dist-packages/cob_object_detection_msgs/msg/_Mask.py, /home/dan/dan_ws/devel/lib/python2.7/dist-packages/cob_object_detection_msgs/msg/_Mask.py)
Linked: (/home/dan/dan_ws/devel/.private/cob_object_detection_msgs/lib/python2.7/dist-packages/cob_object_detection_msgs/msg/_PoseRT.py, /home/dan/dan_ws/devel/lib/python2.7/dist-packages/cob_object_detection_msgs/msg/_PoseRT.py)
Linked: (/home/dan/dan_ws/devel/.private/cob_object_detection_msgs/lib/python2.7/dist-packages/cob_object_detection_msgs/msg/_DetectionArray.py, /home/dan/dan_ws/devel/lib/python2.7/dist-packages/cob_object_detection_msgs/msg/_DetectionArray.py)
Linked: (/home/dan/dan_ws/devel/.private/cob_object_detection_msgs/lib/python2.7/dist-packages/cob_object_detection_msgs/msg/_TrainObjectActionGoal.py, /home/dan/dan_ws/devel/lib/python2.7/dist-packages/cob_object_detection_msgs/msg/_TrainObjectActionGoal.py)
Linked: (/home/dan/dan_ws/devel/.private/cob_object_detection_msgs/lib/python2.7/dist-packages/cob_object_detection_msgs/msg/_DetectObjectsAction.py, /home/dan/dan_ws/devel/lib/python2.7/dist-packages/cob_object_detection_msgs/msg/_DetectObjectsAction.py)
Linked: (/home/dan/dan_ws/devel/.private/cob_object_detection_msgs/lib/python2.7/dist-packages/cob_object_detection_msgs/msg/_DetectObjectsActionResult.py, /home/dan/dan_ws/devel/lib/python2.7/dist-packages/cob_object_detection_msgs/msg/_DetectObjectsActionResult.py)
Linked: (/home/dan/dan_ws/devel/.private/cob_object_detection_msgs/lib/python2.7/dist-packages/cob_object_detection_msgs/msg/_DetectObjectsActionGoal.py, /home/dan/dan_ws/devel/lib/python2.7/dist-packages/cob_object_detection_msgs/msg/_DetectObjectsActionGoal.py)
Linked: (/home/dan/dan_ws/devel/.private/cob_object_detection_msgs/lib/python2.7/dist-packages/cob_object_detection_msgs/msg/_AcquireObjectImageActionFeedback.py, /home/dan/dan_ws/devel/lib/python2.7/dist-packages/cob_object_detection_msgs/msg/_AcquireObjectImageActionFeedback.py)
Linked: (/home/dan/dan_ws/devel/.private/cob_object_detection_msgs/lib/python2.7/dist-packages/cob_object_detection_msgs/msg/_AcquireObjectImageGoal.py, /home/dan/dan_ws/devel/lib/python2.7/dist-packages/cob_object_detection_msgs/msg/_AcquireObjectImageGoal.py)
Linked: (/home/dan/dan_ws/devel/.private/cob_object_detection_msgs/lib/pkgconfig/cob_object_detection_msgs.pc, /home/dan/dan_ws/devel/lib/pkgconfig/cob_object_detection_msgs.pc)
Linked: (/home/dan/dan_ws/devel/.private/cob_object_detection_msgs/share/cob_object_detection_msgs/cmake/cob_object_detection_msgsConfig.cmake, /home/dan/dan_ws/devel/share/cob_object_detection_msgs/cmake/cob_object_detection_msgsConfig.cmake)
Linked: (/home/dan/dan_ws/devel/.private/cob_object_detection_msgs/share/cob_object_detection_msgs/cmake/cob_object_detection_msgsConfig-version.cmake, /home/dan/dan_ws/devel/share/cob_object_detection_msgs/cmake/cob_object_detection_msgsConfig-version.cmake)
Linked: (/home/dan/dan_ws/devel/.private/cob_object_detection_msgs/share/cob_object_detection_msgs/cmake/cob_object_detection_msgs-msg-extras.cmake, /home/dan/dan_ws/devel/share/cob_object_detection_msgs/cmake/cob_object_detection_msgs-msg-extras.cmake)
Linked: (/home/dan/dan_ws/devel/.private/cob_object_detection_msgs/share/cob_object_detection_msgs/cmake/cob_object_detection_msgs-msg-paths.cmake, /home/dan/dan_ws/devel/share/cob_object_detection_msgs/cmake/cob_object_detection_msgs-msg-paths.cmake)
Linked: (/home/dan/dan_ws/devel/.private/cob_object_detection_msgs/share/cob_object_detection_msgs/msg/DetectObjectsFeedback.msg, /home/dan/dan_ws/devel/share/cob_object_detection_msgs/msg/DetectObjectsFeedback.msg)
Linked: (/home/dan/dan_ws/devel/.private/cob_object_detection_msgs/share/cob_object_detection_msgs/msg/TrainObjectActionGoal.msg, /home/dan/dan_ws/devel/share/cob_object_detection_msgs/msg/TrainObjectActionGoal.msg)
Linked: (/home/dan/dan_ws/devel/.private/cob_object_detection_msgs/share/cob_object_detection_msgs/msg/AcquireObjectImageActionGoal.msg, /home/dan/dan_ws/devel/share/cob_object_detection_msgs/msg/AcquireObjectImageActionGoal.msg)
Linked: (/home/dan/dan_ws/devel/.private/cob_object_detection_msgs/share/cob_object_detection_msgs/msg/TrainObjectActionFeedback.msg, /home/dan/dan_ws/devel/share/cob_object_detection_msgs/msg/TrainObjectActionFeedback.msg)
Linked: (/home/dan/dan_ws/devel/.private/cob_object_detection_msgs/share/cob_object_detection_msgs/msg/TrainObjectFeedback.msg, /home/dan/dan_ws/devel/share/cob_object_detection_msgs/msg/TrainObjectFeedback.msg)
Linked: (/home/dan/dan_ws/devel/.private/cob_object_detection_msgs/share/cob_object_detection_msgs/msg/DetectObjectsActionResult.msg, /home/dan/dan_ws/devel/share/cob_object_detection_msgs/msg/DetectObjectsActionResult.msg)
Linked: (/home/dan/dan_ws/devel/.private/cob_object_detection_msgs/share/cob_object_detection_msgs/msg/AcquireObjectImageGoal.msg, /home/dan/dan_ws/devel/share/cob_object_detection_msgs/msg/AcquireObjectImageGoal.msg)
Linked: (/home/dan/dan_ws/devel/.private/cob_object_detection_msgs/share/cob_object_detection_msgs/msg/AcquireObjectImageFeedback.msg, /home/dan/dan_ws/devel/share/cob_object_detection_msgs/msg/AcquireObjectImageFeedback.msg)
Linked: (/home/dan/dan_ws/devel/.private/cob_object_detection_msgs/share/cob_object_detection_msgs/msg/AcquireObjectImageResult.msg, /home/dan/dan_ws/devel/share/cob_object_detection_msgs/msg/AcquireObjectImageResult.msg)
Linked: (/home/dan/dan_ws/devel/.private/cob_object_detection_msgs/share/cob_object_detection_msgs/msg/TrainObjectResult.msg, /home/dan/dan_ws/devel/share/cob_object_detection_msgs/msg/TrainObjectResult.msg)
Linked: (/home/dan/dan_ws/devel/.private/cob_object_detection_msgs/share/cob_object_detection_msgs/msg/DetectObjectsGoal.msg, /home/dan/dan_ws/devel/share/cob_object_detection_msgs/msg/DetectObjectsGoal.msg)
Linked: (/home/dan/dan_ws/devel/.private/cob_object_detection_msgs/share/cob_object_detection_msgs/msg/TrainObjectAction.msg, /home/dan/dan_ws/devel/share/cob_object_detection_msgs/msg/TrainObjectAction.msg)
Linked: (/home/dan/dan_ws/devel/.private/cob_object_detection_msgs/share/cob_object_detection_msgs/msg/TrainObjectGoal.msg, /home/dan/dan_ws/devel/share/cob_object_detection_msgs/msg/TrainObjectGoal.msg)
Linked: (/home/dan/dan_ws/devel/.private/cob_object_detection_msgs/share/cob_object_detection_msgs/msg/TrainObjectActionResult.msg, /home/dan/dan_ws/devel/share/cob_object_detection_msgs/msg/TrainObjectActionResult.msg)
Linked: (/home/dan/dan_ws/devel/.private/cob_object_detection_msgs/share/cob_object_detection_msgs/msg/AcquireObjectImageAction.msg, /home/dan/dan_ws/devel/share/cob_object_detection_msgs/msg/AcquireObjectImageAction.msg)
Linked: (/home/dan/dan_ws/devel/.private/cob_object_detection_msgs/share/cob_object_detection_msgs/msg/DetectObjectsResult.msg, /home/dan/dan_ws/devel/share/cob_object_detection_msgs/msg/DetectObjectsResult.msg)
Linked: (/home/dan/dan_ws/devel/.private/cob_object_detection_msgs/share/cob_object_detection_msgs/msg/DetectObjectsActionGoal.msg, /home/dan/dan_ws/devel/share/cob_object_detection_msgs/msg/DetectObjectsActionGoal.msg)
Linked: (/home/dan/dan_ws/devel/.private/cob_object_detection_msgs/share/cob_object_detection_msgs/msg/DetectObjectsActionFeedback.msg, /home/dan/dan_ws/devel/share/cob_object_detection_msgs/msg/DetectObjectsActionFeedback.msg)
Linked: (/home/dan/dan_ws/devel/.private/cob_object_detection_msgs/share/cob_object_detection_msgs/msg/AcquireObjectImageActionFeedback.msg, /home/dan/dan_ws/devel/share/cob_object_detection_msgs/msg/AcquireObjectImageActionFeedback.msg)
Linked: (/home/dan/dan_ws/devel/.private/cob_object_detection_msgs/share/cob_object_detection_msgs/msg/AcquireObjectImageActionResult.msg, /home/dan/dan_ws/devel/share/cob_object_detection_msgs/msg/AcquireObjectImageActionResult.msg)
Linked: (/home/dan/dan_ws/devel/.private/cob_object_detection_msgs/share/cob_object_detection_msgs/msg/DetectObjectsAction.msg, /home/dan/dan_ws/devel/share/cob_object_detection_msgs/msg/DetectObjectsAction.msg)
Linked: (/home/dan/dan_ws/devel/.private/cob_object_detection_msgs/share/common-lisp/ros/cob_object_detection_msgs/srv/_package_StopObjectRecording.lisp, /home/dan/dan_ws/devel/share/common-lisp/ros/cob_object_detection_msgs/srv/_package_StopObjectRecording.lisp)
Linked: (/home/dan/dan_ws/devel/.private/cob_object_detection_msgs/share/common-lisp/ros/cob_object_detection_msgs/srv/_package.lisp, /home/dan/dan_ws/devel/share/common-lisp/ros/cob_object_detection_msgs/srv/_package.lisp)
Linked: (/home/dan/dan_ws/devel/.private/cob_object_detection_msgs/share/common-lisp/ros/cob_object_detection_msgs/srv/_package_AcquireObjectImage.lisp, /home/dan/dan_ws/devel/share/common-lisp/ros/cob_object_detection_msgs/srv/_package_AcquireObjectImage.lisp)
Linked: (/home/dan/dan_ws/devel/.private/cob_object_detection_msgs/share/common-lisp/ros/cob_object_detection_msgs/srv/AcquireObjectImage.lisp, /home/dan/dan_ws/devel/share/common-lisp/ros/cob_object_detection_msgs/srv/AcquireObjectImage.lisp)
Linked: (/home/dan/dan_ws/devel/.private/cob_object_detection_msgs/share/common-lisp/ros/cob_object_detection_msgs/srv/TrainObject.lisp, /home/dan/dan_ws/devel/share/common-lisp/ros/cob_object_detection_msgs/srv/TrainObject.lisp)
Linked: (/home/dan/dan_ws/devel/.private/cob_object_detection_msgs/share/common-lisp/ros/cob_object_detection_msgs/srv/StopObjectRecording.lisp, /home/dan/dan_ws/devel/share/common-lisp/ros/cob_object_detection_msgs/srv/StopObjectRecording.lisp)
Linked: (/home/dan/dan_ws/devel/.private/cob_object_detection_msgs/share/common-lisp/ros/cob_object_detection_msgs/srv/_package_SaveRecordedObject.lisp, /home/dan/dan_ws/devel/share/common-lisp/ros/cob_object_detection_msgs/srv/_package_SaveRecordedObject.lisp)
Linked: (/home/dan/dan_ws/devel/.private/cob_object_detection_msgs/share/common-lisp/ros/cob_object_detection_msgs/srv/SaveRecordedObject.lisp, /home/dan/dan_ws/devel/share/common-lisp/ros/cob_object_detection_msgs/srv/SaveRecordedObject.lisp)
Linked: (/home/dan/dan_ws/devel/.private/cob_object_detection_msgs/share/common-lisp/ros/cob_object_detection_msgs/srv/_package_StartObjectRecording.lisp, /home/dan/dan_ws/devel/share/common-lisp/ros/cob_object_detection_msgs/srv/_package_StartObjectRecording.lisp)
Linked: (/home/dan/dan_ws/devel/.private/cob_object_detection_msgs/share/common-lisp/ros/cob_object_detection_msgs/srv/BagTrainObject.lisp, /home/dan/dan_ws/devel/share/common-lisp/ros/cob_object_detection_msgs/srv/BagTrainObject.lisp)
Linked: (/home/dan/dan_ws/devel/.private/cob_object_detection_msgs/share/common-lisp/ros/cob_object_detection_msgs/srv/_package_DetectObjects.lisp, /home/dan/dan_ws/devel/share/common-lisp/ros/cob_object_detection_msgs/srv/_package_DetectObjects.lisp)
Linked: (/home/dan/dan_ws/devel/.private/cob_object_detection_msgs/share/common-lisp/ros/cob_object_detection_msgs/srv/_package_TrainObject.lisp, /home/dan/dan_ws/devel/share/common-lisp/ros/cob_object_detection_msgs/srv/_package_TrainObject.lisp)
Linked: (/home/dan/dan_ws/devel/.private/cob_object_detection_msgs/share/common-lisp/ros/cob_object_detection_msgs/srv/_package_BagTrainObject.lisp, /home/dan/dan_ws/devel/share/common-lisp/ros/cob_object_detection_msgs/srv/_package_BagTrainObject.lisp)
Linked: (/home/dan/dan_ws/devel/.private/cob_object_detection_msgs/share/common-lisp/ros/cob_object_detection_msgs/srv/StartObjectRecording.lisp, /home/dan/dan_ws/devel/share/common-lisp/ros/cob_object_detection_msgs/srv/StartObjectRecording.lisp)
Linked: (/home/dan/dan_ws/devel/.private/cob_object_detection_msgs/share/common-lisp/ros/cob_object_detection_msgs/srv/DetectObjects.lisp, /home/dan/dan_ws/devel/share/common-lisp/ros/cob_object_detection_msgs/srv/DetectObjects.lisp)
Linked: (/home/dan/dan_ws/devel/.private/cob_object_detection_msgs/share/common-lisp/ros/cob_object_detection_msgs/srv/BaTestEnvironment.lisp, /home/dan/dan_ws/devel/share/common-lisp/ros/cob_object_detection_msgs/srv/BaTestEnvironment.lisp)
Linked: (/home/dan/dan_ws/devel/.private/cob_object_detection_msgs/share/common-lisp/ros/cob_object_detection_msgs/srv/_package_BaTestEnvironment.lisp, /home/dan/dan_ws/devel/share/common-lisp/ros/cob_object_detection_msgs/srv/_package_BaTestEnvironment.lisp)
Linked: (/home/dan/dan_ws/devel/.private/cob_object_detection_msgs/share/common-lisp/ros/cob_object_detection_msgs/srv/cob_object_detection_msgs-srv.asd, /home/dan/dan_ws/devel/share/common-lisp/ros/cob_object_detection_msgs/srv/cob_object_detection_msgs-srv.asd)
Linked: (/home/dan/dan_ws/devel/.private/cob_object_detection_msgs/share/common-lisp/ros/cob_object_detection_msgs/msg/DetectionArray.lisp, /home/dan/dan_ws/devel/share/common-lisp/ros/cob_object_detection_msgs/msg/DetectionArray.lisp)
Linked: (/home/dan/dan_ws/devel/.private/cob_object_detection_msgs/share/common-lisp/ros/cob_object_detection_msgs/msg/TrainObjectActionGoal.lisp, /home/dan/dan_ws/devel/share/common-lisp/ros/cob_object_detection_msgs/msg/TrainObjectActionGoal.lisp)
Linked: (/home/dan/dan_ws/devel/.private/cob_object_detection_msgs/share/common-lisp/ros/cob_object_detection_msgs/msg/AcquireObjectImageActionFeedback.lisp, /home/dan/dan_ws/devel/share/common-lisp/ros/cob_object_detection_msgs/msg/AcquireObjectImageActionFeedback.lisp)
Linked: (/home/dan/dan_ws/devel/.private/cob_object_detection_msgs/share/common-lisp/ros/cob_object_detection_msgs/msg/_package_Mask.lisp, /home/dan/dan_ws/devel/share/common-lisp/ros/cob_object_detection_msgs/msg/_package_Mask.lisp)
Linked: (/home/dan/dan_ws/devel/.private/cob_object_detection_msgs/share/common-lisp/ros/cob_object_detection_msgs/msg/_package.lisp, /home/dan/dan_ws/devel/share/common-lisp/ros/cob_object_detection_msgs/msg/_package.lisp)
Linked: (/home/dan/dan_ws/devel/.private/cob_object_detection_msgs/share/common-lisp/ros/cob_object_detection_msgs/msg/cob_object_detection_msgs-msg.asd, /home/dan/dan_ws/devel/share/common-lisp/ros/cob_object_detection_msgs/msg/cob_object_detection_msgs-msg.asd)
Linked: (/home/dan/dan_ws/devel/.private/cob_object_detection_msgs/share/common-lisp/ros/cob_object_detection_msgs/msg/_package_DetectObjectsGoal.lisp, /home/dan/dan_ws/devel/share/common-lisp/ros/cob_object_detection_msgs/msg/_package_DetectObjectsGoal.lisp)
Linked: (/home/dan/dan_ws/devel/.private/cob_object_detection_msgs/share/common-lisp/ros/cob_object_detection_msgs/msg/DetectObjectsResult.lisp, /home/dan/dan_ws/devel/share/common-lisp/ros/cob_object_detection_msgs/msg/DetectObjectsResult.lisp)
Linked: (/home/dan/dan_ws/devel/.private/cob_object_detection_msgs/share/common-lisp/ros/cob_object_detection_msgs/msg/RectArray.lisp, /home/dan/dan_ws/devel/share/common-lisp/ros/cob_object_detection_msgs/msg/RectArray.lisp)
Linked: (/home/dan/dan_ws/devel/.private/cob_object_detection_msgs/share/common-lisp/ros/cob_object_detection_msgs/msg/_package_DetectObjectsResult.lisp, /home/dan/dan_ws/devel/share/common-lisp/ros/cob_object_detection_msgs/msg/_package_DetectObjectsResult.lisp)
Linked: (/home/dan/dan_ws/devel/.private/cob_object_detection_msgs/share/common-lisp/ros/cob_object_detection_msgs/msg/MaskArray.lisp, /home/dan/dan_ws/devel/share/common-lisp/ros/cob_object_detection_msgs/msg/MaskArray.lisp)
Linked: (/home/dan/dan_ws/devel/.private/cob_object_detection_msgs/share/common-lisp/ros/cob_object_detection_msgs/msg/_package_TrainObjectActionGoal.lisp, /home/dan/dan_ws/devel/share/common-lisp/ros/cob_object_detection_msgs/msg/_package_TrainObjectActionGoal.lisp)
Linked: (/home/dan/dan_ws/devel/.private/cob_object_detection_msgs/share/common-lisp/ros/cob_object_detection_msgs/msg/_package_TrainObjectAction.lisp, /home/dan/dan_ws/devel/share/common-lisp/ros/cob_object_detection_msgs/msg/_package_TrainObjectAction.lisp)
Linked: (/home/dan/dan_ws/devel/.private/cob_object_detection_msgs/share/common-lisp/ros/cob_object_detection_msgs/msg/_package_MaskArray.lisp, /home/dan/dan_ws/devel/share/common-lisp/ros/cob_object_detection_msgs/msg/_package_MaskArray.lisp)
Linked: (/home/dan/dan_ws/devel/.private/cob_object_detection_msgs/share/common-lisp/ros/cob_object_detection_msgs/msg/_package_DetectObjectsAction.lisp, /home/dan/dan_ws/devel/share/common-lisp/ros/cob_object_detection_msgs/msg/_package_DetectObjectsAction.lisp)
Linked: (/home/dan/dan_ws/devel/.private/cob_object_detection_msgs/share/common-lisp/ros/cob_object_detection_msgs/msg/TrainObjectFeedback.lisp, /home/dan/dan_ws/devel/share/common-lisp/ros/cob_object_detection_msgs/msg/TrainObjectFeedback.lisp)
Linked: (/home/dan/dan_ws/devel/.private/cob_object_detection_msgs/share/common-lisp/ros/cob_object_detection_msgs/msg/_package_TrainObjectFeedback.lisp, /home/dan/dan_ws/devel/share/common-lisp/ros/cob_object_detection_msgs/msg/_package_TrainObjectFeedback.lisp)
Linked: (/home/dan/dan_ws/devel/.private/cob_object_detection_msgs/share/common-lisp/ros/cob_object_detection_msgs/msg/DetectObjectsFeedback.lisp, /home/dan/dan_ws/devel/share/common-lisp/ros/cob_object_detection_msgs/msg/DetectObjectsFeedback.lisp)
Linked: (/home/dan/dan_ws/devel/.private/cob_object_detection_msgs/share/common-lisp/ros/cob_object_detection_msgs/msg/_package_Detection.lisp, /home/dan/dan_ws/devel/share/common-lisp/ros/cob_object_detection_msgs/msg/_package_Detection.lisp)
Linked: (/home/dan/dan_ws/devel/.private/cob_object_detection_msgs/share/common-lisp/ros/cob_object_detection_msgs/msg/AcquireObjectImageActionGoal.lisp, /home/dan/dan_ws/devel/share/common-lisp/ros/cob_object_detection_msgs/msg/AcquireObjectImageActionGoal.lisp)
Linked: (/home/dan/dan_ws/devel/.private/cob_object_detection_msgs/share/common-lisp/ros/cob_object_detection_msgs/msg/AcquireObjectImageFeedback.lisp, /home/dan/dan_ws/devel/share/common-lisp/ros/cob_object_detection_msgs/msg/AcquireObjectImageFeedback.lisp)
Linked: (/home/dan/dan_ws/devel/.private/cob_object_detection_msgs/share/common-lisp/ros/cob_object_detection_msgs/msg/_package_DetectObjectsActionGoal.lisp, /home/dan/dan_ws/devel/share/common-lisp/ros/cob_object_detection_msgs/msg/_package_DetectObjectsActionGoal.lisp)
Linked: (/home/dan/dan_ws/devel/.private/cob_object_detection_msgs/share/common-lisp/ros/cob_object_detection_msgs/msg/_package_AcquireObjectImageActionGoal.lisp, /home/dan/dan_ws/devel/share/common-lisp/ros/cob_object_detection_msgs/msg/_package_AcquireObjectImageActionGoal.lisp)
Linked: (/home/dan/dan_ws/devel/.private/cob_object_detection_msgs/share/common-lisp/ros/cob_object_detection_msgs/msg/_package_RectArray.lisp, /home/dan/dan_ws/devel/share/common-lisp/ros/cob_object_detection_msgs/msg/_package_RectArray.lisp)
Linked: (/home/dan/dan_ws/devel/.private/cob_object_detection_msgs/share/common-lisp/ros/cob_object_detection_msgs/msg/_package_DetectObjectsActionResult.lisp, /home/dan/dan_ws/devel/share/common-lisp/ros/cob_object_detection_msgs/msg/_package_DetectObjectsActionResult.lisp)
Linked: (/home/dan/dan_ws/devel/.private/cob_object_detection_msgs/share/common-lisp/ros/cob_object_detection_msgs/msg/_package_TrainObjectGoal.lisp, /home/dan/dan_ws/devel/share/common-lisp/ros/cob_object_detection_msgs/msg/_package_TrainObjectGoal.lisp)
Linked: (/home/dan/dan_ws/devel/.private/cob_object_detection_msgs/share/common-lisp/ros/cob_object_detection_msgs/msg/AcquireObjectImageGoal.lisp, /home/dan/dan_ws/devel/share/common-lisp/ros/cob_object_detection_msgs/msg/AcquireObjectImageGoal.lisp)
Linked: (/home/dan/dan_ws/devel/.private/cob_object_detection_msgs/share/common-lisp/ros/cob_object_detection_msgs/msg/_package_Rect.lisp, /home/dan/dan_ws/devel/share/common-lisp/ros/cob_object_detection_msgs/msg/_package_Rect.lisp)
Linked: (/home/dan/dan_ws/devel/.private/cob_object_detection_msgs/share/common-lisp/ros/cob_object_detection_msgs/msg/TrainObjectActionResult.lisp, /home/dan/dan_ws/devel/share/common-lisp/ros/cob_object_detection_msgs/msg/TrainObjectActionResult.lisp)
Linked: (/home/dan/dan_ws/devel/.private/cob_object_detection_msgs/share/common-lisp/ros/cob_object_detection_msgs/msg/AcquireObjectImageResult.lisp, /home/dan/dan_ws/devel/share/common-lisp/ros/cob_object_detection_msgs/msg/AcquireObjectImageResult.lisp)
Linked: (/home/dan/dan_ws/devel/.private/cob_object_detection_msgs/share/common-lisp/ros/cob_object_detection_msgs/msg/_package_TrainObjectActionResult.lisp, /home/dan/dan_ws/devel/share/common-lisp/ros/cob_object_detection_msgs/msg/_package_TrainObjectActionResult.lisp)
Linked: (/home/dan/dan_ws/devel/.private/cob_object_detection_msgs/share/common-lisp/ros/cob_object_detection_msgs/msg/AcquireObjectImageAction.lisp, /home/dan/dan_ws/devel/share/common-lisp/ros/cob_object_detection_msgs/msg/AcquireObjectImageAction.lisp)
Linked: (/home/dan/dan_ws/devel/.private/cob_object_detection_msgs/share/common-lisp/ros/cob_object_detection_msgs/msg/_package_PoseRT.lisp, /home/dan/dan_ws/devel/share/common-lisp/ros/cob_object_detection_msgs/msg/_package_PoseRT.lisp)
Linked: (/home/dan/dan_ws/devel/.private/cob_object_detection_msgs/share/common-lisp/ros/cob_object_detection_msgs/msg/_package_TrainObjectResult.lisp, /home/dan/dan_ws/devel/share/common-lisp/ros/cob_object_detection_msgs/msg/_package_TrainObjectResult.lisp)
Linked: (/home/dan/dan_ws/devel/.private/cob_object_detection_msgs/share/common-lisp/ros/cob_object_detection_msgs/msg/_package_DetectObjectsFeedback.lisp, /home/dan/dan_ws/devel/share/common-lisp/ros/cob_object_detection_msgs/msg/_package_DetectObjectsFeedback.lisp)
Linked: (/home/dan/dan_ws/devel/.private/cob_object_detection_msgs/share/common-lisp/ros/cob_object_detection_msgs/msg/_package_DetectionArray.lisp, /home/dan/dan_ws/devel/share/common-lisp/ros/cob_object_detection_msgs/msg/_package_DetectionArray.lisp)
Linked: (/home/dan/dan_ws/devel/.private/cob_object_detection_msgs/share/common-lisp/ros/cob_object_detection_msgs/msg/DetectObjectsAction.lisp, /home/dan/dan_ws/devel/share/common-lisp/ros/cob_object_detection_msgs/msg/DetectObjectsAction.lisp)
Linked: (/home/dan/dan_ws/devel/.private/cob_object_detection_msgs/share/common-lisp/ros/cob_object_detection_msgs/msg/TrainObjectAction.lisp, /home/dan/dan_ws/devel/share/common-lisp/ros/cob_object_detection_msgs/msg/TrainObjectAction.lisp)
Linked: (/home/dan/dan_ws/devel/.private/cob_object_detection_msgs/share/common-lisp/ros/cob_object_detection_msgs/msg/AcquireObjectImageActionResult.lisp, /home/dan/dan_ws/devel/share/common-lisp/ros/cob_object_detection_msgs/msg/AcquireObjectImageActionResult.lisp)
Linked: (/home/dan/dan_ws/devel/.private/cob_object_detection_msgs/share/common-lisp/ros/cob_object_detection_msgs/msg/DetectObjectsActionFeedback.lisp, /home/dan/dan_ws/devel/share/common-lisp/ros/cob_object_detection_msgs/msg/DetectObjectsActionFeedback.lisp)
Linked: (/home/dan/dan_ws/devel/.private/cob_object_detection_msgs/share/common-lisp/ros/cob_object_detection_msgs/msg/_package_AcquireObjectImageActionFeedback.lisp, /home/dan/dan_ws/devel/share/common-lisp/ros/cob_object_detection_msgs/msg/_package_AcquireObjectImageActionFeedback.lisp)
Linked: (/home/dan/dan_ws/devel/.private/cob_object_detection_msgs/share/common-lisp/ros/cob_object_detection_msgs/msg/DetectObjectsActionGoal.lisp, /home/dan/dan_ws/devel/share/common-lisp/ros/cob_object_detection_msgs/msg/DetectObjectsActionGoal.lisp)
Linked: (/home/dan/dan_ws/devel/.private/cob_object_detection_msgs/share/common-lisp/ros/cob_object_detection_msgs/msg/PoseRT.lisp, /home/dan/dan_ws/devel/share/common-lisp/ros/cob_object_detection_msgs/msg/PoseRT.lisp)
Linked: (/home/dan/dan_ws/devel/.private/cob_object_detection_msgs/share/common-lisp/ros/cob_object_detection_msgs/msg/TrainObjectGoal.lisp, /home/dan/dan_ws/devel/share/common-lisp/ros/cob_object_detection_msgs/msg/TrainObjectGoal.lisp)
Linked: (/home/dan/dan_ws/devel/.private/cob_object_detection_msgs/share/common-lisp/ros/cob_object_detection_msgs/msg/TrainObjectActionFeedback.lisp, /home/dan/dan_ws/devel/share/common-lisp/ros/cob_object_detection_msgs/msg/TrainObjectActionFeedback.lisp)
Linked: (/home/dan/dan_ws/devel/.private/cob_object_detection_msgs/share/common-lisp/ros/cob_object_detection_msgs/msg/Mask.lisp, /home/dan/dan_ws/devel/share/common-lisp/ros/cob_object_detection_msgs/msg/Mask.lisp)
Linked: (/home/dan/dan_ws/devel/.private/cob_object_detection_msgs/share/common-lisp/ros/cob_object_detection_msgs/msg/_package_AcquireObjectImageAction.lisp, /home/dan/dan_ws/devel/share/common-lisp/ros/cob_object_detection_msgs/msg/_package_AcquireObjectImageAction.lisp)
Linked: (/home/dan/dan_ws/devel/.private/cob_object_detection_msgs/share/common-lisp/ros/cob_object_detection_msgs/msg/TrainObjectResult.lisp, /home/dan/dan_ws/devel/share/common-lisp/ros/cob_object_detection_msgs/msg/TrainObjectResult.lisp)
Linked: (/home/dan/dan_ws/devel/.private/cob_object_detection_msgs/share/common-lisp/ros/cob_object_detection_msgs/msg/_package_AcquireObjectImageResult.lisp, /home/dan/dan_ws/devel/share/common-lisp/ros/cob_object_detection_msgs/msg/_package_AcquireObjectImageResult.lisp)
Linked: (/home/dan/dan_ws/devel/.private/cob_object_detection_msgs/share/common-lisp/ros/cob_object_detection_msgs/msg/DetectObjectsGoal.lisp, /home/dan/dan_ws/devel/share/common-lisp/ros/cob_object_detection_msgs/msg/DetectObjectsGoal.lisp)
Linked: (/home/dan/dan_ws/devel/.private/cob_object_detection_msgs/share/common-lisp/ros/cob_object_detection_msgs/msg/_package_TrainObjectActionFeedback.lisp, /home/dan/dan_ws/devel/share/common-lisp/ros/cob_object_detection_msgs/msg/_package_TrainObjectActionFeedback.lisp)
Linked: (/home/dan/dan_ws/devel/.private/cob_object_detection_msgs/share/common-lisp/ros/cob_object_detection_msgs/msg/_package_AcquireObjectImageActionResult.lisp, /home/dan/dan_ws/devel/share/common-lisp/ros/cob_object_detection_msgs/msg/_package_AcquireObjectImageActionResult.lisp)
Linked: (/home/dan/dan_ws/devel/.private/cob_object_detection_msgs/share/common-lisp/ros/cob_object_detection_msgs/msg/_package_AcquireObjectImageFeedback.lisp, /home/dan/dan_ws/devel/share/common-lisp/ros/cob_object_detection_msgs/msg/_package_AcquireObjectImageFeedback.lisp)
Linked: (/home/dan/dan_ws/devel/.private/cob_object_detection_msgs/share/common-lisp/ros/cob_object_detection_msgs/msg/_package_AcquireObjectImageGoal.lisp, /home/dan/dan_ws/devel/share/common-lisp/ros/cob_object_detection_msgs/msg/_package_AcquireObjectImageGoal.lisp)
Linked: (/home/dan/dan_ws/devel/.private/cob_object_detection_msgs/share/common-lisp/ros/cob_object_detection_msgs/msg/DetectObjectsActionResult.lisp, /home/dan/dan_ws/devel/share/common-lisp/ros/cob_object_detection_msgs/msg/DetectObjectsActionResult.lisp)
Linked: (/home/dan/dan_ws/devel/.private/cob_object_detection_msgs/share/common-lisp/ros/cob_object_detection_msgs/msg/Rect.lisp, /home/dan/dan_ws/devel/share/common-lisp/ros/cob_object_detection_msgs/msg/Rect.lisp)
Linked: (/home/dan/dan_ws/devel/.private/cob_object_detection_msgs/share/common-lisp/ros/cob_object_detection_msgs/msg/_package_DetectObjectsActionFeedback.lisp, /home/dan/dan_ws/devel/share/common-lisp/ros/cob_object_detection_msgs/msg/_package_DetectObjectsActionFeedback.lisp)
Linked: (/home/dan/dan_ws/devel/.private/cob_object_detection_msgs/share/common-lisp/ros/cob_object_detection_msgs/msg/Detection.lisp, /home/dan/dan_ws/devel/share/common-lisp/ros/cob_object_detection_msgs/msg/Detection.lisp)
Linked: (/home/dan/dan_ws/devel/.private/cob_object_detection_msgs/include/cob_object_detection_msgs/Rect.h, /home/dan/dan_ws/devel/include/cob_object_detection_msgs/Rect.h)
Linked: (/home/dan/dan_ws/devel/.private/cob_object_detection_msgs/include/cob_object_detection_msgs/DetectObjectsActionGoal.h, /home/dan/dan_ws/devel/include/cob_object_detection_msgs/DetectObjectsActionGoal.h)
Linked: (/home/dan/dan_ws/devel/.private/cob_object_detection_msgs/include/cob_object_detection_msgs/StopObjectRecording.h, /home/dan/dan_ws/devel/include/cob_object_detection_msgs/StopObjectRecording.h)
Linked: (/home/dan/dan_ws/devel/.private/cob_object_detection_msgs/include/cob_object_detection_msgs/DetectObjectsActionResult.h, /home/dan/dan_ws/devel/include/cob_object_detection_msgs/DetectObjectsActionResult.h)
Linked: (/home/dan/dan_ws/devel/.private/cob_object_detection_msgs/include/cob_object_detection_msgs/RectArray.h, /home/dan/dan_ws/devel/include/cob_object_detection_msgs/RectArray.h)
Linked: (/home/dan/dan_ws/devel/.private/cob_object_detection_msgs/include/cob_object_detection_msgs/DetectObjectsFeedback.h, /home/dan/dan_ws/devel/include/cob_object_detection_msgs/DetectObjectsFeedback.h)
Linked: (/home/dan/dan_ws/devel/.private/cob_object_detection_msgs/include/cob_object_detection_msgs/AcquireObjectImageResult.h, /home/dan/dan_ws/devel/include/cob_object_detection_msgs/AcquireObjectImageResult.h)
Linked: (/home/dan/dan_ws/devel/.private/cob_object_detection_msgs/include/cob_object_detection_msgs/BagTrainObjectResponse.h, /home/dan/dan_ws/devel/include/cob_object_detection_msgs/BagTrainObjectResponse.h)
Linked: (/home/dan/dan_ws/devel/.private/cob_object_detection_msgs/include/cob_object_detection_msgs/TrainObjectAction.h, /home/dan/dan_ws/devel/include/cob_object_detection_msgs/TrainObjectAction.h)
Linked: (/home/dan/dan_ws/devel/.private/cob_object_detection_msgs/include/cob_object_detection_msgs/TrainObjectRequest.h, /home/dan/dan_ws/devel/include/cob_object_detection_msgs/TrainObjectRequest.h)
Linked: (/home/dan/dan_ws/devel/.private/cob_object_detection_msgs/include/cob_object_detection_msgs/DetectObjectsRequest.h, /home/dan/dan_ws/devel/include/cob_object_detection_msgs/DetectObjectsRequest.h)
Linked: (/home/dan/dan_ws/devel/.private/cob_object_detection_msgs/include/cob_object_detection_msgs/AcquireObjectImageActionGoal.h, /home/dan/dan_ws/devel/include/cob_object_detection_msgs/AcquireObjectImageActionGoal.h)
Linked: (/home/dan/dan_ws/devel/.private/cob_object_detection_msgs/include/cob_object_detection_msgs/SaveRecordedObjectRequest.h, /home/dan/dan_ws/devel/include/cob_object_detection_msgs/SaveRecordedObjectRequest.h)
Linked: (/home/dan/dan_ws/devel/.private/cob_object_detection_msgs/include/cob_object_detection_msgs/SaveRecordedObjectResponse.h, /home/dan/dan_ws/devel/include/cob_object_detection_msgs/SaveRecordedObjectResponse.h)
Linked: (/home/dan/dan_ws/devel/.private/cob_object_detection_msgs/include/cob_object_detection_msgs/Detection.h, /home/dan/dan_ws/devel/include/cob_object_detection_msgs/Detection.h)
Linked: (/home/dan/dan_ws/devel/.private/cob_object_detection_msgs/include/cob_object_detection_msgs/SaveRecordedObject.h, /home/dan/dan_ws/devel/include/cob_object_detection_msgs/SaveRecordedObject.h)
Linked: (/home/dan/dan_ws/devel/.private/cob_object_detection_msgs/include/cob_object_detection_msgs/DetectObjectsResult.h, /home/dan/dan_ws/devel/include/cob_object_detection_msgs/DetectObjectsResult.h)
Linked: (/home/dan/dan_ws/devel/.private/cob_object_detection_msgs/include/cob_object_detection_msgs/DetectObjectsResponse.h, /home/dan/dan_ws/devel/include/cob_object_detection_msgs/DetectObjectsResponse.h)
Linked: (/home/dan/dan_ws/devel/.private/cob_object_detection_msgs/include/cob_object_detection_msgs/StartObjectRecordingResponse.h, /home/dan/dan_ws/devel/include/cob_object_detection_msgs/StartObjectRecordingResponse.h)
Linked: (/home/dan/dan_ws/devel/.private/cob_object_detection_msgs/include/cob_object_detection_msgs/AcquireObjectImageResponse.h, /home/dan/dan_ws/devel/include/cob_object_detection_msgs/AcquireObjectImageResponse.h)
Linked: (/home/dan/dan_ws/devel/.private/cob_object_detection_msgs/include/cob_object_detection_msgs/PoseRT.h, /home/dan/dan_ws/devel/include/cob_object_detection_msgs/PoseRT.h)
Linked: (/home/dan/dan_ws/devel/.private/cob_object_detection_msgs/include/cob_object_detection_msgs/BaTestEnvironment.h, /home/dan/dan_ws/devel/include/cob_object_detection_msgs/BaTestEnvironment.h)
Linked: (/home/dan/dan_ws/devel/.private/cob_object_detection_msgs/include/cob_object_detection_msgs/AcquireObjectImage.h, /home/dan/dan_ws/devel/include/cob_object_detection_msgs/AcquireObjectImage.h)
Linked: (/home/dan/dan_ws/devel/.private/cob_object_detection_msgs/include/cob_object_detection_msgs/StartObjectRecordingRequest.h, /home/dan/dan_ws/devel/include/cob_object_detection_msgs/StartObjectRecordingRequest.h)
Linked: (/home/dan/dan_ws/devel/.private/cob_object_detection_msgs/include/cob_object_detection_msgs/StopObjectRecordingResponse.h, /home/dan/dan_ws/devel/include/cob_object_detection_msgs/StopObjectRecordingResponse.h)
Linked: (/home/dan/dan_ws/devel/.private/cob_object_detection_msgs/include/cob_object_detection_msgs/Mask.h, /home/dan/dan_ws/devel/include/cob_object_detection_msgs/Mask.h)
Linked: (/home/dan/dan_ws/devel/.private/cob_object_detection_msgs/include/cob_object_detection_msgs/AcquireObjectImageAction.h, /home/dan/dan_ws/devel/include/cob_object_detection_msgs/AcquireObjectImageAction.h)
Linked: (/home/dan/dan_ws/devel/.private/cob_object_detection_msgs/include/cob_object_detection_msgs/StartObjectRecording.h, /home/dan/dan_ws/devel/include/cob_object_detection_msgs/StartObjectRecording.h)
Linked: (/home/dan/dan_ws/devel/.private/cob_object_detection_msgs/include/cob_object_detection_msgs/TrainObject.h, /home/dan/dan_ws/devel/include/cob_object_detection_msgs/TrainObject.h)
Linked: (/home/dan/dan_ws/devel/.private/cob_object_detection_msgs/include/cob_object_detection_msgs/TrainObjectResult.h, /home/dan/dan_ws/devel/include/cob_object_detection_msgs/TrainObjectResult.h)
Linked: (/home/dan/dan_ws/devel/.private/cob_object_detection_msgs/include/cob_object_detection_msgs/DetectObjectsActionFeedback.h, /home/dan/dan_ws/devel/include/cob_object_detection_msgs/DetectObjectsActionFeedback.h)
Linked: (/home/dan/dan_ws/devel/.private/cob_object_detection_msgs/include/cob_object_detection_msgs/BagTrainObject.h, /home/dan/dan_ws/devel/include/cob_object_detection_msgs/BagTrainObject.h)
Linked: (/home/dan/dan_ws/devel/.private/cob_object_detection_msgs/include/cob_object_detection_msgs/TrainObjectFeedback.h, /home/dan/dan_ws/devel/include/cob_object_detection_msgs/TrainObjectFeedback.h)
Linked: (/home/dan/dan_ws/devel/.private/cob_object_detection_msgs/include/cob_object_detection_msgs/TrainObjectGoal.h, /home/dan/dan_ws/devel/include/cob_object_detection_msgs/TrainObjectGoal.h)
Linked: (/home/dan/dan_ws/devel/.private/cob_object_detection_msgs/include/cob_object_detection_msgs/TrainObjectActionFeedback.h, /home/dan/dan_ws/devel/include/cob_object_detection_msgs/TrainObjectActionFeedback.h)
Linked: (/home/dan/dan_ws/devel/.private/cob_object_detection_msgs/include/cob_object_detection_msgs/AcquireObjectImageActionFeedback.h, /home/dan/dan_ws/devel/include/cob_object_detection_msgs/AcquireObjectImageActionFeedback.h)
Linked: (/home/dan/dan_ws/devel/.private/cob_object_detection_msgs/include/cob_object_detection_msgs/DetectObjectsGoal.h, /home/dan/dan_ws/devel/include/cob_object_detection_msgs/DetectObjectsGoal.h)
Linked: (/home/dan/dan_ws/devel/.private/cob_object_detection_msgs/include/cob_object_detection_msgs/AcquireObjectImageFeedback.h, /home/dan/dan_ws/devel/include/cob_object_detection_msgs/AcquireObjectImageFeedback.h)
Linked: (/home/dan/dan_ws/devel/.private/cob_object_detection_msgs/include/cob_object_detection_msgs/MaskArray.h, /home/dan/dan_ws/devel/include/cob_object_detection_msgs/MaskArray.h)
Linked: (/home/dan/dan_ws/devel/.private/cob_object_detection_msgs/include/cob_object_detection_msgs/AcquireObjectImageRequest.h, /home/dan/dan_ws/devel/include/cob_object_detection_msgs/AcquireObjectImageRequest.h)
Linked: (/home/dan/dan_ws/devel/.private/cob_object_detection_msgs/include/cob_object_detection_msgs/DetectObjects.h, /home/dan/dan_ws/devel/include/cob_object_detection_msgs/DetectObjects.h)
Linked: (/home/dan/dan_ws/devel/.private/cob_object_detection_msgs/include/cob_object_detection_msgs/BaTestEnvironmentRequest.h, /home/dan/dan_ws/devel/include/cob_object_detection_msgs/BaTestEnvironmentRequest.h)
Linked: (/home/dan/dan_ws/devel/.private/cob_object_detection_msgs/include/cob_object_detection_msgs/BagTrainObjectRequest.h, /home/dan/dan_ws/devel/include/cob_object_detection_msgs/BagTrainObjectRequest.h)
Linked: (/home/dan/dan_ws/devel/.private/cob_object_detection_msgs/include/cob_object_detection_msgs/AcquireObjectImageActionResult.h, /home/dan/dan_ws/devel/include/cob_object_detection_msgs/AcquireObjectImageActionResult.h)
Linked: (/home/dan/dan_ws/devel/.private/cob_object_detection_msgs/include/cob_object_detection_msgs/DetectionArray.h, /home/dan/dan_ws/devel/include/cob_object_detection_msgs/DetectionArray.h)
Linked: (/home/dan/dan_ws/devel/.private/cob_object_detection_msgs/include/cob_object_detection_msgs/BaTestEnvironmentResponse.h, /home/dan/dan_ws/devel/include/cob_object_detection_msgs/BaTestEnvironmentResponse.h)
Linked: (/home/dan/dan_ws/devel/.private/cob_object_detection_msgs/include/cob_object_detection_msgs/DetectObjectsAction.h, /home/dan/dan_ws/devel/include/cob_object_detection_msgs/DetectObjectsAction.h)
Linked: (/home/dan/dan_ws/devel/.private/cob_object_detection_msgs/include/cob_object_detection_msgs/StopObjectRecordingRequest.h, /home/dan/dan_ws/devel/include/cob_object_detection_msgs/StopObjectRecordingRequest.h)
Linked: (/home/dan/dan_ws/devel/.private/cob_object_detection_msgs/include/cob_object_detection_msgs/TrainObjectResponse.h, /home/dan/dan_ws/devel/include/cob_object_detection_msgs/TrainObjectResponse.h)
Linked: (/home/dan/dan_ws/devel/.private/cob_object_detection_msgs/include/cob_object_detection_msgs/TrainObjectActionGoal.h, /home/dan/dan_ws/devel/include/cob_object_detection_msgs/TrainObjectActionGoal.h)
Linked: (/home/dan/dan_ws/devel/.private/cob_object_detection_msgs/include/cob_object_detection_msgs/TrainObjectActionResult.h, /home/dan/dan_ws/devel/include/cob_object_detection_msgs/TrainObjectActionResult.h)
Linked: (/home/dan/dan_ws/devel/.private/cob_object_detection_msgs/include/cob_object_detection_msgs/AcquireObjectImageGoal.h, /home/dan/dan_ws/devel/include/cob_object_detection_msgs/AcquireObjectImageGoal.h)
