[  0%] Built target cob_perception_msgs_generate_messages_cpp
[  0%] Built target roscpp_generate_messages_py
[  0%] [  0%] Built target dynamic_reconfigure_gencfg
Built target tf2_msgs_generate_messages_py
[  0%] [  0%] [  0%] Built target cob_perception_msgs_generate_messages_py
Built target bond_generate_messages_lisp
[  0%] Built target cob_perception_msgs_generate_messages_lisp
Built target sensor_msgs_generate_messages_py
[  0%] Built target bond_generate_messages_cpp
[  0%] [  0%] Built target pcl_msgs_generate_messages_cpp
[  0%] Built target geometry_msgs_generate_messages_cpp
[  0%] Built target nodelet_generate_messages_cpp
Built target nodelet_generate_messages_lisp
[  0%] Built target pcl_ros_gencfg
[  0%] [  0%] Built target nodelet_generate_messages_py
Built target topic_tools_generate_messages_cpp
[  0%] Built target topic_tools_generate_messages_lisp
[  0%] Built target tf_generate_messages_cpp
[  0%] Built target std_msgs_generate_messages_lisp
[  0%] [  0%] Built target std_msgs_generate_messages_py
[  0%] Built target tf_generate_messages_lisp
Built target rosgraph_msgs_generate_messages_cpp
[  0%] Built target dynamic_reconfigure_generate_messages_py
[  0%] [  0%] [  0%] Built target std_msgs_generate_messages_cpp
Built target sensor_msgs_generate_messages_cpp
Built target dynamic_reconfigure_generate_messages_lisp
[  0%] Built target bond_generate_messages_py
[  0%] [  0%] Built target geometry_msgs_generate_messages_lisp
Built target geometry_msgs_generate_messages_py
[  0%] Built target sensor_msgs_generate_messages_lisp
[  0%] Built target roscpp_generate_messages_lisp
[  0%] Built target roscpp_generate_messages_cpp
[  0%] [  0%] Built target rosgraph_msgs_generate_messages_lisp
[  0%] Built target rosgraph_msgs_generate_messages_py
Built target dynamic_reconfigure_generate_messages_cpp
[  0%] Built target pcl_msgs_generate_messages_lisp
[  0%] [  0%] [  0%] Built target pcl_msgs_generate_messages_py
Built target tf_generate_messages_py
Built target topic_tools_generate_messages_py
[  0%] Built target actionlib_msgs_generate_messages_cpp
[  0%] [  0%] Built target stereo_msgs_generate_messages_cpp
Built target stereo_msgs_generate_messages_lisp
[  0%] [  0%] Built target actionlib_generate_messages_cpp
Built target stereo_msgs_generate_messages_py
[  0%] [  0%] Built target actionlib_generate_messages_py
Built target tf2_msgs_generate_messages_cpp
[  0%] Built target tf2_msgs_generate_messages_lisp
[  0%] Built target actionlib_generate_messages_lisp
[  0%] [  0%] Built target actionlib_msgs_generate_messages_py
Built target actionlib_msgs_generate_messages_lisp
[ 50%] Built target image_flip
[100%] Built target image_flip_nodelet
