[  0%] Built target std_msgs_generate_messages_py
[  0%] Built target geometry_msgs_generate_messages_py
[  0%] [  0%] [  0%] Built target _cob_perception_msgs_generate_messages_check_deps_Mask
Built target _cob_perception_msgs_generate_messages_check_deps_DetectionArray
Built target _cob_perception_msgs_generate_messages_check_deps_ColorDepthImage
[  0%] [  0%] [  0%] Built target _cob_perception_msgs_generate_messages_check_deps_People
Built target _cob_perception_msgs_generate_messages_check_deps_ColorDepthImageArray
Built target _cob_perception_msgs_generate_messages_check_deps_Rect
[  0%] [  0%] Built target _cob_perception_msgs_generate_messages_check_deps_Person
Built target _cob_perception_msgs_generate_messages_check_deps_Float64ArrayStamped
[  0%] [  0%] [  0%] Built target _cob_perception_msgs_generate_messages_check_deps_PositionMeasurement
Built target sensor_msgs_generate_messages_py
Built target _cob_perception_msgs_generate_messages_check_deps_Skeleton
[  0%] [  0%] Built target _cob_perception_msgs_generate_messages_check_deps_PositionMeasurementArray
[  0%] Built target _cob_perception_msgs_generate_messages_check_deps_ActionRecognitionmsg
Built target sensor_msgs_generate_messages_cpp
[  0%] [  0%] [  0%] Built target geometry_msgs_generate_messages_cpp
Built target _cob_perception_msgs_generate_messages_check_deps_PersonStamped
Built target _cob_perception_msgs_generate_messages_check_deps_Detection
[  0%] Built target std_msgs_generate_messages_lisp
[  0%] Built target sensor_msgs_generate_messages_lisp
[  0%] Built target geometry_msgs_generate_messages_lisp
[  0%] Built target std_msgs_generate_messages_cpp
[  0%] Built target _cob_perception_msgs_generate_messages_check_deps_PointCloud2Array
[ 32%] Built target cob_perception_msgs_generate_messages_cpp
[ 65%] [100%] Built target cob_perception_msgs_generate_messages_lisp
Built target cob_perception_msgs_generate_messages_py
[100%] Built target cob_perception_msgs_generate_messages
