[  0%] Built target std_msgs_generate_messages_py
[  0%] [  0%] [  0%] Built target geometry_msgs_generate_messages_py
[  0%] Built target _cob_perception_msgs_generate_messages_check_deps_Mask
Built target _cob_perception_msgs_generate_messages_check_deps_People
Built target _cob_perception_msgs_generate_messages_check_deps_DetectionArray
[  0%] Built target _cob_perception_msgs_generate_messages_check_deps_ColorDepthImageArray
[  0%] [  0%] Built target _cob_perception_msgs_generate_messages_check_deps_ColorDepthImage
Built target _cob_perception_msgs_generate_messages_check_deps_ActionRecognitionmsg
[  0%] Built target _cob_perception_msgs_generate_messages_check_deps_Person
[  0%] Built target sensor_msgs_generate_messages_py
[  0%] [  0%] [  0%] Built target _cob_perception_msgs_generate_messages_check_deps_Skeleton
Built target _cob_perception_msgs_generate_messages_check_deps_Detection
[  0%] Built target _cob_perception_msgs_generate_messages_check_deps_PersonStamped
Built target _cob_perception_msgs_generate_messages_check_deps_Rect
[  0%] Built target _cob_perception_msgs_generate_messages_check_deps_PositionMeasurement
[  0%] [  0%] [  0%] [  0%] Built target _cob_perception_msgs_generate_messages_check_deps_PositionMeasurementArray
Built target sensor_msgs_generate_messages_cpp
Built target _cob_perception_msgs_generate_messages_check_deps_PointCloud2Array
Built target geometry_msgs_generate_messages_cpp
[  0%] [  0%] Built target _cob_perception_msgs_generate_messages_check_deps_Float64ArrayStamped
[  0%] Built target std_msgs_generate_messages_cpp
Built target sensor_msgs_generate_messages_lisp
[  0%] Built target geometry_msgs_generate_messages_lisp
[ 23%] [ 34%] Built target std_msgs_generate_messages_lisp
Built target cob_perception_msgs_generate_messages_py
[ 67%] Built target cob_perception_msgs_generate_messages_cpp
[100%] Built target cob_perception_msgs_generate_messages_lisp
[100%] Built target cob_perception_msgs_generate_messages
