Linked: (/home/dan/dan_ws/devel/.private/cob_perception_msgs/lib/python2.7/dist-packages/cob_perception_msgs/__init__.py, /home/dan/dan_ws/devel/lib/python2.7/dist-packages/cob_perception_msgs/__init__.py)
Linked: (/home/dan/dan_ws/devel/.private/cob_perception_msgs/lib/python2.7/dist-packages/cob_perception_msgs/msg/_People.py, /home/dan/dan_ws/devel/lib/python2.7/dist-packages/cob_perception_msgs/msg/_People.py)
Linked: (/home/dan/dan_ws/devel/.private/cob_perception_msgs/lib/python2.7/dist-packages/cob_perception_msgs/msg/_Person.py, /home/dan/dan_ws/devel/lib/python2.7/dist-packages/cob_perception_msgs/msg/_Person.py)
Linked: (/home/dan/dan_ws/devel/.private/cob_perception_msgs/lib/python2.7/dist-packages/cob_perception_msgs/msg/_Skeleton.py, /home/dan/dan_ws/devel/lib/python2.7/dist-packages/cob_perception_msgs/msg/_Skeleton.py)
Linked: (/home/dan/dan_ws/devel/.private/cob_perception_msgs/lib/python2.7/dist-packages/cob_perception_msgs/msg/_PersonStamped.py, /home/dan/dan_ws/devel/lib/python2.7/dist-packages/cob_perception_msgs/msg/_PersonStamped.py)
Linked: (/home/dan/dan_ws/devel/.private/cob_perception_msgs/lib/python2.7/dist-packages/cob_perception_msgs/msg/_PositionMeasurementArray.py, /home/dan/dan_ws/devel/lib/python2.7/dist-packages/cob_perception_msgs/msg/_PositionMeasurementArray.py)
Linked: (/home/dan/dan_ws/devel/.private/cob_perception_msgs/lib/python2.7/dist-packages/cob_perception_msgs/msg/_Detection.py, /home/dan/dan_ws/devel/lib/python2.7/dist-packages/cob_perception_msgs/msg/_Detection.py)
Linked: (/home/dan/dan_ws/devel/.private/cob_perception_msgs/lib/python2.7/dist-packages/cob_perception_msgs/msg/_PointCloud2Array.py, /home/dan/dan_ws/devel/lib/python2.7/dist-packages/cob_perception_msgs/msg/_PointCloud2Array.py)
Linked: (/home/dan/dan_ws/devel/.private/cob_perception_msgs/lib/python2.7/dist-packages/cob_perception_msgs/msg/_PositionMeasurement.py, /home/dan/dan_ws/devel/lib/python2.7/dist-packages/cob_perception_msgs/msg/_PositionMeasurement.py)
Linked: (/home/dan/dan_ws/devel/.private/cob_perception_msgs/lib/python2.7/dist-packages/cob_perception_msgs/msg/__init__.py, /home/dan/dan_ws/devel/lib/python2.7/dist-packages/cob_perception_msgs/msg/__init__.py)
Linked: (/home/dan/dan_ws/devel/.private/cob_perception_msgs/lib/python2.7/dist-packages/cob_perception_msgs/msg/_ColorDepthImage.py, /home/dan/dan_ws/devel/lib/python2.7/dist-packages/cob_perception_msgs/msg/_ColorDepthImage.py)
Linked: (/home/dan/dan_ws/devel/.private/cob_perception_msgs/lib/python2.7/dist-packages/cob_perception_msgs/msg/_Rect.py, /home/dan/dan_ws/devel/lib/python2.7/dist-packages/cob_perception_msgs/msg/_Rect.py)
Linked: (/home/dan/dan_ws/devel/.private/cob_perception_msgs/lib/python2.7/dist-packages/cob_perception_msgs/msg/_ActionRecognitionmsg.py, /home/dan/dan_ws/devel/lib/python2.7/dist-packages/cob_perception_msgs/msg/_ActionRecognitionmsg.py)
Linked: (/home/dan/dan_ws/devel/.private/cob_perception_msgs/lib/python2.7/dist-packages/cob_perception_msgs/msg/_Mask.py, /home/dan/dan_ws/devel/lib/python2.7/dist-packages/cob_perception_msgs/msg/_Mask.py)
Linked: (/home/dan/dan_ws/devel/.private/cob_perception_msgs/lib/python2.7/dist-packages/cob_perception_msgs/msg/_DetectionArray.py, /home/dan/dan_ws/devel/lib/python2.7/dist-packages/cob_perception_msgs/msg/_DetectionArray.py)
Linked: (/home/dan/dan_ws/devel/.private/cob_perception_msgs/lib/python2.7/dist-packages/cob_perception_msgs/msg/_Float64ArrayStamped.py, /home/dan/dan_ws/devel/lib/python2.7/dist-packages/cob_perception_msgs/msg/_Float64ArrayStamped.py)
Linked: (/home/dan/dan_ws/devel/.private/cob_perception_msgs/lib/python2.7/dist-packages/cob_perception_msgs/msg/_ColorDepthImageArray.py, /home/dan/dan_ws/devel/lib/python2.7/dist-packages/cob_perception_msgs/msg/_ColorDepthImageArray.py)
Linked: (/home/dan/dan_ws/devel/.private/cob_perception_msgs/lib/pkgconfig/cob_perception_msgs.pc, /home/dan/dan_ws/devel/lib/pkgconfig/cob_perception_msgs.pc)
Linked: (/home/dan/dan_ws/devel/.private/cob_perception_msgs/share/cob_perception_msgs/cmake/cob_perception_msgsConfig.cmake, /home/dan/dan_ws/devel/share/cob_perception_msgs/cmake/cob_perception_msgsConfig.cmake)
Linked: (/home/dan/dan_ws/devel/.private/cob_perception_msgs/share/cob_perception_msgs/cmake/cob_perception_msgsConfig-version.cmake, /home/dan/dan_ws/devel/share/cob_perception_msgs/cmake/cob_perception_msgsConfig-version.cmake)
Linked: (/home/dan/dan_ws/devel/.private/cob_perception_msgs/share/cob_perception_msgs/cmake/cob_perception_msgs-msg-paths.cmake, /home/dan/dan_ws/devel/share/cob_perception_msgs/cmake/cob_perception_msgs-msg-paths.cmake)
Linked: (/home/dan/dan_ws/devel/.private/cob_perception_msgs/share/cob_perception_msgs/cmake/cob_perception_msgs-msg-extras.cmake, /home/dan/dan_ws/devel/share/cob_perception_msgs/cmake/cob_perception_msgs-msg-extras.cmake)
Linked: (/home/dan/dan_ws/devel/.private/cob_perception_msgs/share/common-lisp/ros/cob_perception_msgs/msg/DetectionArray.lisp, /home/dan/dan_ws/devel/share/common-lisp/ros/cob_perception_msgs/msg/DetectionArray.lisp)
Linked: (/home/dan/dan_ws/devel/.private/cob_perception_msgs/share/common-lisp/ros/cob_perception_msgs/msg/_package_ActionRecognitionmsg.lisp, /home/dan/dan_ws/devel/share/common-lisp/ros/cob_perception_msgs/msg/_package_ActionRecognitionmsg.lisp)
Linked: (/home/dan/dan_ws/devel/.private/cob_perception_msgs/share/common-lisp/ros/cob_perception_msgs/msg/_package_Mask.lisp, /home/dan/dan_ws/devel/share/common-lisp/ros/cob_perception_msgs/msg/_package_Mask.lisp)
Linked: (/home/dan/dan_ws/devel/.private/cob_perception_msgs/share/common-lisp/ros/cob_perception_msgs/msg/_package.lisp, /home/dan/dan_ws/devel/share/common-lisp/ros/cob_perception_msgs/msg/_package.lisp)
Linked: (/home/dan/dan_ws/devel/.private/cob_perception_msgs/share/common-lisp/ros/cob_perception_msgs/msg/_package_ColorDepthImage.lisp, /home/dan/dan_ws/devel/share/common-lisp/ros/cob_perception_msgs/msg/_package_ColorDepthImage.lisp)
Linked: (/home/dan/dan_ws/devel/.private/cob_perception_msgs/share/common-lisp/ros/cob_perception_msgs/msg/PositionMeasurementArray.lisp, /home/dan/dan_ws/devel/share/common-lisp/ros/cob_perception_msgs/msg/PositionMeasurementArray.lisp)
Linked: (/home/dan/dan_ws/devel/.private/cob_perception_msgs/share/common-lisp/ros/cob_perception_msgs/msg/ActionRecognitionmsg.lisp, /home/dan/dan_ws/devel/share/common-lisp/ros/cob_perception_msgs/msg/ActionRecognitionmsg.lisp)
Linked: (/home/dan/dan_ws/devel/.private/cob_perception_msgs/share/common-lisp/ros/cob_perception_msgs/msg/Skeleton.lisp, /home/dan/dan_ws/devel/share/common-lisp/ros/cob_perception_msgs/msg/Skeleton.lisp)
Linked: (/home/dan/dan_ws/devel/.private/cob_perception_msgs/share/common-lisp/ros/cob_perception_msgs/msg/_package_ColorDepthImageArray.lisp, /home/dan/dan_ws/devel/share/common-lisp/ros/cob_perception_msgs/msg/_package_ColorDepthImageArray.lisp)
Linked: (/home/dan/dan_ws/devel/.private/cob_perception_msgs/share/common-lisp/ros/cob_perception_msgs/msg/_package_Detection.lisp, /home/dan/dan_ws/devel/share/common-lisp/ros/cob_perception_msgs/msg/_package_Detection.lisp)
Linked: (/home/dan/dan_ws/devel/.private/cob_perception_msgs/share/common-lisp/ros/cob_perception_msgs/msg/cob_perception_msgs-msg.asd, /home/dan/dan_ws/devel/share/common-lisp/ros/cob_perception_msgs/msg/cob_perception_msgs-msg.asd)
Linked: (/home/dan/dan_ws/devel/.private/cob_perception_msgs/share/common-lisp/ros/cob_perception_msgs/msg/_package_Skeleton.lisp, /home/dan/dan_ws/devel/share/common-lisp/ros/cob_perception_msgs/msg/_package_Skeleton.lisp)
Linked: (/home/dan/dan_ws/devel/.private/cob_perception_msgs/share/common-lisp/ros/cob_perception_msgs/msg/_package_Float64ArrayStamped.lisp, /home/dan/dan_ws/devel/share/common-lisp/ros/cob_perception_msgs/msg/_package_Float64ArrayStamped.lisp)
Linked: (/home/dan/dan_ws/devel/.private/cob_perception_msgs/share/common-lisp/ros/cob_perception_msgs/msg/Person.lisp, /home/dan/dan_ws/devel/share/common-lisp/ros/cob_perception_msgs/msg/Person.lisp)
Linked: (/home/dan/dan_ws/devel/.private/cob_perception_msgs/share/common-lisp/ros/cob_perception_msgs/msg/People.lisp, /home/dan/dan_ws/devel/share/common-lisp/ros/cob_perception_msgs/msg/People.lisp)
Linked: (/home/dan/dan_ws/devel/.private/cob_perception_msgs/share/common-lisp/ros/cob_perception_msgs/msg/Float64ArrayStamped.lisp, /home/dan/dan_ws/devel/share/common-lisp/ros/cob_perception_msgs/msg/Float64ArrayStamped.lisp)
Linked: (/home/dan/dan_ws/devel/.private/cob_perception_msgs/share/common-lisp/ros/cob_perception_msgs/msg/ColorDepthImage.lisp, /home/dan/dan_ws/devel/share/common-lisp/ros/cob_perception_msgs/msg/ColorDepthImage.lisp)
Linked: (/home/dan/dan_ws/devel/.private/cob_perception_msgs/share/common-lisp/ros/cob_perception_msgs/msg/PersonStamped.lisp, /home/dan/dan_ws/devel/share/common-lisp/ros/cob_perception_msgs/msg/PersonStamped.lisp)
Linked: (/home/dan/dan_ws/devel/.private/cob_perception_msgs/share/common-lisp/ros/cob_perception_msgs/msg/_package_PointCloud2Array.lisp, /home/dan/dan_ws/devel/share/common-lisp/ros/cob_perception_msgs/msg/_package_PointCloud2Array.lisp)
Linked: (/home/dan/dan_ws/devel/.private/cob_perception_msgs/share/common-lisp/ros/cob_perception_msgs/msg/PositionMeasurement.lisp, /home/dan/dan_ws/devel/share/common-lisp/ros/cob_perception_msgs/msg/PositionMeasurement.lisp)
Linked: (/home/dan/dan_ws/devel/.private/cob_perception_msgs/share/common-lisp/ros/cob_perception_msgs/msg/_package_PositionMeasurement.lisp, /home/dan/dan_ws/devel/share/common-lisp/ros/cob_perception_msgs/msg/_package_PositionMeasurement.lisp)
Linked: (/home/dan/dan_ws/devel/.private/cob_perception_msgs/share/common-lisp/ros/cob_perception_msgs/msg/_package_Rect.lisp, /home/dan/dan_ws/devel/share/common-lisp/ros/cob_perception_msgs/msg/_package_Rect.lisp)
Linked: (/home/dan/dan_ws/devel/.private/cob_perception_msgs/share/common-lisp/ros/cob_perception_msgs/msg/_package_People.lisp, /home/dan/dan_ws/devel/share/common-lisp/ros/cob_perception_msgs/msg/_package_People.lisp)
Linked: (/home/dan/dan_ws/devel/.private/cob_perception_msgs/share/common-lisp/ros/cob_perception_msgs/msg/_package_PositionMeasurementArray.lisp, /home/dan/dan_ws/devel/share/common-lisp/ros/cob_perception_msgs/msg/_package_PositionMeasurementArray.lisp)
Linked: (/home/dan/dan_ws/devel/.private/cob_perception_msgs/share/common-lisp/ros/cob_perception_msgs/msg/_package_DetectionArray.lisp, /home/dan/dan_ws/devel/share/common-lisp/ros/cob_perception_msgs/msg/_package_DetectionArray.lisp)
Linked: (/home/dan/dan_ws/devel/.private/cob_perception_msgs/share/common-lisp/ros/cob_perception_msgs/msg/ColorDepthImageArray.lisp, /home/dan/dan_ws/devel/share/common-lisp/ros/cob_perception_msgs/msg/ColorDepthImageArray.lisp)
Linked: (/home/dan/dan_ws/devel/.private/cob_perception_msgs/share/common-lisp/ros/cob_perception_msgs/msg/PointCloud2Array.lisp, /home/dan/dan_ws/devel/share/common-lisp/ros/cob_perception_msgs/msg/PointCloud2Array.lisp)
Linked: (/home/dan/dan_ws/devel/.private/cob_perception_msgs/share/common-lisp/ros/cob_perception_msgs/msg/Mask.lisp, /home/dan/dan_ws/devel/share/common-lisp/ros/cob_perception_msgs/msg/Mask.lisp)
Linked: (/home/dan/dan_ws/devel/.private/cob_perception_msgs/share/common-lisp/ros/cob_perception_msgs/msg/_package_PersonStamped.lisp, /home/dan/dan_ws/devel/share/common-lisp/ros/cob_perception_msgs/msg/_package_PersonStamped.lisp)
Linked: (/home/dan/dan_ws/devel/.private/cob_perception_msgs/share/common-lisp/ros/cob_perception_msgs/msg/_package_Person.lisp, /home/dan/dan_ws/devel/share/common-lisp/ros/cob_perception_msgs/msg/_package_Person.lisp)
Linked: (/home/dan/dan_ws/devel/.private/cob_perception_msgs/share/common-lisp/ros/cob_perception_msgs/msg/Rect.lisp, /home/dan/dan_ws/devel/share/common-lisp/ros/cob_perception_msgs/msg/Rect.lisp)
Linked: (/home/dan/dan_ws/devel/.private/cob_perception_msgs/share/common-lisp/ros/cob_perception_msgs/msg/Detection.lisp, /home/dan/dan_ws/devel/share/common-lisp/ros/cob_perception_msgs/msg/Detection.lisp)
Linked: (/home/dan/dan_ws/devel/.private/cob_perception_msgs/include/cob_perception_msgs/PositionMeasurement.h, /home/dan/dan_ws/devel/include/cob_perception_msgs/PositionMeasurement.h)
Linked: (/home/dan/dan_ws/devel/.private/cob_perception_msgs/include/cob_perception_msgs/Rect.h, /home/dan/dan_ws/devel/include/cob_perception_msgs/Rect.h)
Linked: (/home/dan/dan_ws/devel/.private/cob_perception_msgs/include/cob_perception_msgs/PointCloud2Array.h, /home/dan/dan_ws/devel/include/cob_perception_msgs/PointCloud2Array.h)
Linked: (/home/dan/dan_ws/devel/.private/cob_perception_msgs/include/cob_perception_msgs/Skeleton.h, /home/dan/dan_ws/devel/include/cob_perception_msgs/Skeleton.h)
Linked: (/home/dan/dan_ws/devel/.private/cob_perception_msgs/include/cob_perception_msgs/Detection.h, /home/dan/dan_ws/devel/include/cob_perception_msgs/Detection.h)
Linked: (/home/dan/dan_ws/devel/.private/cob_perception_msgs/include/cob_perception_msgs/Float64ArrayStamped.h, /home/dan/dan_ws/devel/include/cob_perception_msgs/Float64ArrayStamped.h)
Linked: (/home/dan/dan_ws/devel/.private/cob_perception_msgs/include/cob_perception_msgs/Mask.h, /home/dan/dan_ws/devel/include/cob_perception_msgs/Mask.h)
Linked: (/home/dan/dan_ws/devel/.private/cob_perception_msgs/include/cob_perception_msgs/PersonStamped.h, /home/dan/dan_ws/devel/include/cob_perception_msgs/PersonStamped.h)
Linked: (/home/dan/dan_ws/devel/.private/cob_perception_msgs/include/cob_perception_msgs/Person.h, /home/dan/dan_ws/devel/include/cob_perception_msgs/Person.h)
Linked: (/home/dan/dan_ws/devel/.private/cob_perception_msgs/include/cob_perception_msgs/People.h, /home/dan/dan_ws/devel/include/cob_perception_msgs/People.h)
Linked: (/home/dan/dan_ws/devel/.private/cob_perception_msgs/include/cob_perception_msgs/PositionMeasurementArray.h, /home/dan/dan_ws/devel/include/cob_perception_msgs/PositionMeasurementArray.h)
Linked: (/home/dan/dan_ws/devel/.private/cob_perception_msgs/include/cob_perception_msgs/ColorDepthImage.h, /home/dan/dan_ws/devel/include/cob_perception_msgs/ColorDepthImage.h)
Linked: (/home/dan/dan_ws/devel/.private/cob_perception_msgs/include/cob_perception_msgs/ColorDepthImageArray.h, /home/dan/dan_ws/devel/include/cob_perception_msgs/ColorDepthImageArray.h)
Linked: (/home/dan/dan_ws/devel/.private/cob_perception_msgs/include/cob_perception_msgs/ActionRecognitionmsg.h, /home/dan/dan_ws/devel/include/cob_perception_msgs/ActionRecognitionmsg.h)
Linked: (/home/dan/dan_ws/devel/.private/cob_perception_msgs/include/cob_perception_msgs/DetectionArray.h, /home/dan/dan_ws/devel/include/cob_perception_msgs/DetectionArray.h)
