[  0%] Built target std_msgs_generate_messages_py
[  0%] Built target geometry_msgs_generate_messages_py
[  0%] Built target _cob_perception_msgs_generate_messages_check_deps_Mask
[  0%] Built target _cob_perception_msgs_generate_messages_check_deps_ColorDepthImageArray
[  0%] [  0%] Built target _cob_perception_msgs_generate_messages_check_deps_Rect
[  0%] Built target _cob_perception_msgs_generate_messages_check_deps_ColorDepthImage
Built target _cob_perception_msgs_generate_messages_check_deps_ActionRecognitionmsg
[  0%] [  0%] Built target _cob_perception_msgs_generate_messages_check_deps_People
Built target _cob_perception_msgs_generate_messages_check_deps_DetectionArray
[  0%] [  0%] Built target _cob_perception_msgs_generate_messages_check_deps_Person
Built target _cob_perception_msgs_generate_messages_check_deps_Skeleton
[  0%] Built target sensor_msgs_generate_messages_py
[  0%] Built target _cob_perception_msgs_generate_messages_check_deps_Float64ArrayStamped
[  0%] [  0%] [  0%] [  0%] Built target _cob_perception_msgs_generate_messages_check_deps_PersonStamped
Built target _cob_perception_msgs_generate_messages_check_deps_PositionMeasurement
Built target _cob_perception_msgs_generate_messages_check_deps_Detection
Built target _cob_perception_msgs_generate_messages_check_deps_PositionMeasurementArray
[  0%] [  0%] [  0%] Built target geometry_msgs_generate_messages_cpp
Built target sensor_msgs_generate_messages_cpp
Built target std_msgs_generate_messages_cpp
[  0%] [  0%] Built target geometry_msgs_generate_messages_lisp
Built target sensor_msgs_generate_messages_lisp
[  0%] Built target std_msgs_generate_messages_lisp
[  0%] Built target _cob_perception_msgs_generate_messages_check_deps_PointCloud2Array
[ 34%] [ 67%] Built target cob_perception_msgs_generate_messages_py
Built target cob_perception_msgs_generate_messages_lisp
[100%] Built target cob_perception_msgs_generate_messages_cpp
[100%] Built target cob_perception_msgs_generate_messages
