[  0%] [  0%] Built target _cob_perception_msgs_generate_messages_check_deps_ColorDepthImageArray
[  0%] Built target geometry_msgs_generate_messages_py
[  0%] Built target _cob_perception_msgs_generate_messages_check_deps_Mask
Built target std_msgs_generate_messages_py
[  0%] [  0%] Built target _cob_perception_msgs_generate_messages_check_deps_People
Built target _cob_perception_msgs_generate_messages_check_deps_ColorDepthImage
[  0%] Built target sensor_msgs_generate_messages_py
[  0%] [  0%] Built target _cob_perception_msgs_generate_messages_check_deps_DetectionArray
[  0%] [  0%] Built target _cob_perception_msgs_generate_messages_check_deps_Float64ArrayStamped
Built target _cob_perception_msgs_generate_messages_check_deps_Person
Built target _cob_perception_msgs_generate_messages_check_deps_Skeleton
[  0%] Built target _cob_perception_msgs_generate_messages_check_deps_PositionMeasurement
[  0%] [  0%] Built target _cob_perception_msgs_generate_messages_check_deps_ActionRecognitionmsg
[  0%] Built target _cob_perception_msgs_generate_messages_check_deps_PositionMeasurementArray
Built target sensor_msgs_generate_messages_cpp
[  0%] Built target geometry_msgs_generate_messages_cpp
[  0%] [  0%] [  0%] [  0%] [  0%] Built target _cob_perception_msgs_generate_messages_check_deps_Detection
Built target std_msgs_generate_messages_cpp
Built target _cob_perception_msgs_generate_messages_check_deps_PersonStamped
Built target geometry_msgs_generate_messages_lisp
Built target _cob_perception_msgs_generate_messages_check_deps_PointCloud2Array
[  0%] [  0%] Built target sensor_msgs_generate_messages_lisp
Built target std_msgs_generate_messages_lisp
[  0%] Built target _cob_perception_msgs_generate_messages_check_deps_Rect
[ 32%] Built target cob_perception_msgs_generate_messages_lisp
[ 67%] Built target cob_perception_msgs_generate_messages_py
[100%] Built target cob_perception_msgs_generate_messages_cpp
[100%] Built target cob_perception_msgs_generate_messages
