In file included from /usr/include/c++/4.8/backward/strstream:51:0,
                 from /usr/include/vtk-5.8/vtkIOStream.h:112,
                 from /usr/include/vtk-5.8/vtkSystemIncludes.h:40,
                 from /usr/include/vtk-5.8/vtkIndent.h:24,
                 from /usr/include/vtk-5.8/vtkObjectBase.h:43,
                 from /usr/include/vtk-5.8/vtkSmartPointerBase.h:26,
                 from /usr/include/vtk-5.8/vtkSmartPointer.h:23,
                 from /usr/include/pcl-1.7/pcl/visualization/point_cloud_geometry_handlers.h:48,
                 from /usr/include/pcl-1.7/pcl/visualization/point_cloud_handlers.h:41,
                 from /usr/include/pcl-1.7/pcl/visualization/common/actor_map.h:40,
                 from /usr/include/pcl-1.7/pcl/visualization/pcl_visualizer.h:47,
                 from /usr/include/pcl-1.7/pcl/visualization/cloud_viewer.h:39,
                 from /home/dan/dan_ws/src/object_cloud/src/object_cloud_node.cpp:8:
/usr/include/c++/4.8/backward/backward_warning.h:32:2: warning: #warning This file includes at least one deprecated or antiquated header which may be removed without further notice at a future date. Please use a non-deprecated interface with equivalent functionality instead. For a listing of replacement headers and interfaces, consult the file backward_warning.h. To disable this warning use -Wno-deprecated. [-Wcpp]
 #warning \
  ^
CMakeFiles/object_cloud_node.dir/src/object_cloud_node.cpp.o: In function `segment(boost::shared_ptr<pcl::PointCloud<pcl::PointXYZRGB> >)':
object_cloud_node.cpp:(.text+0x15b): undefined reference to `pcl::PCLBase<pcl::PointXYZRGB>::setInputCloud(boost::shared_ptr<pcl::PointCloud<pcl::PointXYZRGB> const> const&)'
object_cloud_node.cpp:(.text+0x1a3): undefined reference to `pcl::SACSegmentation<pcl::PointXYZRGB>::segment(pcl::PointIndices&, pcl::ModelCoefficients&)'
object_cloud_node.cpp:(.text+0x1dc): undefined reference to `pcl::console::print(pcl::console::VERBOSITY_LEVEL, char const*, ...)'
object_cloud_node.cpp:(.text+0x24d): undefined reference to `pcl::PCLBase<pcl::PointXYZRGB>::setInputCloud(boost::shared_ptr<pcl::PointCloud<pcl::PointXYZRGB> const> const&)'
object_cloud_node.cpp:(.text+0x59a): undefined reference to `pcl::search::KdTree<pcl::PointXYZRGB>::KdTree(bool)'
object_cloud_node.cpp:(.text+0x6c2): undefined reference to `pcl::PCLBase<pcl::PointXYZRGB>::setInputCloud(boost::shared_ptr<pcl::PointCloud<pcl::PointXYZRGB> const> const&)'
object_cloud_node.cpp:(.text+0x79d): undefined reference to `pcl::RegionGrowing<pcl::PointXYZRGB, pcl::Normal>::RegionGrowing()'
object_cloud_node.cpp:(.text+0x7b1): undefined reference to `pcl::RegionGrowing<pcl::PointXYZRGB, pcl::Normal>::setMinClusterSize(int)'
object_cloud_node.cpp:(.text+0x7c5): undefined reference to `pcl::RegionGrowing<pcl::PointXYZRGB, pcl::Normal>::setMaxClusterSize(int)'
object_cloud_node.cpp:(.text+0x7de): undefined reference to `pcl::RegionGrowing<pcl::PointXYZRGB, pcl::Normal>::setSearchMethod(boost::shared_ptr<pcl::search::Search<pcl::PointXYZRGB> > const&)'
object_cloud_node.cpp:(.text+0x7f2): undefined reference to `pcl::RegionGrowing<pcl::PointXYZRGB, pcl::Normal>::setNumberOfNeighbours(unsigned int)'
object_cloud_node.cpp:(.text+0x828): undefined reference to `pcl::PCLBase<pcl::PointXYZRGB>::setInputCloud(boost::shared_ptr<pcl::PointCloud<pcl::PointXYZRGB> const> const&)'
object_cloud_node.cpp:(.text+0x850): undefined reference to `pcl::RegionGrowing<pcl::PointXYZRGB, pcl::Normal>::setInputNormals(boost::shared_ptr<pcl::PointCloud<pcl::Normal> > const&)'
object_cloud_node.cpp:(.text+0x867): undefined reference to `pcl::RegionGrowing<pcl::PointXYZRGB, pcl::Normal>::setSmoothnessThreshold(float)'
object_cloud_node.cpp:(.text+0x87e): undefined reference to `pcl::RegionGrowing<pcl::PointXYZRGB, pcl::Normal>::setCurvatureThreshold(float)'
object_cloud_node.cpp:(.text+0x8a6): undefined reference to `pcl::RegionGrowing<pcl::PointXYZRGB, pcl::Normal>::extract(std::vector<pcl::PointIndices, std::allocator<pcl::PointIndices> >&)'
object_cloud_node.cpp:(.text+0x8bf): undefined reference to `pcl::RegionGrowing<pcl::PointXYZRGB, pcl::Normal>::getColoredCloud()'
object_cloud_node.cpp:(.text+0x911): undefined reference to `pcl::RegionGrowing<pcl::PointXYZRGB, pcl::Normal>::~RegionGrowing()'
object_cloud_node.cpp:(.text+0xb64): undefined reference to `pcl::RegionGrowing<pcl::PointXYZRGB, pcl::Normal>::~RegionGrowing()'
CMakeFiles/object_cloud_node.dir/src/object_cloud_node.cpp.o: In function `main':
object_cloud_node.cpp:(.text+0x124d): undefined reference to `ros::init(int&, char**, std::string const&, unsigned int)'
object_cloud_node.cpp:(.text+0x12a9): undefined reference to `ros::NodeHandle::NodeHandle(std::string const&, std::map<std::string, std::string, std::less<std::string>, std::allocator<std::pair<std::string const, std::string> > > const&)'
object_cloud_node.cpp:(.text+0x12ce): undefined reference to `tf::Transformer::DEFAULT_CACHE_TIME'
object_cloud_node.cpp:(.text+0x1310): undefined reference to `tf::TransformListener::TransformListener(ros::Duration, bool)'
object_cloud_node.cpp:(.text+0x14eb): undefined reference to `ros::Publisher::~Publisher()'
object_cloud_node.cpp:(.text+0x150e): undefined reference to `ros::spin()'
object_cloud_node.cpp:(.text+0x1522): undefined reference to `ros::Subscriber::~Subscriber()'
object_cloud_node.cpp:(.text+0x1531): undefined reference to `ros::NodeHandle::~NodeHandle()'
object_cloud_node.cpp:(.text+0x158f): undefined reference to `ros::NodeHandle::~NodeHandle()'
object_cloud_node.cpp:(.text+0x15c0): undefined reference to `ros::NodeHandle::~NodeHandle()'
object_cloud_node.cpp:(.text+0x1657): undefined reference to `ros::Subscriber::~Subscriber()'
object_cloud_node.cpp:(.text+0x168e): undefined reference to `ros::Subscriber::~Subscriber()'
object_cloud_node.cpp:(.text+0x16a2): undefined reference to `ros::Publisher::~Publisher()'
object_cloud_node.cpp:(.text+0x16de): undefined reference to `ros::Subscriber::~Subscriber()'
object_cloud_node.cpp:(.text+0x16f2): undefined reference to `ros::NodeHandle::~NodeHandle()'
CMakeFiles/object_cloud_node.dir/src/object_cloud_node.cpp.o: In function `__static_initialization_and_destruction_0(int, int)':
object_cloud_node.cpp:(.text+0x17ac): undefined reference to `boost::system::generic_category()'
object_cloud_node.cpp:(.text+0x17b8): undefined reference to `boost::system::generic_category()'
object_cloud_node.cpp:(.text+0x17c4): undefined reference to `boost::system::system_category()'
object_cloud_node.cpp:(.text+0x1b16): undefined reference to `ros::Publisher::~Publisher()'
CMakeFiles/object_cloud_node.dir/src/object_cloud_node.cpp.o: In function `ros::Duration::Duration(double)':
object_cloud_node.cpp:(.text._ZN3ros8DurationC2Ed[_ZN3ros8DurationC5Ed]+0x33): undefined reference to `ros::DurationBase<ros::Duration>::fromSec(double)'
CMakeFiles/object_cloud_node.dir/src/object_cloud_node.cpp.o: In function `pcl_conversions::fromPCL(unsigned long const&, ros::Time&)':
object_cloud_node.cpp:(.text._ZN15pcl_conversions7fromPCLERKmRN3ros4TimeE[_ZN15pcl_conversions7fromPCLERKmRN3ros4TimeE]+0x29): undefined reference to `ros::TimeBase<ros::Time, ros::Duration>::fromNSec(unsigned long)'
CMakeFiles/object_cloud_node.dir/src/object_cloud_node.cpp.o: In function `pcl::SACSegmentation<pcl::PointXYZRGB>::SACSegmentation(bool)':
object_cloud_node.cpp:(.text._ZN3pcl15SACSegmentationINS_11PointXYZRGBEEC2Eb[_ZN3pcl15SACSegmentationINS_11PointXYZRGBEEC5Eb]+0x1a): undefined reference to `pcl::PCLBase<pcl::PointXYZRGB>::PCLBase()'
CMakeFiles/object_cloud_node.dir/src/object_cloud_node.cpp.o: In function `pcl::FilterIndices<pcl::PointXYZRGB>::filter(std::vector<int, std::allocator<int> >&)':
object_cloud_node.cpp:(.text._ZN3pcl13FilterIndicesINS_11PointXYZRGBEE6filterERSt6vectorIiSaIiEE[_ZN3pcl13FilterIndicesINS_11PointXYZRGBEE6filterERSt6vectorIiSaIiEE]+0x18): undefined reference to `pcl::PCLBase<pcl::PointXYZRGB>::initCompute()'
object_cloud_node.cpp:(.text._ZN3pcl13FilterIndicesINS_11PointXYZRGBEE6filterERSt6vectorIiSaIiEE[_ZN3pcl13FilterIndicesINS_11PointXYZRGBEE6filterERSt6vectorIiSaIiEE]+0x4b): undefined reference to `pcl::PCLBase<pcl::PointXYZRGB>::deinitCompute()'
CMakeFiles/object_cloud_node.dir/src/object_cloud_node.cpp.o: In function `void ros::Publisher::publish<pcl::PointCloud<pcl::PointXYZRGB> >(pcl::PointCloud<pcl::PointXYZRGB> const&) const':
object_cloud_node.cpp:(.text._ZNK3ros9Publisher7publishIN3pcl10PointCloudINS2_11PointXYZRGBEEEEEvRKT_[_ZNK3ros9Publisher7publishIN3pcl10PointCloudINS2_11PointXYZRGBEEEEEvRKT_]+0x38): undefined reference to `ros::console::g_initialized'
object_cloud_node.cpp:(.text._ZNK3ros9Publisher7publishIN3pcl10PointCloudINS2_11PointXYZRGBEEEEEvRKT_[_ZNK3ros9Publisher7publishIN3pcl10PointCloudINS2_11PointXYZRGBEEEEEvRKT_]+0x48): undefined reference to `ros::console::initialize()'
object_cloud_node.cpp:(.text._ZNK3ros9Publisher7publishIN3pcl10PointCloudINS2_11PointXYZRGBEEEEEvRKT_[_ZNK3ros9Publisher7publishIN3pcl10PointCloudINS2_11PointXYZRGBEEEEEvRKT_]+0x91): undefined reference to `ros::console::initializeLogLocation(ros::console::LogLocation*, std::string const&, ros::console::levels::Level)'
object_cloud_node.cpp:(.text._ZNK3ros9Publisher7publishIN3pcl10PointCloudINS2_11PointXYZRGBEEEEEvRKT_[_ZNK3ros9Publisher7publishIN3pcl10PointCloudINS2_11PointXYZRGBEEEEEvRKT_]+0xcc): undefined reference to `ros::console::setLogLocationLevel(ros::console::LogLocation*, ros::console::levels::Level)'
object_cloud_node.cpp:(.text._ZNK3ros9Publisher7publishIN3pcl10PointCloudINS2_11PointXYZRGBEEEEEvRKT_[_ZNK3ros9Publisher7publishIN3pcl10PointCloudINS2_11PointXYZRGBEEEEEvRKT_]+0xd6): undefined reference to `ros::console::checkLogLocationEnabled(ros::console::LogLocation*)'
object_cloud_node.cpp:(.text._ZNK3ros9Publisher7publishIN3pcl10PointCloudINS2_11PointXYZRGBEEEEEvRKT_[_ZNK3ros9Publisher7publishIN3pcl10PointCloudINS2_11PointXYZRGBEEEEEvRKT_]+0x141): undefined reference to `ros::console::print(ros::console::FilterBase*, void*, ros::console::levels::Level, char const*, int, char const*, char const*, ...)'
object_cloud_node.cpp:(.text._ZNK3ros9Publisher7publishIN3pcl10PointCloudINS2_11PointXYZRGBEEEEEvRKT_[_ZNK3ros9Publisher7publishIN3pcl10PointCloudINS2_11PointXYZRGBEEEEEvRKT_]+0x148): undefined reference to `ros::console::g_initialized'
object_cloud_node.cpp:(.text._ZNK3ros9Publisher7publishIN3pcl10PointCloudINS2_11PointXYZRGBEEEEEvRKT_[_ZNK3ros9Publisher7publishIN3pcl10PointCloudINS2_11PointXYZRGBEEEEEvRKT_]+0x158): undefined reference to `ros::console::initialize()'
object_cloud_node.cpp:(.text._ZNK3ros9Publisher7publishIN3pcl10PointCloudINS2_11PointXYZRGBEEEEEvRKT_[_ZNK3ros9Publisher7publishIN3pcl10PointCloudINS2_11PointXYZRGBEEEEEvRKT_]+0x1a1): undefined reference to `ros::console::initializeLogLocation(ros::console::LogLocation*, std::string const&, ros::console::levels::Level)'
object_cloud_node.cpp:(.text._ZNK3ros9Publisher7publishIN3pcl10PointCloudINS2_11PointXYZRGBEEEEEvRKT_[_ZNK3ros9Publisher7publishIN3pcl10PointCloudINS2_11PointXYZRGBEEEEEvRKT_]+0x1dc): undefined reference to `ros::console::setLogLocationLevel(ros::console::LogLocation*, ros::console::levels::Level)'
object_cloud_node.cpp:(.text._ZNK3ros9Publisher7publishIN3pcl10PointCloudINS2_11PointXYZRGBEEEEEvRKT_[_ZNK3ros9Publisher7publishIN3pcl10PointCloudINS2_11PointXYZRGBEEEEEvRKT_]+0x1e6): undefined reference to `ros::console::checkLogLocationEnabled(ros::console::LogLocation*)'
object_cloud_node.cpp:(.text._ZNK3ros9Publisher7publishIN3pcl10PointCloudINS2_11PointXYZRGBEEEEEvRKT_[_ZNK3ros9Publisher7publishIN3pcl10PointCloudINS2_11PointXYZRGBEEEEEvRKT_]+0x237): undefined reference to `ros::console::print(ros::console::FilterBase*, void*, ros::console::levels::Level, char const*, int, char const*, char const*, ...)'
object_cloud_node.cpp:(.text._ZNK3ros9Publisher7publishIN3pcl10PointCloudINS2_11PointXYZRGBEEEEEvRKT_[_ZNK3ros9Publisher7publishIN3pcl10PointCloudINS2_11PointXYZRGBEEEEEvRKT_]+0x23e): undefined reference to `ros::console::g_initialized'
object_cloud_node.cpp:(.text._ZNK3ros9Publisher7publishIN3pcl10PointCloudINS2_11PointXYZRGBEEEEEvRKT_[_ZNK3ros9Publisher7publishIN3pcl10PointCloudINS2_11PointXYZRGBEEEEEvRKT_]+0x24e): undefined reference to `ros::console::initialize()'
object_cloud_node.cpp:(.text._ZNK3ros9Publisher7publishIN3pcl10PointCloudINS2_11PointXYZRGBEEEEEvRKT_[_ZNK3ros9Publisher7publishIN3pcl10PointCloudINS2_11PointXYZRGBEEEEEvRKT_]+0x297): undefined reference to `ros::console::initializeLogLocation(ros::console::LogLocation*, std::string const&, ros::console::levels::Level)'
object_cloud_node.cpp:(.text._ZNK3ros9Publisher7publishIN3pcl10PointCloudINS2_11PointXYZRGBEEEEEvRKT_[_ZNK3ros9Publisher7publishIN3pcl10PointCloudINS2_11PointXYZRGBEEEEEvRKT_]+0x2d2): undefined reference to `ros::console::setLogLocationLevel(ros::console::LogLocation*, ros::console::levels::Level)'
object_cloud_node.cpp:(.text._ZNK3ros9Publisher7publishIN3pcl10PointCloudINS2_11PointXYZRGBEEEEEvRKT_[_ZNK3ros9Publisher7publishIN3pcl10PointCloudINS2_11PointXYZRGBEEEEEvRKT_]+0x2dc): undefined reference to `ros::console::checkLogLocationEnabled(ros::console::LogLocation*)'
object_cloud_node.cpp:(.text._ZNK3ros9Publisher7publishIN3pcl10PointCloudINS2_11PointXYZRGBEEEEEvRKT_[_ZNK3ros9Publisher7publishIN3pcl10PointCloudINS2_11PointXYZRGBEEEEEvRKT_]+0x32d): undefined reference to `ros::console::print(ros::console::FilterBase*, void*, ros::console::levels::Level, char const*, int, char const*, char const*, ...)'
object_cloud_node.cpp:(.text._ZNK3ros9Publisher7publishIN3pcl10PointCloudINS2_11PointXYZRGBEEEEEvRKT_[_ZNK3ros9Publisher7publishIN3pcl10PointCloudINS2_11PointXYZRGBEEEEEvRKT_]+0x34a): undefined reference to `ros::Publisher::Impl::isValid() const'
object_cloud_node.cpp:(.text._ZNK3ros9Publisher7publishIN3pcl10PointCloudINS2_11PointXYZRGBEEEEEvRKT_[_ZNK3ros9Publisher7publishIN3pcl10PointCloudINS2_11PointXYZRGBEEEEEvRKT_]+0x35c): undefined reference to `ros::console::g_initialized'
object_cloud_node.cpp:(.text._ZNK3ros9Publisher7publishIN3pcl10PointCloudINS2_11PointXYZRGBEEEEEvRKT_[_ZNK3ros9Publisher7publishIN3pcl10PointCloudINS2_11PointXYZRGBEEEEEvRKT_]+0x36c): undefined reference to `ros::console::initialize()'
object_cloud_node.cpp:(.text._ZNK3ros9Publisher7publishIN3pcl10PointCloudINS2_11PointXYZRGBEEEEEvRKT_[_ZNK3ros9Publisher7publishIN3pcl10PointCloudINS2_11PointXYZRGBEEEEEvRKT_]+0x3b5): undefined reference to `ros::console::initializeLogLocation(ros::console::LogLocation*, std::string const&, ros::console::levels::Level)'
object_cloud_node.cpp:(.text._ZNK3ros9Publisher7publishIN3pcl10PointCloudINS2_11PointXYZRGBEEEEEvRKT_[_ZNK3ros9Publisher7publishIN3pcl10PointCloudINS2_11PointXYZRGBEEEEEvRKT_]+0x3f0): undefined reference to `ros::console::setLogLocationLevel(ros::console::LogLocation*, ros::console::levels::Level)'
object_cloud_node.cpp:(.text._ZNK3ros9Publisher7publishIN3pcl10PointCloudINS2_11PointXYZRGBEEEEEvRKT_[_ZNK3ros9Publisher7publishIN3pcl10PointCloudINS2_11PointXYZRGBEEEEEvRKT_]+0x3fa): undefined reference to `ros::console::checkLogLocationEnabled(ros::console::LogLocation*)'
object_cloud_node.cpp:(.text._ZNK3ros9Publisher7publishIN3pcl10PointCloudINS2_11PointXYZRGBEEEEEvRKT_[_ZNK3ros9Publisher7publishIN3pcl10PointCloudINS2_11PointXYZRGBEEEEEvRKT_]+0x465): undefined reference to `ros::console::print(ros::console::FilterBase*, void*, ros::console::levels::Level, char const*, int, char const*, char const*, ...)'
object_cloud_node.cpp:(.text._ZNK3ros9Publisher7publishIN3pcl10PointCloudINS2_11PointXYZRGBEEEEEvRKT_[_ZNK3ros9Publisher7publishIN3pcl10PointCloudINS2_11PointXYZRGBEEEEEvRKT_]+0x46c): undefined reference to `ros::console::g_initialized'
object_cloud_node.cpp:(.text._ZNK3ros9Publisher7publishIN3pcl10PointCloudINS2_11PointXYZRGBEEEEEvRKT_[_ZNK3ros9Publisher7publishIN3pcl10PointCloudINS2_11PointXYZRGBEEEEEvRKT_]+0x47c): undefined reference to `ros::console::initialize()'
object_cloud_node.cpp:(.text._ZNK3ros9Publisher7publishIN3pcl10PointCloudINS2_11PointXYZRGBEEEEEvRKT_[_ZNK3ros9Publisher7publishIN3pcl10PointCloudINS2_11PointXYZRGBEEEEEvRKT_]+0x4c5): undefined reference to `ros::console::initializeLogLocation(ros::console::LogLocation*, std::string const&, ros::console::levels::Level)'
object_cloud_node.cpp:(.text._ZNK3ros9Publisher7publishIN3pcl10PointCloudINS2_11PointXYZRGBEEEEEvRKT_[_ZNK3ros9Publisher7publishIN3pcl10PointCloudINS2_11PointXYZRGBEEEEEvRKT_]+0x500): undefined reference to `ros::console::setLogLocationLevel(ros::console::LogLocation*, ros::console::levels::Level)'
object_cloud_node.cpp:(.text._ZNK3ros9Publisher7publishIN3pcl10PointCloudINS2_11PointXYZRGBEEEEEvRKT_[_ZNK3ros9Publisher7publishIN3pcl10PointCloudINS2_11PointXYZRGBEEEEEvRKT_]+0x50a): undefined reference to `ros::console::checkLogLocationEnabled(ros::console::LogLocation*)'
object_cloud_node.cpp:(.text._ZNK3ros9Publisher7publishIN3pcl10PointCloudINS2_11PointXYZRGBEEEEEvRKT_[_ZNK3ros9Publisher7publishIN3pcl10PointCloudINS2_11PointXYZRGBEEEEEvRKT_]+0x574): undefined reference to `ros::console::print(ros::console::FilterBase*, void*, ros::console::levels::Level, char const*, int, char const*, char const*, ...)'
object_cloud_node.cpp:(.text._ZNK3ros9Publisher7publishIN3pcl10PointCloudINS2_11PointXYZRGBEEEEEvRKT_[_ZNK3ros9Publisher7publishIN3pcl10PointCloudINS2_11PointXYZRGBEEEEEvRKT_]+0x57b): undefined reference to `ros::console::g_initialized'
object_cloud_node.cpp:(.text._ZNK3ros9Publisher7publishIN3pcl10PointCloudINS2_11PointXYZRGBEEEEEvRKT_[_ZNK3ros9Publisher7publishIN3pcl10PointCloudINS2_11PointXYZRGBEEEEEvRKT_]+0x58b): undefined reference to `ros::console::initialize()'
object_cloud_node.cpp:(.text._ZNK3ros9Publisher7publishIN3pcl10PointCloudINS2_11PointXYZRGBEEEEEvRKT_[_ZNK3ros9Publisher7publishIN3pcl10PointCloudINS2_11PointXYZRGBEEEEEvRKT_]+0x5d4): undefined reference to `ros::console::initializeLogLocation(ros::console::LogLocation*, std::string const&, ros::console::levels::Level)'
object_cloud_node.cpp:(.text._ZNK3ros9Publisher7publishIN3pcl10PointCloudINS2_11PointXYZRGBEEEEEvRKT_[_ZNK3ros9Publisher7publishIN3pcl10PointCloudINS2_11PointXYZRGBEEEEEvRKT_]+0x60f): undefined reference to `ros::console::setLogLocationLevel(ros::console::LogLocation*, ros::console::levels::Level)'
object_cloud_node.cpp:(.text._ZNK3ros9Publisher7publishIN3pcl10PointCloudINS2_11PointXYZRGBEEEEEvRKT_[_ZNK3ros9Publisher7publishIN3pcl10PointCloudINS2_11PointXYZRGBEEEEEvRKT_]+0x619): undefined reference to `ros::console::checkLogLocationEnabled(ros::console::LogLocation*)'
object_cloud_node.cpp:(.text._ZNK3ros9Publisher7publishIN3pcl10PointCloudINS2_11PointXYZRGBEEEEEvRKT_[_ZNK3ros9Publisher7publishIN3pcl10PointCloudINS2_11PointXYZRGBEEEEEvRKT_]+0x66a): undefined reference to `ros::console::print(ros::console::FilterBase*, void*, ros::console::levels::Level, char const*, int, char const*, char const*, ...)'
object_cloud_node.cpp:(.text._ZNK3ros9Publisher7publishIN3pcl10PointCloudINS2_11PointXYZRGBEEEEEvRKT_[_ZNK3ros9Publisher7publishIN3pcl10PointCloudINS2_11PointXYZRGBEEEEEvRKT_]+0x784): undefined reference to `ros::console::g_initialized'
object_cloud_node.cpp:(.text._ZNK3ros9Publisher7publishIN3pcl10PointCloudINS2_11PointXYZRGBEEEEEvRKT_[_ZNK3ros9Publisher7publishIN3pcl10PointCloudINS2_11PointXYZRGBEEEEEvRKT_]+0x794): undefined reference to `ros::console::initialize()'
object_cloud_node.cpp:(.text._ZNK3ros9Publisher7publishIN3pcl10PointCloudINS2_11PointXYZRGBEEEEEvRKT_[_ZNK3ros9Publisher7publishIN3pcl10PointCloudINS2_11PointXYZRGBEEEEEvRKT_]+0x7dd): undefined reference to `ros::console::initializeLogLocation(ros::console::LogLocation*, std::string const&, ros::console::levels::Level)'
object_cloud_node.cpp:(.text._ZNK3ros9Publisher7publishIN3pcl10PointCloudINS2_11PointXYZRGBEEEEEvRKT_[_ZNK3ros9Publisher7publishIN3pcl10PointCloudINS2_11PointXYZRGBEEEEEvRKT_]+0x818): undefined reference to `ros::console::setLogLocationLevel(ros::console::LogLocation*, ros::console::levels::Level)'
object_cloud_node.cpp:(.text._ZNK3ros9Publisher7publishIN3pcl10PointCloudINS2_11PointXYZRGBEEEEEvRKT_[_ZNK3ros9Publisher7publishIN3pcl10PointCloudINS2_11PointXYZRGBEEEEEvRKT_]+0x822): undefined reference to `ros::console::checkLogLocationEnabled(ros::console::LogLocation*)'
object_cloud_node.cpp:(.text._ZNK3ros9Publisher7publishIN3pcl10PointCloudINS2_11PointXYZRGBEEEEEvRKT_[_ZNK3ros9Publisher7publishIN3pcl10PointCloudINS2_11PointXYZRGBEEEEEvRKT_]+0x88d): undefined reference to `ros::console::print(ros::console::FilterBase*, void*, ros::console::levels::Level, char const*, int, char const*, char const*, ...)'
object_cloud_node.cpp:(.text._ZNK3ros9Publisher7publishIN3pcl10PointCloudINS2_11PointXYZRGBEEEEEvRKT_[_ZNK3ros9Publisher7publishIN3pcl10PointCloudINS2_11PointXYZRGBEEEEEvRKT_]+0x894): undefined reference to `ros::console::g_initialized'
object_cloud_node.cpp:(.text._ZNK3ros9Publisher7publishIN3pcl10PointCloudINS2_11PointXYZRGBEEEEEvRKT_[_ZNK3ros9Publisher7publishIN3pcl10PointCloudINS2_11PointXYZRGBEEEEEvRKT_]+0x8a4): undefined reference to `ros::console::initialize()'
object_cloud_node.cpp:(.text._ZNK3ros9Publisher7publishIN3pcl10PointCloudINS2_11PointXYZRGBEEEEEvRKT_[_ZNK3ros9Publisher7publishIN3pcl10PointCloudINS2_11PointXYZRGBEEEEEvRKT_]+0x8ed): undefined reference to `ros::console::initializeLogLocation(ros::console::LogLocation*, std::string const&, ros::console::levels::Level)'
object_cloud_node.cpp:(.text._ZNK3ros9Publisher7publishIN3pcl10PointCloudINS2_11PointXYZRGBEEEEEvRKT_[_ZNK3ros9Publisher7publishIN3pcl10PointCloudINS2_11PointXYZRGBEEEEEvRKT_]+0x928): undefined reference to `ros::console::setLogLocationLevel(ros::console::LogLocation*, ros::console::levels::Level)'
object_cloud_node.cpp:(.text._ZNK3ros9Publisher7publishIN3pcl10PointCloudINS2_11PointXYZRGBEEEEEvRKT_[_ZNK3ros9Publisher7publishIN3pcl10PointCloudINS2_11PointXYZRGBEEEEEvRKT_]+0x932): undefined reference to `ros::console::checkLogLocationEnabled(ros::console::LogLocation*)'
object_cloud_node.cpp:(.text._ZNK3ros9Publisher7publishIN3pcl10PointCloudINS2_11PointXYZRGBEEEEEvRKT_[_ZNK3ros9Publisher7publishIN3pcl10PointCloudINS2_11PointXYZRGBEEEEEvRKT_]+0x9f5): undefined reference to `ros::console::print(ros::console::FilterBase*, void*, ros::console::levels::Level, char const*, int, char const*, char const*, ...)'
object_cloud_node.cpp:(.text._ZNK3ros9Publisher7publishIN3pcl10PointCloudINS2_11PointXYZRGBEEEEEvRKT_[_ZNK3ros9Publisher7publishIN3pcl10PointCloudINS2_11PointXYZRGBEEEEEvRKT_]+0x9fc): undefined reference to `ros::console::g_initialized'
object_cloud_node.cpp:(.text._ZNK3ros9Publisher7publishIN3pcl10PointCloudINS2_11PointXYZRGBEEEEEvRKT_[_ZNK3ros9Publisher7publishIN3pcl10PointCloudINS2_11PointXYZRGBEEEEEvRKT_]+0xa0c): undefined reference to `ros::console::initialize()'
object_cloud_node.cpp:(.text._ZNK3ros9Publisher7publishIN3pcl10PointCloudINS2_11PointXYZRGBEEEEEvRKT_[_ZNK3ros9Publisher7publishIN3pcl10PointCloudINS2_11PointXYZRGBEEEEEvRKT_]+0xa55): undefined reference to `ros::console::initializeLogLocation(ros::console::LogLocation*, std::string const&, ros::console::levels::Level)'
object_cloud_node.cpp:(.text._ZNK3ros9Publisher7publishIN3pcl10PointCloudINS2_11PointXYZRGBEEEEEvRKT_[_ZNK3ros9Publisher7publishIN3pcl10PointCloudINS2_11PointXYZRGBEEEEEvRKT_]+0xa90): undefined reference to `ros::console::setLogLocationLevel(ros::console::LogLocation*, ros::console::levels::Level)'
object_cloud_node.cpp:(.text._ZNK3ros9Publisher7publishIN3pcl10PointCloudINS2_11PointXYZRGBEEEEEvRKT_[_ZNK3ros9Publisher7publishIN3pcl10PointCloudINS2_11PointXYZRGBEEEEEvRKT_]+0xa9a): undefined reference to `ros::console::checkLogLocationEnabled(ros::console::LogLocation*)'
object_cloud_node.cpp:(.text._ZNK3ros9Publisher7publishIN3pcl10PointCloudINS2_11PointXYZRGBEEEEEvRKT_[_ZNK3ros9Publisher7publishIN3pcl10PointCloudINS2_11PointXYZRGBEEEEEvRKT_]+0xaeb): undefined reference to `ros::console::print(ros::console::FilterBase*, void*, ros::console::levels::Level, char const*, int, char const*, char const*, ...)'
object_cloud_node.cpp:(.text._ZNK3ros9Publisher7publishIN3pcl10PointCloudINS2_11PointXYZRGBEEEEEvRKT_[_ZNK3ros9Publisher7publishIN3pcl10PointCloudINS2_11PointXYZRGBEEEEEvRKT_]+0xb48): undefined reference to `ros::Publisher::publish(boost::function<ros::SerializedMessage ()> const&, ros::SerializedMessage&) const'
CMakeFiles/object_cloud_node.dir/src/object_cloud_node.cpp.o: In function `ros::Subscriber ros::NodeHandle::subscribe<cob_perception_msgs::DetectionArray_<std::allocator<void> > >(std::string const&, unsigned int, void (*)(boost::shared_ptr<cob_perception_msgs::DetectionArray_<std::allocator<void> > const> const&), ros::TransportHints const&)':
object_cloud_node.cpp:(.text._ZN3ros10NodeHandle9subscribeIN19cob_perception_msgs15DetectionArray_ISaIvEEEEENS_10SubscriberERKSsjPFvRKN5boost10shared_ptrIKT_EEERKNS_14TransportHintsE[_ZN3ros10NodeHandle9subscribeIN19cob_perception_msgs15DetectionArray_ISaIvEEEEENS_10SubscriberERKSsjPFvRKN5boost10shared_ptrIKT_EEERKNS_14TransportHintsE]+0xfd): undefined reference to `ros::NodeHandle::subscribe(ros::SubscribeOptions&)'
CMakeFiles/object_cloud_node.dir/src/object_cloud_node.cpp.o: In function `ros::Publisher ros::NodeHandle::advertise<sensor_msgs::PointCloud2_<std::allocator<void> > >(std::string const&, unsigned int, bool)':
object_cloud_node.cpp:(.text._ZN3ros10NodeHandle9advertiseIN11sensor_msgs12PointCloud2_ISaIvEEEEENS_9PublisherERKSsjb[_ZN3ros10NodeHandle9advertiseIN11sensor_msgs12PointCloud2_ISaIvEEEEENS_9PublisherERKSsjb]+0xce): undefined reference to `ros::NodeHandle::advertise(ros::AdvertiseOptions&)'
CMakeFiles/object_cloud_node.dir/src/object_cloud_node.cpp.o: In function `pcl::Feature<pcl::PointXYZRGB, pcl::Normal>::Feature()':
object_cloud_node.cpp:(.text._ZN3pcl7FeatureINS_11PointXYZRGBENS_6NormalEEC2Ev[_ZN3pcl7FeatureINS_11PointXYZRGBENS_6NormalEEC5Ev]+0x15): undefined reference to `pcl::PCLBase<pcl::PointXYZRGB>::PCLBase()'
CMakeFiles/object_cloud_node.dir/src/object_cloud_node.cpp.o: In function `pcl::Feature<pcl::PointXYZRGB, pcl::Normal>::initCompute()':
object_cloud_node.cpp:(.text._ZN3pcl7FeatureINS_11PointXYZRGBENS_6NormalEE11initComputeEv[_ZN3pcl7FeatureINS_11PointXYZRGBENS_6NormalEE11initComputeEv]+0x20): undefined reference to `pcl::PCLBase<pcl::PointXYZRGB>::initCompute()'
object_cloud_node.cpp:(.text._ZN3pcl7FeatureINS_11PointXYZRGBENS_6NormalEE11initComputeEv[_ZN3pcl7FeatureINS_11PointXYZRGBENS_6NormalEE11initComputeEv]+0x52): undefined reference to `pcl::console::print(pcl::console::VERBOSITY_LEVEL, char const*, ...)'
object_cloud_node.cpp:(.text._ZN3pcl7FeatureINS_11PointXYZRGBENS_6NormalEE11initComputeEv[_ZN3pcl7FeatureINS_11PointXYZRGBENS_6NormalEE11initComputeEv]+0xa7): undefined reference to `pcl::console::print(pcl::console::VERBOSITY_LEVEL, char const*, ...)'
object_cloud_node.cpp:(.text._ZN3pcl7FeatureINS_11PointXYZRGBENS_6NormalEE11initComputeEv[_ZN3pcl7FeatureINS_11PointXYZRGBENS_6NormalEE11initComputeEv]+0x1b8): undefined reference to `pcl::search::KdTree<pcl::PointXYZRGB>::KdTree(bool)'
object_cloud_node.cpp:(.text._ZN3pcl7FeatureINS_11PointXYZRGBENS_6NormalEE11initComputeEv[_ZN3pcl7FeatureINS_11PointXYZRGBENS_6NormalEE11initComputeEv]+0x2c8): undefined reference to `pcl::console::print(pcl::console::VERBOSITY_LEVEL, char const*, ...)'
object_cloud_node.cpp:(.text._ZN3pcl7FeatureINS_11PointXYZRGBENS_6NormalEE11initComputeEv[_ZN3pcl7FeatureINS_11PointXYZRGBENS_6NormalEE11initComputeEv]+0x2fa): undefined reference to `pcl::console::print(pcl::console::VERBOSITY_LEVEL, char const*, ...)'
object_cloud_node.cpp:(.text._ZN3pcl7FeatureINS_11PointXYZRGBENS_6NormalEE11initComputeEv[_ZN3pcl7FeatureINS_11PointXYZRGBENS_6NormalEE11initComputeEv]+0x30e): undefined reference to `pcl::console::print(pcl::console::VERBOSITY_LEVEL, char const*, ...)'
object_cloud_node.cpp:(.text._ZN3pcl7FeatureINS_11PointXYZRGBENS_6NormalEE11initComputeEv[_ZN3pcl7FeatureINS_11PointXYZRGBENS_6NormalEE11initComputeEv]+0x4c5): undefined reference to `pcl::console::print(pcl::console::VERBOSITY_LEVEL, char const*, ...)'
object_cloud_node.cpp:(.text._ZN3pcl7FeatureINS_11PointXYZRGBENS_6NormalEE11initComputeEv[_ZN3pcl7FeatureINS_11PointXYZRGBENS_6NormalEE11initComputeEv]+0x4d9): undefined reference to `pcl::console::print(pcl::console::VERBOSITY_LEVEL, char const*, ...)'
CMakeFiles/object_cloud_node.dir/src/object_cloud_node.cpp.o: In function `boost::shared_ptr<pcl::PointCloud<pcl::PointXYZRGB> const> ros::topic::waitForMessage<pcl::PointCloud<pcl::PointXYZRGB> >(std::string const&, ros::NodeHandle&, ros::Duration)':
object_cloud_node.cpp:(.text._ZN3ros5topic14waitForMessageIN3pcl10PointCloudINS2_11PointXYZRGBEEEEEN5boost10shared_ptrIKT_EERKSsRNS_10NodeHandleENS_8DurationE[_ZN3ros5topic14waitForMessageIN3pcl10PointCloudINS2_11PointXYZRGBEEEEEN5boost10shared_ptrIKT_EERKSsRNS_10NodeHandleENS_8DurationE]+0x1ee): undefined reference to `ros::topic::waitForMessageImpl(ros::SubscribeOptions&, boost::function<bool ()> const&, ros::NodeHandle&, ros::Duration)'
CMakeFiles/object_cloud_node.dir/src/object_cloud_node.cpp.o: In function `pcl::Filter<pcl::PointXYZRGB>::Filter(bool)':
object_cloud_node.cpp:(.text._ZN3pcl6FilterINS_11PointXYZRGBEEC2Eb[_ZN3pcl6FilterINS_11PointXYZRGBEEC5Eb]+0x1c): undefined reference to `pcl::PCLBase<pcl::PointXYZRGB>::PCLBase()'
CMakeFiles/object_cloud_node.dir/src/object_cloud_node.cpp.o: In function `pcl::search::OrganizedNeighbor<pcl::PointXYZRGB>::OrganizedNeighbor(bool, float, unsigned int)':
object_cloud_node.cpp:(.text._ZN3pcl6search17OrganizedNeighborINS_11PointXYZRGBEEC2Ebfj[_ZN3pcl6search17OrganizedNeighborINS_11PointXYZRGBEEC5Ebfj]+0x50): undefined reference to `pcl::search::Search<pcl::PointXYZRGB>::Search(std::string const&, bool)'
CMakeFiles/object_cloud_node.dir/src/object_cloud_node.cpp.o: In function `void ros::serialization::Serializer<unsigned int>::write<ros::serialization::OStream>(ros::serialization::OStream&, unsigned int)':
object_cloud_node.cpp:(.text._ZN3ros13serialization10SerializerIjE5writeINS0_7OStreamEEEvRT_j[_ZN3ros13serialization10SerializerIjE5writeINS0_7OStreamEEEvRT_j]+0x52): undefined reference to `ros::serialization::throwStreamOverrun()'
CMakeFiles/object_cloud_node.dir/src/object_cloud_node.cpp.o: In function `void ros::serialization::Serializer<pcl::PointCloud<pcl::PointXYZRGB> >::write<ros::serialization::OStream>(ros::serialization::OStream&, pcl::PointCloud<pcl::PointXYZRGB> const&)':
object_cloud_node.cpp:(.text._ZN3ros13serialization10SerializerIN3pcl10PointCloudINS2_11PointXYZRGBEEEE5writeINS0_7OStreamEEEvRT_RKS5_[_ZN3ros13serialization10SerializerIN3pcl10PointCloudINS2_11PointXYZRGBEEEE5writeINS0_7OStreamEEEvRT_RKS5_]+0x254): undefined reference to `ros::serialization::throwStreamOverrun()'
CMakeFiles/object_cloud_node.dir/src/object_cloud_node.cpp.o: In function `void pcl::detail::FieldStreamer<ros::serialization::OStream, pcl::PointXYZRGB>::operator()<pcl::fields::x>()':
object_cloud_node.cpp:(.text._ZN3pcl6detail13FieldStreamerIN3ros13serialization7OStreamENS_11PointXYZRGBEEclINS_6fields1xEEEvv[_ZN3pcl6detail13FieldStreamerIN3ros13serialization7OStreamENS_11PointXYZRGBEEclINS_6fields1xEEEvv]+0x93): undefined reference to `ros::serialization::throwStreamOverrun()'
CMakeFiles/object_cloud_node.dir/src/object_cloud_node.cpp.o: In function `void ros::serialization::Serializer<unsigned char>::write<ros::serialization::OStream>(ros::serialization::OStream&, unsigned char)':
object_cloud_node.cpp:(.text._ZN3ros13serialization10SerializerIhE5writeINS0_7OStreamEEEvRT_h[_ZN3ros13serialization10SerializerIhE5writeINS0_7OStreamEEEvRT_h]+0x54): undefined reference to `ros::serialization::throwStreamOverrun()'
CMakeFiles/object_cloud_node.dir/src/object_cloud_node.cpp.o: In function `void pcl::detail::FieldStreamer<ros::serialization::OStream, pcl::PointXYZRGB>::operator()<pcl::fields::y>()':
object_cloud_node.cpp:(.text._ZN3pcl6detail13FieldStreamerIN3ros13serialization7OStreamENS_11PointXYZRGBEEclINS_6fields1yEEEvv[_ZN3pcl6detail13FieldStreamerIN3ros13serialization7OStreamENS_11PointXYZRGBEEclINS_6fields1yEEEvv]+0x93): undefined reference to `ros::serialization::throwStreamOverrun()'
CMakeFiles/object_cloud_node.dir/src/object_cloud_node.cpp.o:object_cloud_node.cpp:(.text._ZN3pcl6detail13FieldStreamerIN3ros13serialization7OStreamENS_11PointXYZRGBEEclINS_6fields1zEEEvv[_ZN3pcl6detail13FieldStreamerIN3ros13serialization7OStreamENS_11PointXYZRGBEEclINS_6fields1zEEEvv]+0x93): more undefined references to `ros::serialization::throwStreamOverrun()' follow
CMakeFiles/object_cloud_node.dir/src/object_cloud_node.cpp.o:(.rodata._ZTVN3pcl6search17OrganizedNeighborINS_11PointXYZRGBEEE[_ZTVN3pcl6search17OrganizedNeighborINS_11PointXYZRGBEEE]+0x20): undefined reference to `pcl::search::Search<pcl::PointXYZRGB>::getName() const'
CMakeFiles/object_cloud_node.dir/src/object_cloud_node.cpp.o:(.rodata._ZTVN3pcl6search17OrganizedNeighborINS_11PointXYZRGBEEE[_ZTVN3pcl6search17OrganizedNeighborINS_11PointXYZRGBEEE]+0x28): undefined reference to `pcl::search::Search<pcl::PointXYZRGB>::setSortedResults(bool)'
CMakeFiles/object_cloud_node.dir/src/object_cloud_node.cpp.o:(.rodata._ZTVN3pcl6search17OrganizedNeighborINS_11PointXYZRGBEEE[_ZTVN3pcl6search17OrganizedNeighborINS_11PointXYZRGBEEE]+0x30): undefined reference to `pcl::search::Search<pcl::PointXYZRGB>::getSortedResults()'
CMakeFiles/object_cloud_node.dir/src/object_cloud_node.cpp.o:(.rodata._ZTVN3pcl6search17OrganizedNeighborINS_11PointXYZRGBEEE[_ZTVN3pcl6search17OrganizedNeighborINS_11PointXYZRGBEEE]+0x50): undefined reference to `pcl::search::OrganizedNeighbor<pcl::PointXYZRGB>::nearestKSearch(pcl::PointXYZRGB const&, int, std::vector<int, std::allocator<int> >&, std::vector<float, std::allocator<float> >&) const'
CMakeFiles/object_cloud_node.dir/src/object_cloud_node.cpp.o:(.rodata._ZTVN3pcl6search17OrganizedNeighborINS_11PointXYZRGBEEE[_ZTVN3pcl6search17OrganizedNeighborINS_11PointXYZRGBEEE]+0x58): undefined reference to `pcl::search::Search<pcl::PointXYZRGB>::nearestKSearch(pcl::PointCloud<pcl::PointXYZRGB> const&, int, int, std::vector<int, std::allocator<int> >&, std::vector<float, std::allocator<float> >&) const'
CMakeFiles/object_cloud_node.dir/src/object_cloud_node.cpp.o:(.rodata._ZTVN3pcl6search17OrganizedNeighborINS_11PointXYZRGBEEE[_ZTVN3pcl6search17OrganizedNeighborINS_11PointXYZRGBEEE]+0x60): undefined reference to `pcl::search::Search<pcl::PointXYZRGB>::nearestKSearch(int, int, std::vector<int, std::allocator<int> >&, std::vector<float, std::allocator<float> >&) const'
CMakeFiles/object_cloud_node.dir/src/object_cloud_node.cpp.o:(.rodata._ZTVN3pcl6search17OrganizedNeighborINS_11PointXYZRGBEEE[_ZTVN3pcl6search17OrganizedNeighborINS_11PointXYZRGBEEE]+0x68): undefined reference to `pcl::search::Search<pcl::PointXYZRGB>::nearestKSearch(pcl::PointCloud<pcl::PointXYZRGB> const&, std::vector<int, std::allocator<int> > const&, int, std::vector<std::vector<int, std::allocator<int> >, std::allocator<std::vector<int, std::allocator<int> > > >&, std::vector<std::vector<float, std::allocator<float> >, std::allocator<std::vector<float, std::allocator<float> > > >&) const'
CMakeFiles/object_cloud_node.dir/src/object_cloud_node.cpp.o:(.rodata._ZTVN3pcl6search17OrganizedNeighborINS_11PointXYZRGBEEE[_ZTVN3pcl6search17OrganizedNeighborINS_11PointXYZRGBEEE]+0x70): undefined reference to `pcl::search::OrganizedNeighbor<pcl::PointXYZRGB>::radiusSearch(pcl::PointXYZRGB const&, double, std::vector<int, std::allocator<int> >&, std::vector<float, std::allocator<float> >&, unsigned int) const'
CMakeFiles/object_cloud_node.dir/src/object_cloud_node.cpp.o:(.rodata._ZTVN3pcl6search17OrganizedNeighborINS_11PointXYZRGBEEE[_ZTVN3pcl6search17OrganizedNeighborINS_11PointXYZRGBEEE]+0x78): undefined reference to `pcl::search::Search<pcl::PointXYZRGB>::radiusSearch(pcl::PointCloud<pcl::PointXYZRGB> const&, int, double, std::vector<int, std::allocator<int> >&, std::vector<float, std::allocator<float> >&, unsigned int) const'
CMakeFiles/object_cloud_node.dir/src/object_cloud_node.cpp.o:(.rodata._ZTVN3pcl6search17OrganizedNeighborINS_11PointXYZRGBEEE[_ZTVN3pcl6search17OrganizedNeighborINS_11PointXYZRGBEEE]+0x80): undefined reference to `pcl::search::Search<pcl::PointXYZRGB>::radiusSearch(int, double, std::vector<int, std::allocator<int> >&, std::vector<float, std::allocator<float> >&, unsigned int) const'
CMakeFiles/object_cloud_node.dir/src/object_cloud_node.cpp.o:(.rodata._ZTVN3pcl6search17OrganizedNeighborINS_11PointXYZRGBEEE[_ZTVN3pcl6search17OrganizedNeighborINS_11PointXYZRGBEEE]+0x88): undefined reference to `pcl::search::Search<pcl::PointXYZRGB>::radiusSearch(pcl::PointCloud<pcl::PointXYZRGB> const&, std::vector<int, std::allocator<int> > const&, double, std::vector<std::vector<int, std::allocator<int> >, std::allocator<std::vector<int, std::allocator<int> > > >&, std::vector<std::vector<float, std::allocator<float> >, std::allocator<std::vector<float, std::allocator<float> > > >&, unsigned int) const'
CMakeFiles/object_cloud_node.dir/src/object_cloud_node.cpp.o:(.rodata._ZTVN3pcl16NormalEstimationINS_11PointXYZRGBENS_6NormalEEE[_ZTVN3pcl16NormalEstimationINS_11PointXYZRGBENS_6NormalEEE]+0x28): undefined reference to `pcl::PCLBase<pcl::PointXYZRGB>::setIndices(boost::shared_ptr<std::vector<int, std::allocator<int> > > const&)'
CMakeFiles/object_cloud_node.dir/src/object_cloud_node.cpp.o:(.rodata._ZTVN3pcl16NormalEstimationINS_11PointXYZRGBENS_6NormalEEE[_ZTVN3pcl16NormalEstimationINS_11PointXYZRGBENS_6NormalEEE]+0x30): undefined reference to `pcl::PCLBase<pcl::PointXYZRGB>::setIndices(boost::shared_ptr<std::vector<int, std::allocator<int> > const> const&)'
CMakeFiles/object_cloud_node.dir/src/object_cloud_node.cpp.o:(.rodata._ZTVN3pcl16NormalEstimationINS_11PointXYZRGBENS_6NormalEEE[_ZTVN3pcl16NormalEstimationINS_11PointXYZRGBENS_6NormalEEE]+0x38): undefined reference to `pcl::PCLBase<pcl::PointXYZRGB>::setIndices(boost::shared_ptr<pcl::PointIndices const> const&)'
CMakeFiles/object_cloud_node.dir/src/object_cloud_node.cpp.o:(.rodata._ZTVN3pcl16NormalEstimationINS_11PointXYZRGBENS_6NormalEEE[_ZTVN3pcl16NormalEstimationINS_11PointXYZRGBENS_6NormalEEE]+0x40): undefined reference to `pcl::PCLBase<pcl::PointXYZRGB>::setIndices(unsigned long, unsigned long, unsigned long, unsigned long)'
CMakeFiles/object_cloud_node.dir/src/object_cloud_node.cpp.o:(.rodata._ZTVN3pcl16NormalEstimationINS_11PointXYZRGBENS_6NormalEEE[_ZTVN3pcl16NormalEstimationINS_11PointXYZRGBENS_6NormalEEE]+0x58): undefined reference to `pcl::NormalEstimation<pcl::PointXYZRGB, pcl::Normal>::computeFeature(pcl::PointCloud<pcl::Normal>&)'
CMakeFiles/object_cloud_node.dir/src/object_cloud_node.cpp.o:(.rodata._ZTVN3pcl7FeatureINS_11PointXYZRGBENS_6NormalEEE[_ZTVN3pcl7FeatureINS_11PointXYZRGBENS_6NormalEEE]+0x20): undefined reference to `pcl::PCLBase<pcl::PointXYZRGB>::setInputCloud(boost::shared_ptr<pcl::PointCloud<pcl::PointXYZRGB> const> const&)'
CMakeFiles/object_cloud_node.dir/src/object_cloud_node.cpp.o:(.rodata._ZTVN3pcl7FeatureINS_11PointXYZRGBENS_6NormalEEE[_ZTVN3pcl7FeatureINS_11PointXYZRGBENS_6NormalEEE]+0x28): undefined reference to `pcl::PCLBase<pcl::PointXYZRGB>::setIndices(boost::shared_ptr<std::vector<int, std::allocator<int> > > const&)'
CMakeFiles/object_cloud_node.dir/src/object_cloud_node.cpp.o:(.rodata._ZTVN3pcl7FeatureINS_11PointXYZRGBENS_6NormalEEE[_ZTVN3pcl7FeatureINS_11PointXYZRGBENS_6NormalEEE]+0x30): undefined reference to `pcl::PCLBase<pcl::PointXYZRGB>::setIndices(boost::shared_ptr<std::vector<int, std::allocator<int> > const> const&)'
CMakeFiles/object_cloud_node.dir/src/object_cloud_node.cpp.o:(.rodata._ZTVN3pcl7FeatureINS_11PointXYZRGBENS_6NormalEEE[_ZTVN3pcl7FeatureINS_11PointXYZRGBENS_6NormalEEE]+0x38): undefined reference to `pcl::PCLBase<pcl::PointXYZRGB>::setIndices(boost::shared_ptr<pcl::PointIndices const> const&)'
CMakeFiles/object_cloud_node.dir/src/object_cloud_node.cpp.o:(.rodata._ZTVN3pcl7FeatureINS_11PointXYZRGBENS_6NormalEEE[_ZTVN3pcl7FeatureINS_11PointXYZRGBENS_6NormalEEE]+0x40): undefined reference to `pcl::PCLBase<pcl::PointXYZRGB>::setIndices(unsigned long, unsigned long, unsigned long, unsigned long)'
CMakeFiles/object_cloud_node.dir/src/object_cloud_node.cpp.o:(.rodata._ZTVN3pcl11PassThroughINS_11PointXYZRGBEEE[_ZTVN3pcl11PassThroughINS_11PointXYZRGBEEE]+0x20): undefined reference to `pcl::PCLBase<pcl::PointXYZRGB>::setInputCloud(boost::shared_ptr<pcl::PointCloud<pcl::PointXYZRGB> const> const&)'
CMakeFiles/object_cloud_node.dir/src/object_cloud_node.cpp.o:(.rodata._ZTVN3pcl11PassThroughINS_11PointXYZRGBEEE[_ZTVN3pcl11PassThroughINS_11PointXYZRGBEEE]+0x28): undefined reference to `pcl::PCLBase<pcl::PointXYZRGB>::setIndices(boost::shared_ptr<std::vector<int, std::allocator<int> > > const&)'
CMakeFiles/object_cloud_node.dir/src/object_cloud_node.cpp.o:(.rodata._ZTVN3pcl11PassThroughINS_11PointXYZRGBEEE[_ZTVN3pcl11PassThroughINS_11PointXYZRGBEEE]+0x30): undefined reference to `pcl::PCLBase<pcl::PointXYZRGB>::setIndices(boost::shared_ptr<std::vector<int, std::allocator<int> > const> const&)'
CMakeFiles/object_cloud_node.dir/src/object_cloud_node.cpp.o:(.rodata._ZTVN3pcl11PassThroughINS_11PointXYZRGBEEE[_ZTVN3pcl11PassThroughINS_11PointXYZRGBEEE]+0x38): undefined reference to `pcl::PCLBase<pcl::PointXYZRGB>::setIndices(boost::shared_ptr<pcl::PointIndices const> const&)'
CMakeFiles/object_cloud_node.dir/src/object_cloud_node.cpp.o:(.rodata._ZTVN3pcl11PassThroughINS_11PointXYZRGBEEE[_ZTVN3pcl11PassThroughINS_11PointXYZRGBEEE]+0x40): undefined reference to `pcl::PCLBase<pcl::PointXYZRGB>::setIndices(unsigned long, unsigned long, unsigned long, unsigned long)'
CMakeFiles/object_cloud_node.dir/src/object_cloud_node.cpp.o:(.rodata._ZTVN3pcl11PassThroughINS_11PointXYZRGBEEE[_ZTVN3pcl11PassThroughINS_11PointXYZRGBEEE]+0x48): undefined reference to `pcl::PassThrough<pcl::PointXYZRGB>::applyFilter(pcl::PointCloud<pcl::PointXYZRGB>&)'
CMakeFiles/object_cloud_node.dir/src/object_cloud_node.cpp.o:(.rodata._ZTVN3pcl13FilterIndicesINS_11PointXYZRGBEEE[_ZTVN3pcl13FilterIndicesINS_11PointXYZRGBEEE]+0x20): undefined reference to `pcl::PCLBase<pcl::PointXYZRGB>::setInputCloud(boost::shared_ptr<pcl::PointCloud<pcl::PointXYZRGB> const> const&)'
CMakeFiles/object_cloud_node.dir/src/object_cloud_node.cpp.o:(.rodata._ZTVN3pcl13FilterIndicesINS_11PointXYZRGBEEE[_ZTVN3pcl13FilterIndicesINS_11PointXYZRGBEEE]+0x28): undefined reference to `pcl::PCLBase<pcl::PointXYZRGB>::setIndices(boost::shared_ptr<std::vector<int, std::allocator<int> > > const&)'
CMakeFiles/object_cloud_node.dir/src/object_cloud_node.cpp.o:(.rodata._ZTVN3pcl13FilterIndicesINS_11PointXYZRGBEEE[_ZTVN3pcl13FilterIndicesINS_11PointXYZRGBEEE]+0x30): undefined reference to `pcl::PCLBase<pcl::PointXYZRGB>::setIndices(boost::shared_ptr<std::vector<int, std::allocator<int> > const> const&)'
CMakeFiles/object_cloud_node.dir/src/object_cloud_node.cpp.o:(.rodata._ZTVN3pcl13FilterIndicesINS_11PointXYZRGBEEE[_ZTVN3pcl13FilterIndicesINS_11PointXYZRGBEEE]+0x38): undefined reference to `pcl::PCLBase<pcl::PointXYZRGB>::setIndices(boost::shared_ptr<pcl::PointIndices const> const&)'
CMakeFiles/object_cloud_node.dir/src/object_cloud_node.cpp.o:(.rodata._ZTVN3pcl13FilterIndicesINS_11PointXYZRGBEEE[_ZTVN3pcl13FilterIndicesINS_11PointXYZRGBEEE]+0x40): undefined reference to `pcl::PCLBase<pcl::PointXYZRGB>::setIndices(unsigned long, unsigned long, unsigned long, unsigned long)'
CMakeFiles/object_cloud_node.dir/src/object_cloud_node.cpp.o:(.rodata._ZTVN3pcl6FilterINS_11PointXYZRGBEEE[_ZTVN3pcl6FilterINS_11PointXYZRGBEEE]+0x20): undefined reference to `pcl::PCLBase<pcl::PointXYZRGB>::setInputCloud(boost::shared_ptr<pcl::PointCloud<pcl::PointXYZRGB> const> const&)'
CMakeFiles/object_cloud_node.dir/src/object_cloud_node.cpp.o:(.rodata._ZTVN3pcl6FilterINS_11PointXYZRGBEEE[_ZTVN3pcl6FilterINS_11PointXYZRGBEEE]+0x28): undefined reference to `pcl::PCLBase<pcl::PointXYZRGB>::setIndices(boost::shared_ptr<std::vector<int, std::allocator<int> > > const&)'
CMakeFiles/object_cloud_node.dir/src/object_cloud_node.cpp.o:(.rodata._ZTVN3pcl6FilterINS_11PointXYZRGBEEE[_ZTVN3pcl6FilterINS_11PointXYZRGBEEE]+0x30): undefined reference to `pcl::PCLBase<pcl::PointXYZRGB>::setIndices(boost::shared_ptr<std::vector<int, std::allocator<int> > const> const&)'
CMakeFiles/object_cloud_node.dir/src/object_cloud_node.cpp.o:(.rodata._ZTVN3pcl6FilterINS_11PointXYZRGBEEE[_ZTVN3pcl6FilterINS_11PointXYZRGBEEE]+0x38): undefined reference to `pcl::PCLBase<pcl::PointXYZRGB>::setIndices(boost::shared_ptr<pcl::PointIndices const> const&)'
CMakeFiles/object_cloud_node.dir/src/object_cloud_node.cpp.o:(.rodata._ZTVN3pcl6FilterINS_11PointXYZRGBEEE[_ZTVN3pcl6FilterINS_11PointXYZRGBEEE]+0x40): undefined reference to `pcl::PCLBase<pcl::PointXYZRGB>::setIndices(unsigned long, unsigned long, unsigned long, unsigned long)'
CMakeFiles/object_cloud_node.dir/src/object_cloud_node.cpp.o:(.rodata._ZTVN3pcl15SACSegmentationINS_11PointXYZRGBEEE[_ZTVN3pcl15SACSegmentationINS_11PointXYZRGBEEE]+0x20): undefined reference to `pcl::PCLBase<pcl::PointXYZRGB>::setInputCloud(boost::shared_ptr<pcl::PointCloud<pcl::PointXYZRGB> const> const&)'
CMakeFiles/object_cloud_node.dir/src/object_cloud_node.cpp.o:(.rodata._ZTVN3pcl15SACSegmentationINS_11PointXYZRGBEEE[_ZTVN3pcl15SACSegmentationINS_11PointXYZRGBEEE]+0x28): undefined reference to `pcl::PCLBase<pcl::PointXYZRGB>::setIndices(boost::shared_ptr<std::vector<int, std::allocator<int> > > const&)'
CMakeFiles/object_cloud_node.dir/src/object_cloud_node.cpp.o:(.rodata._ZTVN3pcl15SACSegmentationINS_11PointXYZRGBEEE[_ZTVN3pcl15SACSegmentationINS_11PointXYZRGBEEE]+0x30): undefined reference to `pcl::PCLBase<pcl::PointXYZRGB>::setIndices(boost::shared_ptr<std::vector<int, std::allocator<int> > const> const&)'
CMakeFiles/object_cloud_node.dir/src/object_cloud_node.cpp.o:(.rodata._ZTVN3pcl15SACSegmentationINS_11PointXYZRGBEEE[_ZTVN3pcl15SACSegmentationINS_11PointXYZRGBEEE]+0x38): undefined reference to `pcl::PCLBase<pcl::PointXYZRGB>::setIndices(boost::shared_ptr<pcl::PointIndices const> const&)'
CMakeFiles/object_cloud_node.dir/src/object_cloud_node.cpp.o:(.rodata._ZTVN3pcl15SACSegmentationINS_11PointXYZRGBEEE[_ZTVN3pcl15SACSegmentationINS_11PointXYZRGBEEE]+0x40): undefined reference to `pcl::PCLBase<pcl::PointXYZRGB>::setIndices(unsigned long, unsigned long, unsigned long, unsigned long)'
CMakeFiles/object_cloud_node.dir/src/object_cloud_node.cpp.o:(.rodata._ZTVN3pcl15SACSegmentationINS_11PointXYZRGBEEE[_ZTVN3pcl15SACSegmentationINS_11PointXYZRGBEEE]+0x48): undefined reference to `pcl::SACSegmentation<pcl::PointXYZRGB>::segment(pcl::PointIndices&, pcl::ModelCoefficients&)'
CMakeFiles/object_cloud_node.dir/src/object_cloud_node.cpp.o:(.rodata._ZTVN3pcl15SACSegmentationINS_11PointXYZRGBEEE[_ZTVN3pcl15SACSegmentationINS_11PointXYZRGBEEE]+0x50): undefined reference to `pcl::SACSegmentation<pcl::PointXYZRGB>::initSACModel(int)'
CMakeFiles/object_cloud_node.dir/src/object_cloud_node.cpp.o:(.rodata._ZTVN3pcl15SACSegmentationINS_11PointXYZRGBEEE[_ZTVN3pcl15SACSegmentationINS_11PointXYZRGBEEE]+0x58): undefined reference to `pcl::SACSegmentation<pcl::PointXYZRGB>::initSAC(int)'
CMakeFiles/object_cloud_node.dir/src/object_cloud_node.cpp.o:(.rodata._ZTVN3pcl6search6SearchINS_11PointXYZRGBEEE[_ZTVN3pcl6search6SearchINS_11PointXYZRGBEEE]+0x20): undefined reference to `pcl::search::Search<pcl::PointXYZRGB>::getName() const'
CMakeFiles/object_cloud_node.dir/src/object_cloud_node.cpp.o:(.rodata._ZTVN3pcl6search6SearchINS_11PointXYZRGBEEE[_ZTVN3pcl6search6SearchINS_11PointXYZRGBEEE]+0x28): undefined reference to `pcl::search::Search<pcl::PointXYZRGB>::setSortedResults(bool)'
CMakeFiles/object_cloud_node.dir/src/object_cloud_node.cpp.o:(.rodata._ZTVN3pcl6search6SearchINS_11PointXYZRGBEEE[_ZTVN3pcl6search6SearchINS_11PointXYZRGBEEE]+0x30): undefined reference to `pcl::search::Search<pcl::PointXYZRGB>::getSortedResults()'
CMakeFiles/object_cloud_node.dir/src/object_cloud_node.cpp.o:(.rodata._ZTVN3pcl6search6SearchINS_11PointXYZRGBEEE[_ZTVN3pcl6search6SearchINS_11PointXYZRGBEEE]+0x38): undefined reference to `pcl::search::Search<pcl::PointXYZRGB>::setInputCloud(boost::shared_ptr<pcl::PointCloud<pcl::PointXYZRGB> const> const&, boost::shared_ptr<std::vector<int, std::allocator<int> > const> const&)'
CMakeFiles/object_cloud_node.dir/src/object_cloud_node.cpp.o:(.rodata._ZTVN3pcl6search6SearchINS_11PointXYZRGBEEE[_ZTVN3pcl6search6SearchINS_11PointXYZRGBEEE]+0x58): undefined reference to `pcl::search::Search<pcl::PointXYZRGB>::nearestKSearch(pcl::PointCloud<pcl::PointXYZRGB> const&, int, int, std::vector<int, std::allocator<int> >&, std::vector<float, std::allocator<float> >&) const'
CMakeFiles/object_cloud_node.dir/src/object_cloud_node.cpp.o:(.rodata._ZTVN3pcl6search6SearchINS_11PointXYZRGBEEE[_ZTVN3pcl6search6SearchINS_11PointXYZRGBEEE]+0x60): undefined reference to `pcl::search::Search<pcl::PointXYZRGB>::nearestKSearch(int, int, std::vector<int, std::allocator<int> >&, std::vector<float, std::allocator<float> >&) const'
CMakeFiles/object_cloud_node.dir/src/object_cloud_node.cpp.o:(.rodata._ZTVN3pcl6search6SearchINS_11PointXYZRGBEEE[_ZTVN3pcl6search6SearchINS_11PointXYZRGBEEE]+0x68): undefined reference to `pcl::search::Search<pcl::PointXYZRGB>::nearestKSearch(pcl::PointCloud<pcl::PointXYZRGB> const&, std::vector<int, std::allocator<int> > const&, int, std::vector<std::vector<int, std::allocator<int> >, std::allocator<std::vector<int, std::allocator<int> > > >&, std::vector<std::vector<float, std::allocator<float> >, std::allocator<std::vector<float, std::allocator<float> > > >&) const'
CMakeFiles/object_cloud_node.dir/src/object_cloud_node.cpp.o:(.rodata._ZTVN3pcl6search6SearchINS_11PointXYZRGBEEE[_ZTVN3pcl6search6SearchINS_11PointXYZRGBEEE]+0x78): undefined reference to `pcl::search::Search<pcl::PointXYZRGB>::radiusSearch(pcl::PointCloud<pcl::PointXYZRGB> const&, int, double, std::vector<int, std::allocator<int> >&, std::vector<float, std::allocator<float> >&, unsigned int) const'
CMakeFiles/object_cloud_node.dir/src/object_cloud_node.cpp.o:(.rodata._ZTVN3pcl6search6SearchINS_11PointXYZRGBEEE[_ZTVN3pcl6search6SearchINS_11PointXYZRGBEEE]+0x80): undefined reference to `pcl::search::Search<pcl::PointXYZRGB>::radiusSearch(int, double, std::vector<int, std::allocator<int> >&, std::vector<float, std::allocator<float> >&, unsigned int) const'
CMakeFiles/object_cloud_node.dir/src/object_cloud_node.cpp.o:(.rodata._ZTVN3pcl6search6SearchINS_11PointXYZRGBEEE[_ZTVN3pcl6search6SearchINS_11PointXYZRGBEEE]+0x88): undefined reference to `pcl::search::Search<pcl::PointXYZRGB>::radiusSearch(pcl::PointCloud<pcl::PointXYZRGB> const&, std::vector<int, std::allocator<int> > const&, double, std::vector<std::vector<int, std::allocator<int> >, std::allocator<std::vector<int, std::allocator<int> > > >&, std::vector<std::vector<float, std::allocator<float> >, std::allocator<std::vector<float, std::allocator<float> > > >&, unsigned int) const'
CMakeFiles/object_cloud_node.dir/src/object_cloud_node.cpp.o:(.rodata._ZTVN3pcl7PCLBaseINS_11PointXYZRGBEEE[_ZTVN3pcl7PCLBaseINS_11PointXYZRGBEEE]+0x20): undefined reference to `pcl::PCLBase<pcl::PointXYZRGB>::setInputCloud(boost::shared_ptr<pcl::PointCloud<pcl::PointXYZRGB> const> const&)'
CMakeFiles/object_cloud_node.dir/src/object_cloud_node.cpp.o:(.rodata._ZTVN3pcl7PCLBaseINS_11PointXYZRGBEEE[_ZTVN3pcl7PCLBaseINS_11PointXYZRGBEEE]+0x28): undefined reference to `pcl::PCLBase<pcl::PointXYZRGB>::setIndices(boost::shared_ptr<std::vector<int, std::allocator<int> > > const&)'
CMakeFiles/object_cloud_node.dir/src/object_cloud_node.cpp.o:(.rodata._ZTVN3pcl7PCLBaseINS_11PointXYZRGBEEE[_ZTVN3pcl7PCLBaseINS_11PointXYZRGBEEE]+0x30): undefined reference to `pcl::PCLBase<pcl::PointXYZRGB>::setIndices(boost::shared_ptr<std::vector<int, std::allocator<int> > const> const&)'
CMakeFiles/object_cloud_node.dir/src/object_cloud_node.cpp.o:(.rodata._ZTVN3pcl7PCLBaseINS_11PointXYZRGBEEE[_ZTVN3pcl7PCLBaseINS_11PointXYZRGBEEE]+0x38): undefined reference to `pcl::PCLBase<pcl::PointXYZRGB>::setIndices(boost::shared_ptr<pcl::PointIndices const> const&)'
CMakeFiles/object_cloud_node.dir/src/object_cloud_node.cpp.o:(.rodata._ZTVN3pcl7PCLBaseINS_11PointXYZRGBEEE[_ZTVN3pcl7PCLBaseINS_11PointXYZRGBEEE]+0x40): undefined reference to `pcl::PCLBase<pcl::PointXYZRGB>::setIndices(unsigned long, unsigned long, unsigned long, unsigned long)'
CMakeFiles/object_cloud_node.dir/src/object_cloud_node.cpp.o: In function `ros::SubscriptionCallbackHelperT<boost::shared_ptr<pcl::PointCloud<pcl::PointXYZRGB> const> const&, void>::deserialize(ros::SubscriptionCallbackHelperDeserializeParams const&)':
object_cloud_node.cpp:(.text._ZN3ros27SubscriptionCallbackHelperTIRKN5boost10shared_ptrIKN3pcl10PointCloudINS3_11PointXYZRGBEEEEEvE11deserializeERKNS_43SubscriptionCallbackHelperDeserializeParamsE[_ZN3ros27SubscriptionCallbackHelperTIRKN5boost10shared_ptrIKN3pcl10PointCloudINS3_11PointXYZRGBEEEEEvE11deserializeERKNS_43SubscriptionCallbackHelperDeserializeParamsE]+0x49): undefined reference to `ros::console::g_initialized'
object_cloud_node.cpp:(.text._ZN3ros27SubscriptionCallbackHelperTIRKN5boost10shared_ptrIKN3pcl10PointCloudINS3_11PointXYZRGBEEEEEvE11deserializeERKNS_43SubscriptionCallbackHelperDeserializeParamsE[_ZN3ros27SubscriptionCallbackHelperTIRKN5boost10shared_ptrIKN3pcl10PointCloudINS3_11PointXYZRGBEEEEEvE11deserializeERKNS_43SubscriptionCallbackHelperDeserializeParamsE]+0x59): undefined reference to `ros::console::initialize()'
object_cloud_node.cpp:(.text._ZN3ros27SubscriptionCallbackHelperTIRKN5boost10shared_ptrIKN3pcl10PointCloudINS3_11PointXYZRGBEEEEEvE11deserializeERKNS_43SubscriptionCallbackHelperDeserializeParamsE[_ZN3ros27SubscriptionCallbackHelperTIRKN5boost10shared_ptrIKN3pcl10PointCloudINS3_11PointXYZRGBEEEEEvE11deserializeERKNS_43SubscriptionCallbackHelperDeserializeParamsE]+0xa2): undefined reference to `ros::console::initializeLogLocation(ros::console::LogLocation*, std::string const&, ros::console::levels::Level)'
object_cloud_node.cpp:(.text._ZN3ros27SubscriptionCallbackHelperTIRKN5boost10shared_ptrIKN3pcl10PointCloudINS3_11PointXYZRGBEEEEEvE11deserializeERKNS_43SubscriptionCallbackHelperDeserializeParamsE[_ZN3ros27SubscriptionCallbackHelperTIRKN5boost10shared_ptrIKN3pcl10PointCloudINS3_11PointXYZRGBEEEEEvE11deserializeERKNS_43SubscriptionCallbackHelperDeserializeParamsE]+0xdc): undefined reference to `ros::console::setLogLocationLevel(ros::console::LogLocation*, ros::console::levels::Level)'
object_cloud_node.cpp:(.text._ZN3ros27SubscriptionCallbackHelperTIRKN5boost10shared_ptrIKN3pcl10PointCloudINS3_11PointXYZRGBEEEEEvE11deserializeERKNS_43SubscriptionCallbackHelperDeserializeParamsE[_ZN3ros27SubscriptionCallbackHelperTIRKN5boost10shared_ptrIKN3pcl10PointCloudINS3_11PointXYZRGBEEEEEvE11deserializeERKNS_43SubscriptionCallbackHelperDeserializeParamsE]+0xe6): undefined reference to `ros::console::checkLogLocationEnabled(ros::console::LogLocation*)'
object_cloud_node.cpp:(.text._ZN3ros27SubscriptionCallbackHelperTIRKN5boost10shared_ptrIKN3pcl10PointCloudINS3_11PointXYZRGBEEEEEvE11deserializeERKNS_43SubscriptionCallbackHelperDeserializeParamsE[_ZN3ros27SubscriptionCallbackHelperTIRKN5boost10shared_ptrIKN3pcl10PointCloudINS3_11PointXYZRGBEEEEEvE11deserializeERKNS_43SubscriptionCallbackHelperDeserializeParamsE]+0x152): undefined reference to `ros::console::print(ros::console::FilterBase*, void*, ros::console::levels::Level, char const*, int, char const*, char const*, ...)'
CMakeFiles/object_cloud_node.dir/src/object_cloud_node.cpp.o: In function `ros::SubscriptionCallbackHelperT<boost::shared_ptr<cob_perception_msgs::DetectionArray_<std::allocator<void> > const> const&, void>::deserialize(ros::SubscriptionCallbackHelperDeserializeParams const&)':
object_cloud_node.cpp:(.text._ZN3ros27SubscriptionCallbackHelperTIRKN5boost10shared_ptrIKN19cob_perception_msgs15DetectionArray_ISaIvEEEEEvE11deserializeERKNS_43SubscriptionCallbackHelperDeserializeParamsE[_ZN3ros27SubscriptionCallbackHelperTIRKN5boost10shared_ptrIKN19cob_perception_msgs15DetectionArray_ISaIvEEEEEvE11deserializeERKNS_43SubscriptionCallbackHelperDeserializeParamsE]+0x49): undefined reference to `ros::console::g_initialized'
object_cloud_node.cpp:(.text._ZN3ros27SubscriptionCallbackHelperTIRKN5boost10shared_ptrIKN19cob_perception_msgs15DetectionArray_ISaIvEEEEEvE11deserializeERKNS_43SubscriptionCallbackHelperDeserializeParamsE[_ZN3ros27SubscriptionCallbackHelperTIRKN5boost10shared_ptrIKN19cob_perception_msgs15DetectionArray_ISaIvEEEEEvE11deserializeERKNS_43SubscriptionCallbackHelperDeserializeParamsE]+0x59): undefined reference to `ros::console::initialize()'
object_cloud_node.cpp:(.text._ZN3ros27SubscriptionCallbackHelperTIRKN5boost10shared_ptrIKN19cob_perception_msgs15DetectionArray_ISaIvEEEEEvE11deserializeERKNS_43SubscriptionCallbackHelperDeserializeParamsE[_ZN3ros27SubscriptionCallbackHelperTIRKN5boost10shared_ptrIKN19cob_perception_msgs15DetectionArray_ISaIvEEEEEvE11deserializeERKNS_43SubscriptionCallbackHelperDeserializeParamsE]+0xa2): undefined reference to `ros::console::initializeLogLocation(ros::console::LogLocation*, std::string const&, ros::console::levels::Level)'
object_cloud_node.cpp:(.text._ZN3ros27SubscriptionCallbackHelperTIRKN5boost10shared_ptrIKN19cob_perception_msgs15DetectionArray_ISaIvEEEEEvE11deserializeERKNS_43SubscriptionCallbackHelperDeserializeParamsE[_ZN3ros27SubscriptionCallbackHelperTIRKN5boost10shared_ptrIKN19cob_perception_msgs15DetectionArray_ISaIvEEEEEvE11deserializeERKNS_43SubscriptionCallbackHelperDeserializeParamsE]+0xdc): undefined reference to `ros::console::setLogLocationLevel(ros::console::LogLocation*, ros::console::levels::Level)'
object_cloud_node.cpp:(.text._ZN3ros27SubscriptionCallbackHelperTIRKN5boost10shared_ptrIKN19cob_perception_msgs15DetectionArray_ISaIvEEEEEvE11deserializeERKNS_43SubscriptionCallbackHelperDeserializeParamsE[_ZN3ros27SubscriptionCallbackHelperTIRKN5boost10shared_ptrIKN19cob_perception_msgs15DetectionArray_ISaIvEEEEEvE11deserializeERKNS_43SubscriptionCallbackHelperDeserializeParamsE]+0xe6): undefined reference to `ros::console::checkLogLocationEnabled(ros::console::LogLocation*)'
object_cloud_node.cpp:(.text._ZN3ros27SubscriptionCallbackHelperTIRKN5boost10shared_ptrIKN19cob_perception_msgs15DetectionArray_ISaIvEEEEEvE11deserializeERKNS_43SubscriptionCallbackHelperDeserializeParamsE[_ZN3ros27SubscriptionCallbackHelperTIRKN5boost10shared_ptrIKN19cob_perception_msgs15DetectionArray_ISaIvEEEEEvE11deserializeERKNS_43SubscriptionCallbackHelperDeserializeParamsE]+0x152): undefined reference to `ros::console::print(ros::console::FilterBase*, void*, ros::console::levels::Level, char const*, int, char const*, char const*, ...)'
CMakeFiles/object_cloud_node.dir/src/object_cloud_node.cpp.o: In function `pcl::search::OrganizedNeighbor<pcl::PointXYZRGB>::setInputCloud(boost::shared_ptr<pcl::PointCloud<pcl::PointXYZRGB> const> const&, boost::shared_ptr<std::vector<int, std::allocator<int> > const> const&)':
object_cloud_node.cpp:(.text._ZN3pcl6search17OrganizedNeighborINS_11PointXYZRGBEE13setInputCloudERKN5boost10shared_ptrIKNS_10PointCloudIS2_EEEERKNS5_IKSt6vectorIiSaIiEEEE[_ZN3pcl6search17OrganizedNeighborINS_11PointXYZRGBEE13setInputCloudERKN5boost10shared_ptrIKNS_10PointCloudIS2_EEEERKNS5_IKSt6vectorIiSaIiEEEE]+0x1ce): undefined reference to `pcl::search::OrganizedNeighbor<pcl::PointXYZRGB>::estimateProjectionMatrix()'
CMakeFiles/object_cloud_node.dir/src/object_cloud_node.cpp.o: In function `pcl::PassThrough<pcl::PointXYZRGB>::applyFilter(std::vector<int, std::allocator<int> >&)':
object_cloud_node.cpp:(.text._ZN3pcl11PassThroughINS_11PointXYZRGBEE11applyFilterERSt6vectorIiSaIiEE[_ZN3pcl11PassThroughINS_11PointXYZRGBEE11applyFilterERSt6vectorIiSaIiEE]+0x1f): undefined reference to `pcl::PassThrough<pcl::PointXYZRGB>::applyFilterIndices(std::vector<int, std::allocator<int> >&)'
CMakeFiles/object_cloud_node.dir/src/object_cloud_node.cpp.o: In function `void ros::serialization::Serializer<pcl::PointCloud<pcl::PointXYZRGB> >::read<ros::serialization::IStream>(ros::serialization::IStream&, pcl::PointCloud<pcl::PointXYZRGB>&)':
object_cloud_node.cpp:(.text._ZN3ros13serialization10SerializerIN3pcl10PointCloudINS2_11PointXYZRGBEEEE4readINS0_7IStreamEEEvRT_RS5_[_ZN3ros13serialization10SerializerIN3pcl10PointCloudINS2_11PointXYZRGBEEEE4readINS0_7IStreamEEEvRT_RS5_]+0x3ce): undefined reference to `ros::serialization::throwStreamOverrun()'
object_cloud_node.cpp:(.text._ZN3ros13serialization10SerializerIN3pcl10PointCloudINS2_11PointXYZRGBEEEE4readINS0_7IStreamEEEvRT_RS5_[_ZN3ros13serialization10SerializerIN3pcl10PointCloudINS2_11PointXYZRGBEEEE4readINS0_7IStreamEEEvRT_RS5_]+0x46b): undefined reference to `ros::serialization::throwStreamOverrun()'
object_cloud_node.cpp:(.text._ZN3ros13serialization10SerializerIN3pcl10PointCloudINS2_11PointXYZRGBEEEE4readINS0_7IStreamEEEvRT_RS5_[_ZN3ros13serialization10SerializerIN3pcl10PointCloudINS2_11PointXYZRGBEEEE4readINS0_7IStreamEEEvRT_RS5_]+0x517): undefined reference to `ros::serialization::throwStreamOverrun()'
CMakeFiles/object_cloud_node.dir/src/object_cloud_node.cpp.o: In function `void ros::serialization::Serializer<unsigned int>::read<ros::serialization::IStream>(ros::serialization::IStream&, unsigned int&)':
object_cloud_node.cpp:(.text._ZN3ros13serialization10SerializerIjE4readINS0_7IStreamEEEvRT_Rj[_ZN3ros13serialization10SerializerIjE4readINS0_7IStreamEEEvRT_Rj]+0x53): undefined reference to `ros::serialization::throwStreamOverrun()'
CMakeFiles/object_cloud_node.dir/src/object_cloud_node.cpp.o: In function `void ros::serialization::Serializer<unsigned char>::read<ros::serialization::IStream>(ros::serialization::IStream&, unsigned char&)':
object_cloud_node.cpp:(.text._ZN3ros13serialization10SerializerIhE4readINS0_7IStreamEEEvRT_Rh[_ZN3ros13serialization10SerializerIhE4readINS0_7IStreamEEEvRT_Rh]+0x53): undefined reference to `ros::serialization::throwStreamOverrun()'
CMakeFiles/object_cloud_node.dir/src/object_cloud_node.cpp.o: In function `void pcl::detail::FieldMapper<pcl::PointXYZRGB>::operator()<pcl::fields::x>()':
object_cloud_node.cpp:(.text._ZN3pcl6detail11FieldMapperINS_11PointXYZRGBEEclINS_6fields1xEEEvv[_ZN3pcl6detail11FieldMapperINS_11PointXYZRGBEEclINS_6fields1xEEEvv]+0x2a3): undefined reference to `pcl::console::print(pcl::console::VERBOSITY_LEVEL, char const*, ...)'
CMakeFiles/object_cloud_node.dir/src/object_cloud_node.cpp.o: In function `void pcl::detail::FieldMapper<pcl::PointXYZRGB>::operator()<pcl::fields::y>()':
object_cloud_node.cpp:(.text._ZN3pcl6detail11FieldMapperINS_11PointXYZRGBEEclINS_6fields1yEEEvv[_ZN3pcl6detail11FieldMapperINS_11PointXYZRGBEEclINS_6fields1yEEEvv]+0x2a3): undefined reference to `pcl::console::print(pcl::console::VERBOSITY_LEVEL, char const*, ...)'
CMakeFiles/object_cloud_node.dir/src/object_cloud_node.cpp.o: In function `void ros::serialization::Serializer<std::string>::read<ros::serialization::IStream>(ros::serialization::IStream&, std::string&)':
object_cloud_node.cpp:(.text._ZN3ros13serialization10SerializerISsE4readINS0_7IStreamEEEvRT_RSs[_ZN3ros13serialization10SerializerISsE4readINS0_7IStreamEEEvRT_RSs]+0x8a): undefined reference to `ros::serialization::throwStreamOverrun()'
CMakeFiles/object_cloud_node.dir/src/object_cloud_node.cpp.o: In function `void pcl::detail::FieldMapper<pcl::PointXYZRGB>::operator()<pcl::fields::z>()':
object_cloud_node.cpp:(.text._ZN3pcl6detail11FieldMapperINS_11PointXYZRGBEEclINS_6fields1zEEEvv[_ZN3pcl6detail11FieldMapperINS_11PointXYZRGBEEclINS_6fields1zEEEvv]+0x2a3): undefined reference to `pcl::console::print(pcl::console::VERBOSITY_LEVEL, char const*, ...)'
CMakeFiles/object_cloud_node.dir/src/object_cloud_node.cpp.o: In function `void pcl::detail::FieldMapper<pcl::PointXYZRGB>::operator()<pcl::fields::rgb>()':
object_cloud_node.cpp:(.text._ZN3pcl6detail11FieldMapperINS_11PointXYZRGBEEclINS_6fields3rgbEEEvv[_ZN3pcl6detail11FieldMapperINS_11PointXYZRGBEEclINS_6fields3rgbEEEvv]+0x2a3): undefined reference to `pcl::console::print(pcl::console::VERBOSITY_LEVEL, char const*, ...)'
CMakeFiles/object_cloud_node.dir/src/object_cloud_node.cpp.o: In function `void ros::serialization::Serializer<int>::read<ros::serialization::IStream>(ros::serialization::IStream&, int&)':
object_cloud_node.cpp:(.text._ZN3ros13serialization10SerializerIiE4readINS0_7IStreamEEEvRT_Ri[_ZN3ros13serialization10SerializerIiE4readINS0_7IStreamEEEvRT_Ri]+0x53): undefined reference to `ros::serialization::throwStreamOverrun()'
CMakeFiles/object_cloud_node.dir/src/object_cloud_node.cpp.o: In function `void ros::serialization::Serializer<float>::read<ros::serialization::IStream>(ros::serialization::IStream&, float&)':
object_cloud_node.cpp:(.text._ZN3ros13serialization10SerializerIfE4readINS0_7IStreamEEEvRT_Rf[_ZN3ros13serialization10SerializerIfE4readINS0_7IStreamEEEvRT_Rf]+0x53): undefined reference to `ros::serialization::throwStreamOverrun()'
CMakeFiles/object_cloud_node.dir/src/object_cloud_node.cpp.o: In function `void ros::serialization::Serializer<double>::read<ros::serialization::IStream>(ros::serialization::IStream&, double&)':
object_cloud_node.cpp:(.text._ZN3ros13serialization10SerializerIdE4readINS0_7IStreamEEEvRT_Rd[_ZN3ros13serialization10SerializerIdE4readINS0_7IStreamEEEvRT_Rd]+0x53): undefined reference to `ros::serialization::throwStreamOverrun()'
CMakeFiles/object_cloud_node.dir/src/object_cloud_node.cpp.o: In function `void ros::serialization::VectorSerializer<unsigned char, std::allocator<unsigned char>, void>::read<ros::serialization::IStream>(ros::serialization::IStream&, std::vector<unsigned char, std::allocator<unsigned char> >&)':
object_cloud_node.cpp:(.text._ZN3ros13serialization16VectorSerializerIhSaIhEvE4readINS0_7IStreamEEEvRT_RSt6vectorIhS2_E[_ZN3ros13serialization16VectorSerializerIhSaIhEvE4readINS0_7IStreamEEEvRT_RSt6vectorIhS2_E]+0xa2): undefined reference to `ros::serialization::throwStreamOverrun()'
collect2: error: ld returned 1 exit status
make[2]: *** [/home/dan/dan_ws/devel/.private/object_cloud/lib/object_cloud/object_cloud_node] Error 1
make[1]: *** [CMakeFiles/object_cloud_node.dir/all] Error 2
make: *** [all] Error 2
