CMakeFiles/sub.dir/src/object_detect_sub_node.cpp.o: In function `callBack(boost::shared_ptr<cob_perception_msgs::DetectionArray_<std::allocator<void> > const> const&)':
object_detect_sub_node.cpp:(.text+0x12): undefined reference to `ros::console::g_initialized'
object_detect_sub_node.cpp:(.text+0x22): undefined reference to `ros::console::initialize()'
object_detect_sub_node.cpp:(.text+0x6b): undefined reference to `ros::console::initializeLogLocation(ros::console::LogLocation*, std::string const&, ros::console::levels::Level)'
object_detect_sub_node.cpp:(.text+0xa6): undefined reference to `ros::console::setLogLocationLevel(ros::console::LogLocation*, ros::console::levels::Level)'
object_detect_sub_node.cpp:(.text+0xb0): undefined reference to `ros::console::checkLogLocationEnabled(ros::console::LogLocation*)'
object_detect_sub_node.cpp:(.text+0x183): undefined reference to `ros::console::print(ros::console::FilterBase*, void*, ros::console::levels::Level, char const*, int, char const*, char const*, ...)'
CMakeFiles/sub.dir/src/object_detect_sub_node.cpp.o: In function `main':
object_detect_sub_node.cpp:(.text+0x21e): undefined reference to `ros::init(int&, char**, std::string const&, unsigned int)'
object_detect_sub_node.cpp:(.text+0x27a): undefined reference to `ros::NodeHandle::NodeHandle(std::string const&, std::map<std::string, std::string, std::less<std::string>, std::allocator<std::pair<std::string const, std::string> > > const&)'
object_detect_sub_node.cpp:(.text+0x351): undefined reference to `ros::spinOnce()'
object_detect_sub_node.cpp:(.text+0x356): undefined reference to `ros::ok()'
object_detect_sub_node.cpp:(.text+0x36e): undefined reference to `ros::Subscriber::~Subscriber()'
object_detect_sub_node.cpp:(.text+0x37d): undefined reference to `ros::NodeHandle::~NodeHandle()'
object_detect_sub_node.cpp:(.text+0x3db): undefined reference to `ros::NodeHandle::~NodeHandle()'
object_detect_sub_node.cpp:(.text+0x40c): undefined reference to `ros::NodeHandle::~NodeHandle()'
object_detect_sub_node.cpp:(.text+0x43d): undefined reference to `ros::Subscriber::~Subscriber()'
object_detect_sub_node.cpp:(.text+0x474): undefined reference to `ros::Subscriber::~Subscriber()'
object_detect_sub_node.cpp:(.text+0x488): undefined reference to `ros::Subscriber::~Subscriber()'
object_detect_sub_node.cpp:(.text+0x49c): undefined reference to `ros::NodeHandle::~NodeHandle()'
CMakeFiles/sub.dir/src/object_detect_sub_node.cpp.o: In function `ros::Subscriber ros::NodeHandle::subscribe<cob_perception_msgs::DetectionArray_<std::allocator<void> > >(std::string const&, unsigned int, void (*)(boost::shared_ptr<cob_perception_msgs::DetectionArray_<std::allocator<void> > const> const&), ros::TransportHints const&)':
object_detect_sub_node.cpp:(.text._ZN3ros10NodeHandle9subscribeIN19cob_perception_msgs15DetectionArray_ISaIvEEEEENS_10SubscriberERKSsjPFvRKN5boost10shared_ptrIKT_EEERKNS_14TransportHintsE[_ZN3ros10NodeHandle9subscribeIN19cob_perception_msgs15DetectionArray_ISaIvEEEEENS_10SubscriberERKSsjPFvRKN5boost10shared_ptrIKT_EEERKNS_14TransportHintsE]+0xfd): undefined reference to `ros::NodeHandle::subscribe(ros::SubscribeOptions&)'
CMakeFiles/sub.dir/src/object_detect_sub_node.cpp.o: In function `ros::SubscriptionCallbackHelperT<boost::shared_ptr<cob_perception_msgs::DetectionArray_<std::allocator<void> > const> const&, void>::deserialize(ros::SubscriptionCallbackHelperDeserializeParams const&)':
object_detect_sub_node.cpp:(.text._ZN3ros27SubscriptionCallbackHelperTIRKN5boost10shared_ptrIKN19cob_perception_msgs15DetectionArray_ISaIvEEEEEvE11deserializeERKNS_43SubscriptionCallbackHelperDeserializeParamsE[_ZN3ros27SubscriptionCallbackHelperTIRKN5boost10shared_ptrIKN19cob_perception_msgs15DetectionArray_ISaIvEEEEEvE11deserializeERKNS_43SubscriptionCallbackHelperDeserializeParamsE]+0x49): undefined reference to `ros::console::g_initialized'
object_detect_sub_node.cpp:(.text._ZN3ros27SubscriptionCallbackHelperTIRKN5boost10shared_ptrIKN19cob_perception_msgs15DetectionArray_ISaIvEEEEEvE11deserializeERKNS_43SubscriptionCallbackHelperDeserializeParamsE[_ZN3ros27SubscriptionCallbackHelperTIRKN5boost10shared_ptrIKN19cob_perception_msgs15DetectionArray_ISaIvEEEEEvE11deserializeERKNS_43SubscriptionCallbackHelperDeserializeParamsE]+0x59): undefined reference to `ros::console::initialize()'
object_detect_sub_node.cpp:(.text._ZN3ros27SubscriptionCallbackHelperTIRKN5boost10shared_ptrIKN19cob_perception_msgs15DetectionArray_ISaIvEEEEEvE11deserializeERKNS_43SubscriptionCallbackHelperDeserializeParamsE[_ZN3ros27SubscriptionCallbackHelperTIRKN5boost10shared_ptrIKN19cob_perception_msgs15DetectionArray_ISaIvEEEEEvE11deserializeERKNS_43SubscriptionCallbackHelperDeserializeParamsE]+0xa2): undefined reference to `ros::console::initializeLogLocation(ros::console::LogLocation*, std::string const&, ros::console::levels::Level)'
object_detect_sub_node.cpp:(.text._ZN3ros27SubscriptionCallbackHelperTIRKN5boost10shared_ptrIKN19cob_perception_msgs15DetectionArray_ISaIvEEEEEvE11deserializeERKNS_43SubscriptionCallbackHelperDeserializeParamsE[_ZN3ros27SubscriptionCallbackHelperTIRKN5boost10shared_ptrIKN19cob_perception_msgs15DetectionArray_ISaIvEEEEEvE11deserializeERKNS_43SubscriptionCallbackHelperDeserializeParamsE]+0xdc): undefined reference to `ros::console::setLogLocationLevel(ros::console::LogLocation*, ros::console::levels::Level)'
object_detect_sub_node.cpp:(.text._ZN3ros27SubscriptionCallbackHelperTIRKN5boost10shared_ptrIKN19cob_perception_msgs15DetectionArray_ISaIvEEEEEvE11deserializeERKNS_43SubscriptionCallbackHelperDeserializeParamsE[_ZN3ros27SubscriptionCallbackHelperTIRKN5boost10shared_ptrIKN19cob_perception_msgs15DetectionArray_ISaIvEEEEEvE11deserializeERKNS_43SubscriptionCallbackHelperDeserializeParamsE]+0xe6): undefined reference to `ros::console::checkLogLocationEnabled(ros::console::LogLocation*)'
object_detect_sub_node.cpp:(.text._ZN3ros27SubscriptionCallbackHelperTIRKN5boost10shared_ptrIKN19cob_perception_msgs15DetectionArray_ISaIvEEEEEvE11deserializeERKNS_43SubscriptionCallbackHelperDeserializeParamsE[_ZN3ros27SubscriptionCallbackHelperTIRKN5boost10shared_ptrIKN19cob_perception_msgs15DetectionArray_ISaIvEEEEEvE11deserializeERKNS_43SubscriptionCallbackHelperDeserializeParamsE]+0x152): undefined reference to `ros::console::print(ros::console::FilterBase*, void*, ros::console::levels::Level, char const*, int, char const*, char const*, ...)'
CMakeFiles/sub.dir/src/object_detect_sub_node.cpp.o: In function `void ros::serialization::Serializer<unsigned int>::read<ros::serialization::IStream>(ros::serialization::IStream&, unsigned int&)':
object_detect_sub_node.cpp:(.text._ZN3ros13serialization10SerializerIjE4readINS0_7IStreamEEEvRT_Rj[_ZN3ros13serialization10SerializerIjE4readINS0_7IStreamEEEvRT_Rj]+0x53): undefined reference to `ros::serialization::throwStreamOverrun()'
CMakeFiles/sub.dir/src/object_detect_sub_node.cpp.o: In function `void ros::serialization::Serializer<std::string>::read<ros::serialization::IStream>(ros::serialization::IStream&, std::string&)':
object_detect_sub_node.cpp:(.text._ZN3ros13serialization10SerializerISsE4readINS0_7IStreamEEEvRT_RSs[_ZN3ros13serialization10SerializerISsE4readINS0_7IStreamEEEvRT_RSs]+0x8a): undefined reference to `ros::serialization::throwStreamOverrun()'
CMakeFiles/sub.dir/src/object_detect_sub_node.cpp.o: In function `void ros::serialization::Serializer<int>::read<ros::serialization::IStream>(ros::serialization::IStream&, int&)':
object_detect_sub_node.cpp:(.text._ZN3ros13serialization10SerializerIiE4readINS0_7IStreamEEEvRT_Ri[_ZN3ros13serialization10SerializerIiE4readINS0_7IStreamEEEvRT_Ri]+0x53): undefined reference to `ros::serialization::throwStreamOverrun()'
CMakeFiles/sub.dir/src/object_detect_sub_node.cpp.o: In function `void ros::serialization::Serializer<float>::read<ros::serialization::IStream>(ros::serialization::IStream&, float&)':
object_detect_sub_node.cpp:(.text._ZN3ros13serialization10SerializerIfE4readINS0_7IStreamEEEvRT_Rf[_ZN3ros13serialization10SerializerIfE4readINS0_7IStreamEEEvRT_Rf]+0x53): undefined reference to `ros::serialization::throwStreamOverrun()'
CMakeFiles/sub.dir/src/object_detect_sub_node.cpp.o: In function `void ros::serialization::Serializer<double>::read<ros::serialization::IStream>(ros::serialization::IStream&, double&)':
object_detect_sub_node.cpp:(.text._ZN3ros13serialization10SerializerIdE4readINS0_7IStreamEEEvRT_Rd[_ZN3ros13serialization10SerializerIdE4readINS0_7IStreamEEEvRT_Rd]+0x53): undefined reference to `ros::serialization::throwStreamOverrun()'
CMakeFiles/sub.dir/src/object_detect_sub_node.cpp.o:object_detect_sub_node.cpp:(.text._ZN3ros13serialization10SerializerIhE4readINS0_7IStreamEEEvRT_Rh[_ZN3ros13serialization10SerializerIhE4readINS0_7IStreamEEEvRT_Rh]+0x53): more undefined references to `ros::serialization::throwStreamOverrun()' follow
collect2: error: ld returned 1 exit status
make[2]: *** [/home/dan/dan_ws/devel/.private/object_detection_sub2/lib/object_detection_sub2/sub] Error 1
make[1]: *** [CMakeFiles/sub.dir/all] Error 2
make: *** [all] Error 2
